INFO: [COSIM-47] Using XSIM for RTL simulation.
INFO: [COSIM-14] Instrumenting C test bench ...
   Build using "D:/Xilinx/Vitis_HLS/2023.2/tps/win64/msys64/mingw64/bin/g++"
   Compiling fir_test.cpp_pre.cpp.tb.cpp
   Compiling apatb_fir.cpp
   Compiling fir.cpp_pre.cpp.tb.cpp
   Compiling apatb_fir_ir.ll
   Generating cosim.tv.exe
INFO: [COSIM-302] Starting C TB testing ... 
INFO: [COSIM-333] Generating C post check test bench ...
INFO: [COSIM-12] Generating RTL test bench ...
INFO: [COSIM-1] *** C/RTL co-simulation file generation completed. ***
INFO: [COSIM-323] Starting verilog simulation. 
INFO: [COSIM-15] Starting XSIM ...
INFO: [COSIM-316] Starting C post checking ...
0 100 5300
1 -2 -106
2 -100 -14400
3 13 871
4 97 45541
5 -36 46283
6 -86 -14385
7 66 -39783
8 59 7414
9 -93 30548
10 -10 -6056
11 98 -21242
12 -52 8576
13 -61 12863
14 97 -8323
15 -17 -6699
16 -81 6547
17 90 3859
18 -6 -5325
19 -82 -2297
20 92 6132
21 -21 -557
22 -66 -5684
23 100 5029
24 -59 1309
25 -22 -5596
26 86 3818
27 -97 820
28 52 -2885
29 18 2260
30 -77 -480
31 100 -798
32 -81 -721
33 32 1171
34 25 -1082
35 -72 -633
36 97 3238
37 -97 -4552
38 75 3383
39 -40 -1459
40 0 -1349
41 37 3592
42 -66 -4730
43 87 4111
44 -97 -3162
45 100 1455
46 -97 -156
47 90 -19
48 -81 990
49 72 170
50 -63 -684
51 57 1483
52 -52 -2408
53 50 3180
54 -51 -3357
55 54 4299
56 -59 -3751
57 66 4293
58 -75 -4405
59 84 4127
60 -92 -4088
61 98 4081
62 -100 -3985
63 95 3303
64 -81 -2798
65 58 2251
66 -25 -1352
67 -13 296
68 52 275
69 -84 -346
70 100 614
71 -92 902
72 59 -1951
73 -6 3450
74 -51 -4514
75 91 4538
76 -97 -2790
77 61 733
78 6 2305
79 -72 -4342
80 100 3861
81 -70 -2412
82 -6 367
83 79 1515
84 -97 -1293
85 41 -190
86 51 265
87 -100 571
88 59 -3035
89 40 2834
90 -100 1279
91 54 -4644
92 52 4795
93 -99 1015
94 25 -6022
95 82 4050
96 -81 2742
97 -32 -6183
98 100 -501
99 -18 6343
100 -92 -536
101 54 -8479
102 75 2775
103 -75 12752
104 -59 -7752
105 85 -16144
106 51 16358
107 -87 18523
108 -52 -26217
109 82 -19975
110 63 36366
111 -70 23389
112 -81 -44495
113 44 -30573
114 97 49187
115 -3 43515
116 -97 -47167
117 -50 -63088
118 66 30844
119 93 81528
120 0 3204
121 -92 -86142
122 -75 -51798
123 26 58814
124 97 93092
125 69 5995
126 -25 -90774
127 -95 -80585
128 -81 21366
129 -2 100075
130 77 75313
131 98 -22504
132 52 -97731
133 -26 -86058
134 -86 -4126
135 -98 78022
136 -59 100122
137 6 52919
138 66 -26075
139 98 -86188
140 92 -96166
141 57 -56633
142 6 7719
143 -44 65573
144 -81 94426
145 -99 87532
146 -97 52271
147 -79 3291
148 -52 -44278
149 -21 -79176
150 10 -95622
151 37 -93317
152 59 -76231
153 75 -50015
154 86 -19923
155 93 10054
156 97 37003
157 99 59064
158 100 75692
159 100 87395
160 100 95140
161 100 99932
162 100 102662
163 99 103946
164 97 104372
165 93 104440
166 86 104372
167 75 103946
168 59 102662
169 37 99932
170 10 95140
171 -21 87395
172 -52 75692
173 -79 59064
174 -97 37003
175 -99 10054
176 -81 -19923
177 -44 -50015
178 6 -76231
179 57 -93317
180 92 -95622
181 98 -79176
182 66 -44278
183 6 3291
184 -59 52271
185 -98 87532
186 -86 94426
187 -26 65573
188 52 7719
189 98 -56633
190 77 -96166
191 -2 -86188
192 -81 -26075
193 -95 52919
194 -25 100122
195 69 78022
196 97 -4126
197 26 -86058
198 -75 -97731
199 -92 -22504
200 0 75313
201 93 100075
202 66 21366
203 -50 -80585
204 -97 -90774
205 -3 5995
206 97 93092
207 44 58814
208 -81 -51798
209 -70 -86142
210 63 3204
211 82 81528
212 -52 30844
213 -87 -63088
214 51 -47167
215 85 43515
216 -59 49187
217 -75 -30573
218 75 -44495
219 54 23389
220 -92 36366
221 -18 -19975
222 100 -26217
223 -32 18523
224 -81 16358
225 82 -16144
226 25 -7752
227 -99 12752
228 52 2775
229 54 -8479
230 -100 -536
231 40 6343
232 59 -501
233 -100 -6183
234 51 2742
235 41 4050
236 -97 -6022
237 79 1015
238 -6 4795
239 -70 -4644
240 100 1279
241 -72 2834
242 6 -3035
243 61 571
244 -97 265
245 91 -190
246 -51 -1293
247 -6 1515
248 59 367
249 -92 -2412
250 100 3861
251 -84 -4342
252 52 2305
253 -13 733
254 -25 -2790
255 58 4538
256 -81 -4514
257 95 3450
258 -100 -1951
259 98 902
260 -92 614
261 84 -346
262 -75 275
263 66 296
264 -59 -1352
265 54 2251
266 -51 -2798
267 50 3303
268 -52 -3985
269 57 4081
270 -63 -4088
271 72 4127
272 -81 -4405
273 90 4293
274 -97 -3751
275 100 4299
276 -97 -3357
277 87 3180
278 -66 -2408
279 37 1483
280 0 -684
281 -40 170
282 75 990
283 -97 -19
284 97 -156
285 -72 1455
286 25 -3162
287 32 4111
288 -81 -4730
289 100 3592
290 -77 -1349
291 18 -1459
292 52 3383
293 -97 -4552
294 86 3238
295 -22 -633
296 -59 -1082
297 100 1171
298 -66 -721
299 -21 -798
300 92 -480
301 -82 2260
302 -6 -2885
303 90 820
304 -81 3818
305 -17 -5596
306 97 1309
307 -61 5029
308 -52 -5684
309 98 -557
310 -10 6132
311 -93 -2297
312 59 -5325
313 66 3859
314 -86 6547
315 -36 -6699
316 97 -8323
317 13 12863
318 -100 8576
319 -2 -21242
320 100 -6056
321 2 30654
322 -100 2114
323 -13 -40654
324 97 -144
325 36 50000
326 -86 1856
327 -66 -59346
328 59 -10886
329 93 66346
330 -10 29944
331 -98 -64758
332 -52 -57424
333 61 46137
334 97 84677
335 17 -3301
336 -81 -91453
337 -90 -55859
338 -6 55675
339 82 99297
340 92 23132
341 21 -80443
342 -66 -95684
343 -100 -11029
344 -59 83309
345 22 97596
346 86 24818
347 97 -66820
348 52 -102885
349 -18 -61260
350 -77 21520
351 -100 86798
352 -81 96279
353 -32 50829
354 25 -19082
355 72 -76367
356 97 -96762
357 97 -76448
358 75 -28617
359 40 26459
360 0 70651
361 -37 93408
362 -66 92270
363 -87 70889
364 -97 36838
365 -100 -1455
366 -97 -37156
367 -90 -65981
368 -81 -86010
369 -72 -97170
370 -63 -100684
371 -57 -98483
372 -52 -92408
373 -50 -84180
374 -51 -75357
375 -54 -67299
376 -59 -60751
377 -66 -56293
378 -75 -54405
379 -84 -55127
380 -92 -58088
381 -98 -63081
382 -100 -69985
383 -95 -78303
384 -81 -86798
385 -58 -94251
386 -25 -99352
387 13 -100296
388 52 -94725
389 84 -80654
390 100 -57386
391 92 -25902
392 59 11049
393 6 48550
394 -51 79486
395 -91 95462
396 -97 89210
397 -61 58267
398 6 8305
399 72 -46658
400 100 -87139
401 70 -94588
402 -6 -60633
403 -79 4485
404 -97 70707
405 -41 100190
406 51 70265
407 100 -6571
408 59 -82035
409 -40 -99834
410 -100 -39721
411 -54 55644
412 52 104795
413 99 57985
414 25 -46022
415 -82 -104050
416 -81 -51258
417 32 58183
418 100 98499
419 18 18657
420 -92 -82536
421 -54 -72521
422 75 34775
423 75 87248
424 -59 10248
425 -85 -75856
426 51 -37642
427 87 56477
428 -52 48783
429 -82 -39025
430 63 -48634
431 70 27611
432 -81 42505
433 -44 -21427
434 97 -32813
435 3 19485
436 -97 22833
437 50 -17912
438 66 -13156
439 -93 15472
440 0 6204
441 92 -10858
442 -75 -1798
443 -26 7186
444 97 92
445 -69 -5995
446 -25 1226
447 95 5585
448 -81 -4634
449 2 -3075
450 77 6313
451 -98 -2496
452 52 -2731
453 26 5058
454 -86 -2126
455 98 -1022
456 -59 2122
457 -6 -919
458 66 -75
459 -98 188
460 92 1834
461 -57 -2367
462 6 1719
463 44 427
464 -81 -3574
465 99 4468
466 -97 -4729
467 79 2709
468 -52 -278
469 21 -1824
470 10 3378
471 -37 -3683
472 59 2769
473 -75 -1985
474 86 1077
475 -93 -54
476 97 3
477 -99 -64
478 100 692
479 -100 -1395
480 100 2140
481 -100 -2932
482 100 3662
483 -99 -3946
484 97 4372
485 -93 -4440
486 86 4372
487 -75 -3946
488 59 3662
489 -37 -2932
490 10 2140
491 21 -1395
492 -52 692
493 79 -64
494 -97 3
495 99 -54
496 -81 1077
497 44 -1985
498 6 2769
499 -57 -3683
500 92 3378
501 -98 -1824
502 66 -278
503 -6 2709
504 -59 -4729
505 98 4468
506 -86 -3574
507 26 427
508 52 1719
509 -98 -2367
510 77 1834
511 2 188
512 -81 -75
513 95 -919
514 -25 2122
515 -69 -1022
516 97 -2126
517 -26 5058
518 -75 -2731
519 92 -2496
520 0 6313
521 -93 -3075
522 66 -4634
523 50 5585
524 -97 1226
525 3 -5995
526 97 92
527 -44 7186
528 -81 -1798
529 70 -10858
530 63 6204
531 -82 15472
532 -52 -13156
533 87 -17912
534 51 22833
535 -85 19485
536 -59 -32813
537 75 -21427
538 75 42505
539 -54 27611
540 -92 -48634
541 18 -39025
542 100 48783
543 32 56477
544 -81 -37642
545 -82 -75856
546 25 10248
547 99 87248
548 52 34775
549 -54 -72521
550 -100 -82536
551 -40 18657
552 59 98499
553 100 58183
554 51 -51258
555 -41 -104050
556 -97 -46022
557 -79 57985
558 -6 104795
559 70 55644
560 100 -39721
561 72 -99834
562 6 -82035
563 -61 -6571
564 -97 70265
565 -91 100190
566 -51 70707
567 6 4485
568 59 -60633
569 92 -94588
570 100 -87139
571 84 -46658
572 52 8305
573 13 58267
574 -25 89210
575 -58 95462
576 -81 79486
577 -95 48550
578 -100 11049
579 -98 -25902
580 -92 -57386
581 -84 -80654
582 -75 -94725
583 -66 -100296
584 -59 -99352
585 -54 -94251
586 -51 -86798
587 -50 -78303
588 -52 -69985
589 -57 -63081
590 -63 -58088
591 -72 -55127
592 -81 -54405
593 -90 -56293
594 -97 -60751
595 -100 -67299
596 -97 -75357
597 -87 -84180
598 -66 -92408
599 -37 -98483
Comparing against output data 
*******************************************
PASS: The output matches the golden output!
*******************************************

D:\code\pp4fpga\project1\fir11\solution1\sim\verilog>set PATH= 

D:\code\pp4fpga\project1\fir11\solution1\sim\verilog>call D:/Xilinx/Vivado/2023.2/bin/xelab xil_defaultlib.apatb_fir_top glbl -Oenable_linking_all_libraries  -prj fir.prj -L smartconnect_v1_0 -L axi_protocol_checker_v1_1_12 -L axi_protocol_checker_v1_1_13 -L axis_protocol_checker_v1_1_11 -L axis_protocol_checker_v1_1_12 -L xil_defaultlib -L unisims_ver -L xpm  -L floating_point_v7_1_16 -L floating_point_v7_0_21 --lib "ieee_proposed=./ieee_proposed" -s fir  
ECHO 处于关闭状态。
ECHO 处于关闭状态。
Vivado Simulator v2023.2
Copyright 1986-2022 Xilinx, Inc. All Rights Reserved.
Copyright 2022-2023 Advanced Micro Devices, Inc. All Rights Reserved.
Running: D:/Xilinx/Vivado/2023.2/bin/unwrapped/win64.o/xelab.exe xil_defaultlib.apatb_fir_top glbl -Oenable_linking_all_libraries -prj fir.prj -L smartconnect_v1_0 -L axi_protocol_checker_v1_1_12 -L axi_protocol_checker_v1_1_13 -L axis_protocol_checker_v1_1_11 -L axis_protocol_checker_v1_1_12 -L xil_defaultlib -L unisims_ver -L xpm -L floating_point_v7_1_16 -L floating_point_v7_0_21 --lib ieee_proposed=./ieee_proposed -s fir 
Multi-threading is on. Using 10 slave threads.
INFO: [VRFC 10-2263] Analyzing SystemVerilog file "D:/code/pp4fpga/project1/fir11/solution1/sim/verilog/glbl.v" into library work
INFO: [VRFC 10-311] analyzing module glbl
INFO: [VRFC 10-2263] Analyzing SystemVerilog file "D:/code/pp4fpga/project1/fir11/solution1/sim/verilog/fir.autotb.v" into library xil_defaultlib
INFO: [VRFC 10-311] analyzing module apatb_fir_top
INFO: [VRFC 10-2263] Analyzing SystemVerilog file "D:/code/pp4fpga/project1/fir11/solution1/sim/verilog/fir.v" into library xil_defaultlib
INFO: [VRFC 10-311] analyzing module fir
INFO: [VRFC 10-2263] Analyzing SystemVerilog file "D:/code/pp4fpga/project1/fir11/solution1/sim/verilog/fir_fir_Pipeline_VITIS_LOOP_26_1.v" into library xil_defaultlib
INFO: [VRFC 10-311] analyzing module fir_fir_Pipeline_VITIS_LOOP_26_1
INFO: [VRFC 10-2263] Analyzing SystemVerilog file "D:/code/pp4fpga/project1/fir11/solution1/sim/verilog/fir_fir_Pipeline_VITIS_LOOP_28_2.v" into library xil_defaultlib
INFO: [VRFC 10-311] analyzing module fir_fir_Pipeline_VITIS_LOOP_28_2
INFO: [VRFC 10-2263] Analyzing SystemVerilog file "D:/code/pp4fpga/project1/fir11/solution1/sim/verilog/fir_fir_Pipeline_VITIS_LOOP_28_2_fir_int_int_c_ROM_AUTO_1R.v" into library xil_defaultlib
INFO: [VRFC 10-311] analyzing module fir_fir_Pipeline_VITIS_LOOP_28_2_fir_int_int_c_ROM_AUTO_1R
INFO: [VRFC 10-2263] Analyzing SystemVerilog file "D:/code/pp4fpga/project1/fir11/solution1/sim/verilog/fir_flow_control_loop_pipe_sequential_init.v" into library xil_defaultlib
INFO: [VRFC 10-311] analyzing module fir_flow_control_loop_pipe_sequential_init
INFO: [VRFC 10-2263] Analyzing SystemVerilog file "D:/code/pp4fpga/project1/fir11/solution1/sim/verilog/fir_mul_11s_32s_32_2_1.v" into library xil_defaultlib
INFO: [VRFC 10-311] analyzing module fir_mul_11s_32s_32_2_1
INFO: [VRFC 10-2263] Analyzing SystemVerilog file "D:/code/pp4fpga/project1/fir11/solution1/sim/verilog/fir_tmp_RAM_AUTO_1R1W.v" into library xil_defaultlib
INFO: [VRFC 10-311] analyzing module fir_tmp_RAM_AUTO_1R1W
INFO: [VRFC 10-2263] Analyzing SystemVerilog file "D:/code/pp4fpga/project1/fir11/solution1/sim/verilog/dataflow_monitor.sv" into library xil_defaultlib
INFO: [VRFC 10-311] analyzing module dataflow_monitor
Starting static elaboration
Pass Through NonSizing Optimizer
Completed static elaboration
Starting simulation data flow analysis
Completed simulation data flow analysis
Time Resolution for simulation is 1ps
Compiling package xil_defaultlib.$unit_dataflow_monitor_sv
Compiling module xil_defaultlib.fir_tmp_RAM_AUTO_1R1W
Compiling module xil_defaultlib.fir_flow_control_loop_pipe_seque...
Compiling module xil_defaultlib.fir_fir_Pipeline_VITIS_LOOP_26_1
Compiling module xil_defaultlib.fir_fir_Pipeline_VITIS_LOOP_28_2...
Compiling module xil_defaultlib.fir_mul_11s_32s_32_2_1(NUM_STAGE...
Compiling module xil_defaultlib.fir_fir_Pipeline_VITIS_LOOP_28_2
Compiling module xil_defaultlib.fir
Compiling module xil_defaultlib.nodf_module_intf
Compiling module xil_defaultlib.upc_loop_intf(FSM_WIDTH=1)
Compiling module xil_defaultlib.dataflow_monitor_1
Compiling module xil_defaultlib.apatb_fir_top
Compiling module work.glbl
Built simulation snapshot fir
ECHO 处于关闭状态。
ECHO 处于关闭状态。

****** xsim v2023.2 (64-bit)
  **** SW Build 4029153 on Fri Oct 13 20:14:34 MDT 2023
  **** IP Build 4028589 on Sat Oct 14 00:45:43 MDT 2023
  **** SharedData Build 4025554 on Tue Oct 10 17:18:54 MDT 2023
    ** Copyright 1986-2022 Xilinx, Inc. All Rights Reserved.
    ** Copyright 2022-2023 Advanced Micro Devices, Inc. All Rights Reserved.

source xsim.dir/fir/xsim_script.tcl
# xsim {fir} -autoloadwcfg -tclbatch {fir.tcl}
Time resolution is 1 ps
source fir.tcl
## run all
////////////////////////////////////////////////////////////////////////////////////
// Inter-Transaction Progress: Completed Transaction / Total Transaction
// Intra-Transaction Progress: Measured Latency / Latency Estimation * 100%
//
// RTL Simulation : "Inter-Transaction Progress" ["Intra-Transaction Progress"] @ "Simulation Time"
////////////////////////////////////////////////////////////////////////////////////
// RTL Simulation : 0 / 600 [0.00%] @ "125000"
// RTL Simulation : 1 / 600 [100.00%] @ "435000"
// RTL Simulation : 2 / 600 [100.00%] @ "735000"
// RTL Simulation : 3 / 600 [100.00%] @ "1035000"
// RTL Simulation : 4 / 600 [100.00%] @ "1335000"
// RTL Simulation : 5 / 600 [100.00%] @ "1635000"
// RTL Simulation : 6 / 600 [100.00%] @ "1935000"
// RTL Simulation : 7 / 600 [100.00%] @ "2235000"
// RTL Simulation : 8 / 600 [100.00%] @ "2535000"
// RTL Simulation : 9 / 600 [100.00%] @ "2835000"
// RTL Simulation : 10 / 600 [100.00%] @ "3135000"
// RTL Simulation : 11 / 600 [100.00%] @ "3435000"
// RTL Simulation : 12 / 600 [100.00%] @ "3735000"
// RTL Simulation : 13 / 600 [100.00%] @ "4035000"
// RTL Simulation : 14 / 600 [100.00%] @ "4335000"
// RTL Simulation : 15 / 600 [100.00%] @ "4635000"
// RTL Simulation : 16 / 600 [100.00%] @ "4935000"
// RTL Simulation : 17 / 600 [100.00%] @ "5235000"
// RTL Simulation : 18 / 600 [100.00%] @ "5535000"
// RTL Simulation : 19 / 600 [100.00%] @ "5835000"
// RTL Simulation : 20 / 600 [100.00%] @ "6135000"
// RTL Simulation : 21 / 600 [100.00%] @ "6435000"
// RTL Simulation : 22 / 600 [100.00%] @ "6735000"
// RTL Simulation : 23 / 600 [100.00%] @ "7035000"
// RTL Simulation : 24 / 600 [100.00%] @ "7335000"
// RTL Simulation : 25 / 600 [100.00%] @ "7635000"
// RTL Simulation : 26 / 600 [100.00%] @ "7935000"
// RTL Simulation : 27 / 600 [100.00%] @ "8235000"
// RTL Simulation : 28 / 600 [100.00%] @ "8535000"
// RTL Simulation : 29 / 600 [100.00%] @ "8835000"
// RTL Simulation : 30 / 600 [100.00%] @ "9135000"
// RTL Simulation : 31 / 600 [100.00%] @ "9435000"
// RTL Simulation : 32 / 600 [100.00%] @ "9735000"
// RTL Simulation : 33 / 600 [100.00%] @ "10035000"
// RTL Simulation : 34 / 600 [100.00%] @ "10335000"
// RTL Simulation : 35 / 600 [100.00%] @ "10635000"
// RTL Simulation : 36 / 600 [100.00%] @ "10935000"
// RTL Simulation : 37 / 600 [100.00%] @ "11235000"
// RTL Simulation : 38 / 600 [100.00%] @ "11535000"
// RTL Simulation : 39 / 600 [100.00%] @ "11835000"
// RTL Simulation : 40 / 600 [100.00%] @ "12135000"
// RTL Simulation : 41 / 600 [100.00%] @ "12435000"
// RTL Simulation : 42 / 600 [100.00%] @ "12735000"
// RTL Simulation : 43 / 600 [100.00%] @ "13035000"
// RTL Simulation : 44 / 600 [100.00%] @ "13335000"
// RTL Simulation : 45 / 600 [100.00%] @ "13635000"
// RTL Simulation : 46 / 600 [100.00%] @ "13935000"
// RTL Simulation : 47 / 600 [100.00%] @ "14235000"
// RTL Simulation : 48 / 600 [100.00%] @ "14535000"
// RTL Simulation : 49 / 600 [100.00%] @ "14835000"
// RTL Simulation : 50 / 600 [100.00%] @ "15135000"
// RTL Simulation : 51 / 600 [100.00%] @ "15435000"
// RTL Simulation : 52 / 600 [100.00%] @ "15735000"
// RTL Simulation : 53 / 600 [100.00%] @ "16035000"
// RTL Simulation : 54 / 600 [100.00%] @ "16335000"
// RTL Simulation : 55 / 600 [100.00%] @ "16635000"
// RTL Simulation : 56 / 600 [100.00%] @ "16935000"
// RTL Simulation : 57 / 600 [100.00%] @ "17235000"
// RTL Simulation : 58 / 600 [100.00%] @ "17535000"
// RTL Simulation : 59 / 600 [100.00%] @ "17835000"
// RTL Simulation : 60 / 600 [100.00%] @ "18135000"
// RTL Simulation : 61 / 600 [100.00%] @ "18435000"
// RTL Simulation : 62 / 600 [100.00%] @ "18735000"
// RTL Simulation : 63 / 600 [100.00%] @ "19035000"
// RTL Simulation : 64 / 600 [100.00%] @ "19335000"
// RTL Simulation : 65 / 600 [100.00%] @ "19635000"
// RTL Simulation : 66 / 600 [100.00%] @ "19935000"
// RTL Simulation : 67 / 600 [100.00%] @ "20235000"
// RTL Simulation : 68 / 600 [100.00%] @ "20535000"
// RTL Simulation : 69 / 600 [100.00%] @ "20835000"
// RTL Simulation : 70 / 600 [100.00%] @ "21135000"
// RTL Simulation : 71 / 600 [100.00%] @ "21435000"
// RTL Simulation : 72 / 600 [100.00%] @ "21735000"
// RTL Simulation : 73 / 600 [100.00%] @ "22035000"
// RTL Simulation : 74 / 600 [100.00%] @ "22335000"
// RTL Simulation : 75 / 600 [100.00%] @ "22635000"
// RTL Simulation : 76 / 600 [100.00%] @ "22935000"
// RTL Simulation : 77 / 600 [100.00%] @ "23235000"
// RTL Simulation : 78 / 600 [100.00%] @ "23535000"
// RTL Simulation : 79 / 600 [100.00%] @ "23835000"
// RTL Simulation : 80 / 600 [100.00%] @ "24135000"
// RTL Simulation : 81 / 600 [100.00%] @ "24435000"
// RTL Simulation : 82 / 600 [100.00%] @ "24735000"
// RTL Simulation : 83 / 600 [100.00%] @ "25035000"
// RTL Simulation : 84 / 600 [100.00%] @ "25335000"
// RTL Simulation : 85 / 600 [100.00%] @ "25635000"
// RTL Simulation : 86 / 600 [100.00%] @ "25935000"
// RTL Simulation : 87 / 600 [100.00%] @ "26235000"
// RTL Simulation : 88 / 600 [100.00%] @ "26535000"
// RTL Simulation : 89 / 600 [100.00%] @ "26835000"
// RTL Simulation : 90 / 600 [100.00%] @ "27135000"
// RTL Simulation : 91 / 600 [100.00%] @ "27435000"
// RTL Simulation : 92 / 600 [100.00%] @ "27735000"
// RTL Simulation : 93 / 600 [100.00%] @ "28035000"
// RTL Simulation : 94 / 600 [100.00%] @ "28335000"
// RTL Simulation : 95 / 600 [100.00%] @ "28635000"
// RTL Simulation : 96 / 600 [100.00%] @ "28935000"
// RTL Simulation : 97 / 600 [100.00%] @ "29235000"
// RTL Simulation : 98 / 600 [100.00%] @ "29535000"
// RTL Simulation : 99 / 600 [100.00%] @ "29835000"
// RTL Simulation : 100 / 600 [100.00%] @ "30135000"
// RTL Simulation : 101 / 600 [100.00%] @ "30435000"
// RTL Simulation : 102 / 600 [100.00%] @ "30735000"
// RTL Simulation : 103 / 600 [100.00%] @ "31035000"
// RTL Simulation : 104 / 600 [100.00%] @ "31335000"
// RTL Simulation : 105 / 600 [100.00%] @ "31635000"
// RTL Simulation : 106 / 600 [100.00%] @ "31935000"
// RTL Simulation : 107 / 600 [100.00%] @ "32235000"
// RTL Simulation : 108 / 600 [100.00%] @ "32535000"
// RTL Simulation : 109 / 600 [100.00%] @ "32835000"
// RTL Simulation : 110 / 600 [100.00%] @ "33135000"
// RTL Simulation : 111 / 600 [100.00%] @ "33435000"
// RTL Simulation : 112 / 600 [100.00%] @ "33735000"
// RTL Simulation : 113 / 600 [100.00%] @ "34035000"
// RTL Simulation : 114 / 600 [100.00%] @ "34335000"
// RTL Simulation : 115 / 600 [100.00%] @ "34635000"
// RTL Simulation : 116 / 600 [100.00%] @ "34935000"
// RTL Simulation : 117 / 600 [100.00%] @ "35235000"
// RTL Simulation : 118 / 600 [100.00%] @ "35535000"
// RTL Simulation : 119 / 600 [100.00%] @ "35835000"
// RTL Simulation : 120 / 600 [100.00%] @ "36135000"
// RTL Simulation : 121 / 600 [100.00%] @ "36435000"
// RTL Simulation : 122 / 600 [100.00%] @ "36735000"
// RTL Simulation : 123 / 600 [100.00%] @ "37035000"
// RTL Simulation : 124 / 600 [100.00%] @ "37335000"
// RTL Simulation : 125 / 600 [100.00%] @ "37635000"
// RTL Simulation : 126 / 600 [100.00%] @ "37935000"
// RTL Simulation : 127 / 600 [100.00%] @ "38235000"
// RTL Simulation : 128 / 600 [100.00%] @ "38535000"
// RTL Simulation : 129 / 600 [100.00%] @ "38835000"
// RTL Simulation : 130 / 600 [100.00%] @ "39135000"
// RTL Simulation : 131 / 600 [100.00%] @ "39435000"
// RTL Simulation : 132 / 600 [100.00%] @ "39735000"
// RTL Simulation : 133 / 600 [100.00%] @ "40035000"
// RTL Simulation : 134 / 600 [100.00%] @ "40335000"
// RTL Simulation : 135 / 600 [100.00%] @ "40635000"
// RTL Simulation : 136 / 600 [100.00%] @ "40935000"
// RTL Simulation : 137 / 600 [100.00%] @ "41235000"
// RTL Simulation : 138 / 600 [100.00%] @ "41535000"
// RTL Simulation : 139 / 600 [100.00%] @ "41835000"
// RTL Simulation : 140 / 600 [100.00%] @ "42135000"
// RTL Simulation : 141 / 600 [100.00%] @ "42435000"
// RTL Simulation : 142 / 600 [100.00%] @ "42735000"
// RTL Simulation : 143 / 600 [100.00%] @ "43035000"
// RTL Simulation : 144 / 600 [100.00%] @ "43335000"
// RTL Simulation : 145 / 600 [100.00%] @ "43635000"
// RTL Simulation : 146 / 600 [100.00%] @ "43935000"
// RTL Simulation : 147 / 600 [100.00%] @ "44235000"
// RTL Simulation : 148 / 600 [100.00%] @ "44535000"
// RTL Simulation : 149 / 600 [100.00%] @ "44835000"
// RTL Simulation : 150 / 600 [100.00%] @ "45135000"
// RTL Simulation : 151 / 600 [100.00%] @ "45435000"
// RTL Simulation : 152 / 600 [100.00%] @ "45735000"
// RTL Simulation : 153 / 600 [100.00%] @ "46035000"
// RTL Simulation : 154 / 600 [100.00%] @ "46335000"
// RTL Simulation : 155 / 600 [100.00%] @ "46635000"
// RTL Simulation : 156 / 600 [100.00%] @ "46935000"
// RTL Simulation : 157 / 600 [100.00%] @ "47235000"
// RTL Simulation : 158 / 600 [100.00%] @ "47535000"
// RTL Simulation : 159 / 600 [100.00%] @ "47835000"
// RTL Simulation : 160 / 600 [100.00%] @ "48135000"
// RTL Simulation : 161 / 600 [100.00%] @ "48435000"
// RTL Simulation : 162 / 600 [100.00%] @ "48735000"
// RTL Simulation : 163 / 600 [100.00%] @ "49035000"
// RTL Simulation : 164 / 600 [100.00%] @ "49335000"
// RTL Simulation : 165 / 600 [100.00%] @ "49635000"
// RTL Simulation : 166 / 600 [100.00%] @ "49935000"
// RTL Simulation : 167 / 600 [100.00%] @ "50235000"
// RTL Simulation : 168 / 600 [100.00%] @ "50535000"
// RTL Simulation : 169 / 600 [100.00%] @ "50835000"
// RTL Simulation : 170 / 600 [100.00%] @ "51135000"
// RTL Simulation : 171 / 600 [100.00%] @ "51435000"
// RTL Simulation : 172 / 600 [100.00%] @ "51735000"
// RTL Simulation : 173 / 600 [100.00%] @ "52035000"
// RTL Simulation : 174 / 600 [100.00%] @ "52335000"
// RTL Simulation : 175 / 600 [100.00%] @ "52635000"
// RTL Simulation : 176 / 600 [100.00%] @ "52935000"
// RTL Simulation : 177 / 600 [100.00%] @ "53235000"
// RTL Simulation : 178 / 600 [100.00%] @ "53535000"
// RTL Simulation : 179 / 600 [100.00%] @ "53835000"
// RTL Simulation : 180 / 600 [100.00%] @ "54135000"
// RTL Simulation : 181 / 600 [100.00%] @ "54435000"
// RTL Simulation : 182 / 600 [100.00%] @ "54735000"
// RTL Simulation : 183 / 600 [100.00%] @ "55035000"
// RTL Simulation : 184 / 600 [100.00%] @ "55335000"
// RTL Simulation : 185 / 600 [100.00%] @ "55635000"
// RTL Simulation : 186 / 600 [100.00%] @ "55935000"
// RTL Simulation : 187 / 600 [100.00%] @ "56235000"
// RTL Simulation : 188 / 600 [100.00%] @ "56535000"
// RTL Simulation : 189 / 600 [100.00%] @ "56835000"
// RTL Simulation : 190 / 600 [100.00%] @ "57135000"
// RTL Simulation : 191 / 600 [100.00%] @ "57435000"
// RTL Simulation : 192 / 600 [100.00%] @ "57735000"
// RTL Simulation : 193 / 600 [100.00%] @ "58035000"
// RTL Simulation : 194 / 600 [100.00%] @ "58335000"
// RTL Simulation : 195 / 600 [100.00%] @ "58635000"
// RTL Simulation : 196 / 600 [100.00%] @ "58935000"
// RTL Simulation : 197 / 600 [100.00%] @ "59235000"
// RTL Simulation : 198 / 600 [100.00%] @ "59535000"
// RTL Simulation : 199 / 600 [100.00%] @ "59835000"
// RTL Simulation : 200 / 600 [100.00%] @ "60135000"
// RTL Simulation : 201 / 600 [100.00%] @ "60435000"
// RTL Simulation : 202 / 600 [100.00%] @ "60735000"
// RTL Simulation : 203 / 600 [100.00%] @ "61035000"
// RTL Simulation : 204 / 600 [100.00%] @ "61335000"
// RTL Simulation : 205 / 600 [100.00%] @ "61635000"
// RTL Simulation : 206 / 600 [100.00%] @ "61935000"
// RTL Simulation : 207 / 600 [100.00%] @ "62235000"
// RTL Simulation : 208 / 600 [100.00%] @ "62535000"
// RTL Simulation : 209 / 600 [100.00%] @ "62835000"
// RTL Simulation : 210 / 600 [100.00%] @ "63135000"
// RTL Simulation : 211 / 600 [100.00%] @ "63435000"
// RTL Simulation : 212 / 600 [100.00%] @ "63735000"
// RTL Simulation : 213 / 600 [100.00%] @ "64035000"
// RTL Simulation : 214 / 600 [100.00%] @ "64335000"
// RTL Simulation : 215 / 600 [100.00%] @ "64635000"
// RTL Simulation : 216 / 600 [100.00%] @ "64935000"
// RTL Simulation : 217 / 600 [100.00%] @ "65235000"
// RTL Simulation : 218 / 600 [100.00%] @ "65535000"
// RTL Simulation : 219 / 600 [100.00%] @ "65835000"
// RTL Simulation : 220 / 600 [100.00%] @ "66135000"
// RTL Simulation : 221 / 600 [100.00%] @ "66435000"
// RTL Simulation : 222 / 600 [100.00%] @ "66735000"
// RTL Simulation : 223 / 600 [100.00%] @ "67035000"
// RTL Simulation : 224 / 600 [100.00%] @ "67335000"
// RTL Simulation : 225 / 600 [100.00%] @ "67635000"
// RTL Simulation : 226 / 600 [100.00%] @ "67935000"
// RTL Simulation : 227 / 600 [100.00%] @ "68235000"
// RTL Simulation : 228 / 600 [100.00%] @ "68535000"
// RTL Simulation : 229 / 600 [100.00%] @ "68835000"
// RTL Simulation : 230 / 600 [100.00%] @ "69135000"
// RTL Simulation : 231 / 600 [100.00%] @ "69435000"
// RTL Simulation : 232 / 600 [100.00%] @ "69735000"
// RTL Simulation : 233 / 600 [100.00%] @ "70035000"
// RTL Simulation : 234 / 600 [100.00%] @ "70335000"
// RTL Simulation : 235 / 600 [100.00%] @ "70635000"
// RTL Simulation : 236 / 600 [100.00%] @ "70935000"
// RTL Simulation : 237 / 600 [100.00%] @ "71235000"
// RTL Simulation : 238 / 600 [100.00%] @ "71535000"
// RTL Simulation : 239 / 600 [100.00%] @ "71835000"
// RTL Simulation : 240 / 600 [100.00%] @ "72135000"
// RTL Simulation : 241 / 600 [100.00%] @ "72435000"
// RTL Simulation : 242 / 600 [100.00%] @ "72735000"
// RTL Simulation : 243 / 600 [100.00%] @ "73035000"
// RTL Simulation : 244 / 600 [100.00%] @ "73335000"
// RTL Simulation : 245 / 600 [100.00%] @ "73635000"
// RTL Simulation : 246 / 600 [100.00%] @ "73935000"
// RTL Simulation : 247 / 600 [100.00%] @ "74235000"
// RTL Simulation : 248 / 600 [100.00%] @ "74535000"
// RTL Simulation : 249 / 600 [100.00%] @ "74835000"
// RTL Simulation : 250 / 600 [100.00%] @ "75135000"
// RTL Simulation : 251 / 600 [100.00%] @ "75435000"
// RTL Simulation : 252 / 600 [100.00%] @ "75735000"
// RTL Simulation : 253 / 600 [100.00%] @ "76035000"
// RTL Simulation : 254 / 600 [100.00%] @ "76335000"
// RTL Simulation : 255 / 600 [100.00%] @ "76635000"
// RTL Simulation : 256 / 600 [100.00%] @ "76935000"
// RTL Simulation : 257 / 600 [100.00%] @ "77235000"
// RTL Simulation : 258 / 600 [100.00%] @ "77535000"
// RTL Simulation : 259 / 600 [100.00%] @ "77835000"
// RTL Simulation : 260 / 600 [100.00%] @ "78135000"
// RTL Simulation : 261 / 600 [100.00%] @ "78435000"
// RTL Simulation : 262 / 600 [100.00%] @ "78735000"
// RTL Simulation : 263 / 600 [100.00%] @ "79035000"
// RTL Simulation : 264 / 600 [100.00%] @ "79335000"
// RTL Simulation : 265 / 600 [100.00%] @ "79635000"
// RTL Simulation : 266 / 600 [100.00%] @ "79935000"
// RTL Simulation : 267 / 600 [100.00%] @ "80235000"
// RTL Simulation : 268 / 600 [100.00%] @ "80535000"
// RTL Simulation : 269 / 600 [100.00%] @ "80835000"
// RTL Simulation : 270 / 600 [100.00%] @ "81135000"
// RTL Simulation : 271 / 600 [100.00%] @ "81435000"
// RTL Simulation : 272 / 600 [100.00%] @ "81735000"
// RTL Simulation : 273 / 600 [100.00%] @ "82035000"
// RTL Simulation : 274 / 600 [100.00%] @ "82335000"
// RTL Simulation : 275 / 600 [100.00%] @ "82635000"
// RTL Simulation : 276 / 600 [100.00%] @ "82935000"
// RTL Simulation : 277 / 600 [100.00%] @ "83235000"
// RTL Simulation : 278 / 600 [100.00%] @ "83535000"
// RTL Simulation : 279 / 600 [100.00%] @ "83835000"
// RTL Simulation : 280 / 600 [100.00%] @ "84135000"
// RTL Simulation : 281 / 600 [100.00%] @ "84435000"
// RTL Simulation : 282 / 600 [100.00%] @ "84735000"
// RTL Simulation : 283 / 600 [100.00%] @ "85035000"
// RTL Simulation : 284 / 600 [100.00%] @ "85335000"
// RTL Simulation : 285 / 600 [100.00%] @ "85635000"
// RTL Simulation : 286 / 600 [100.00%] @ "85935000"
// RTL Simulation : 287 / 600 [100.00%] @ "86235000"
// RTL Simulation : 288 / 600 [100.00%] @ "86535000"
// RTL Simulation : 289 / 600 [100.00%] @ "86835000"
// RTL Simulation : 290 / 600 [100.00%] @ "87135000"
// RTL Simulation : 291 / 600 [100.00%] @ "87435000"
// RTL Simulation : 292 / 600 [100.00%] @ "87735000"
// RTL Simulation : 293 / 600 [100.00%] @ "88035000"
// RTL Simulation : 294 / 600 [100.00%] @ "88335000"
// RTL Simulation : 295 / 600 [100.00%] @ "88635000"
// RTL Simulation : 296 / 600 [100.00%] @ "88935000"
// RTL Simulation : 297 / 600 [100.00%] @ "89235000"
// RTL Simulation : 298 / 600 [100.00%] @ "89535000"
// RTL Simulation : 299 / 600 [100.00%] @ "89835000"
// RTL Simulation : 300 / 600 [100.00%] @ "90135000"
// RTL Simulation : 301 / 600 [100.00%] @ "90435000"
// RTL Simulation : 302 / 600 [100.00%] @ "90735000"
// RTL Simulation : 303 / 600 [100.00%] @ "91035000"
// RTL Simulation : 304 / 600 [100.00%] @ "91335000"
// RTL Simulation : 305 / 600 [100.00%] @ "91635000"
// RTL Simulation : 306 / 600 [100.00%] @ "91935000"
// RTL Simulation : 307 / 600 [100.00%] @ "92235000"
// RTL Simulation : 308 / 600 [100.00%] @ "92535000"
// RTL Simulation : 309 / 600 [100.00%] @ "92835000"
// RTL Simulation : 310 / 600 [100.00%] @ "93135000"
// RTL Simulation : 311 / 600 [100.00%] @ "93435000"
// RTL Simulation : 312 / 600 [100.00%] @ "93735000"
// RTL Simulation : 313 / 600 [100.00%] @ "94035000"
// RTL Simulation : 314 / 600 [100.00%] @ "94335000"
// RTL Simulation : 315 / 600 [100.00%] @ "94635000"
// RTL Simulation : 316 / 600 [100.00%] @ "94935000"
// RTL Simulation : 317 / 600 [100.00%] @ "95235000"
// RTL Simulation : 318 / 600 [100.00%] @ "95535000"
// RTL Simulation : 319 / 600 [100.00%] @ "95835000"
// RTL Simulation : 320 / 600 [100.00%] @ "96135000"
// RTL Simulation : 321 / 600 [100.00%] @ "96435000"
// RTL Simulation : 322 / 600 [100.00%] @ "96735000"
// RTL Simulation : 323 / 600 [100.00%] @ "97035000"
// RTL Simulation : 324 / 600 [100.00%] @ "97335000"
// RTL Simulation : 325 / 600 [100.00%] @ "97635000"
// RTL Simulation : 326 / 600 [100.00%] @ "97935000"
// RTL Simulation : 327 / 600 [100.00%] @ "98235000"
// RTL Simulation : 328 / 600 [100.00%] @ "98535000"
// RTL Simulation : 329 / 600 [100.00%] @ "98835000"
// RTL Simulation : 330 / 600 [100.00%] @ "99135000"
// RTL Simulation : 331 / 600 [100.00%] @ "99435000"
// RTL Simulation : 332 / 600 [100.00%] @ "99735000"
// RTL Simulation : 333 / 600 [100.00%] @ "100035000"
// RTL Simulation : 334 / 600 [100.00%] @ "100335000"
// RTL Simulation : 335 / 600 [100.00%] @ "100635000"
// RTL Simulation : 336 / 600 [100.00%] @ "100935000"
// RTL Simulation : 337 / 600 [100.00%] @ "101235000"
// RTL Simulation : 338 / 600 [100.00%] @ "101535000"
// RTL Simulation : 339 / 600 [100.00%] @ "101835000"
// RTL Simulation : 340 / 600 [100.00%] @ "102135000"
// RTL Simulation : 341 / 600 [100.00%] @ "102435000"
// RTL Simulation : 342 / 600 [100.00%] @ "102735000"
// RTL Simulation : 343 / 600 [100.00%] @ "103035000"
// RTL Simulation : 344 / 600 [100.00%] @ "103335000"
// RTL Simulation : 345 / 600 [100.00%] @ "103635000"
// RTL Simulation : 346 / 600 [100.00%] @ "103935000"
// RTL Simulation : 347 / 600 [100.00%] @ "104235000"
// RTL Simulation : 348 / 600 [100.00%] @ "104535000"
// RTL Simulation : 349 / 600 [100.00%] @ "104835000"
// RTL Simulation : 350 / 600 [100.00%] @ "105135000"
// RTL Simulation : 351 / 600 [100.00%] @ "105435000"
// RTL Simulation : 352 / 600 [100.00%] @ "105735000"
// RTL Simulation : 353 / 600 [100.00%] @ "106035000"
// RTL Simulation : 354 / 600 [100.00%] @ "106335000"
// RTL Simulation : 355 / 600 [100.00%] @ "106635000"
// RTL Simulation : 356 / 600 [100.00%] @ "106935000"
// RTL Simulation : 357 / 600 [100.00%] @ "107235000"
// RTL Simulation : 358 / 600 [100.00%] @ "107535000"
// RTL Simulation : 359 / 600 [100.00%] @ "107835000"
// RTL Simulation : 360 / 600 [100.00%] @ "108135000"
// RTL Simulation : 361 / 600 [100.00%] @ "108435000"
// RTL Simulation : 362 / 600 [100.00%] @ "108735000"
// RTL Simulation : 363 / 600 [100.00%] @ "109035000"
// RTL Simulation : 364 / 600 [100.00%] @ "109335000"
// RTL Simulation : 365 / 600 [100.00%] @ "109635000"
// RTL Simulation : 366 / 600 [100.00%] @ "109935000"
// RTL Simulation : 367 / 600 [100.00%] @ "110235000"
// RTL Simulation : 368 / 600 [100.00%] @ "110535000"
// RTL Simulation : 369 / 600 [100.00%] @ "110835000"
// RTL Simulation : 370 / 600 [100.00%] @ "111135000"
// RTL Simulation : 371 / 600 [100.00%] @ "111435000"
// RTL Simulation : 372 / 600 [100.00%] @ "111735000"
// RTL Simulation : 373 / 600 [100.00%] @ "112035000"
// RTL Simulation : 374 / 600 [100.00%] @ "112335000"
// RTL Simulation : 375 / 600 [100.00%] @ "112635000"
// RTL Simulation : 376 / 600 [100.00%] @ "112935000"
// RTL Simulation : 377 / 600 [100.00%] @ "113235000"
// RTL Simulation : 378 / 600 [100.00%] @ "113535000"
// RTL Simulation : 379 / 600 [100.00%] @ "113835000"
// RTL Simulation : 380 / 600 [100.00%] @ "114135000"
// RTL Simulation : 381 / 600 [100.00%] @ "114435000"
// RTL Simulation : 382 / 600 [100.00%] @ "114735000"
// RTL Simulation : 383 / 600 [100.00%] @ "115035000"
// RTL Simulation : 384 / 600 [100.00%] @ "115335000"
// RTL Simulation : 385 / 600 [100.00%] @ "115635000"
// RTL Simulation : 386 / 600 [100.00%] @ "115935000"
// RTL Simulation : 387 / 600 [100.00%] @ "116235000"
// RTL Simulation : 388 / 600 [100.00%] @ "116535000"
// RTL Simulation : 389 / 600 [100.00%] @ "116835000"
// RTL Simulation : 390 / 600 [100.00%] @ "117135000"
// RTL Simulation : 391 / 600 [100.00%] @ "117435000"
// RTL Simulation : 392 / 600 [100.00%] @ "117735000"
// RTL Simulation : 393 / 600 [100.00%] @ "118035000"
// RTL Simulation : 394 / 600 [100.00%] @ "118335000"
// RTL Simulation : 395 / 600 [100.00%] @ "118635000"
// RTL Simulation : 396 / 600 [100.00%] @ "118935000"
// RTL Simulation : 397 / 600 [100.00%] @ "119235000"
// RTL Simulation : 398 / 600 [100.00%] @ "119535000"
// RTL Simulation : 399 / 600 [100.00%] @ "119835000"
// RTL Simulation : 400 / 600 [100.00%] @ "120135000"
// RTL Simulation : 401 / 600 [100.00%] @ "120435000"
// RTL Simulation : 402 / 600 [100.00%] @ "120735000"
// RTL Simulation : 403 / 600 [100.00%] @ "121035000"
// RTL Simulation : 404 / 600 [100.00%] @ "121335000"
// RTL Simulation : 405 / 600 [100.00%] @ "121635000"
// RTL Simulation : 406 / 600 [100.00%] @ "121935000"
// RTL Simulation : 407 / 600 [100.00%] @ "122235000"
// RTL Simulation : 408 / 600 [100.00%] @ "122535000"
// RTL Simulation : 409 / 600 [100.00%] @ "122835000"
// RTL Simulation : 410 / 600 [100.00%] @ "123135000"
// RTL Simulation : 411 / 600 [100.00%] @ "123435000"
// RTL Simulation : 412 / 600 [100.00%] @ "123735000"
// RTL Simulation : 413 / 600 [100.00%] @ "124035000"
// RTL Simulation : 414 / 600 [100.00%] @ "124335000"
// RTL Simulation : 415 / 600 [100.00%] @ "124635000"
// RTL Simulation : 416 / 600 [100.00%] @ "124935000"
// RTL Simulation : 417 / 600 [100.00%] @ "125235000"
// RTL Simulation : 418 / 600 [100.00%] @ "125535000"
// RTL Simulation : 419 / 600 [100.00%] @ "125835000"
// RTL Simulation : 420 / 600 [100.00%] @ "126135000"
// RTL Simulation : 421 / 600 [100.00%] @ "126435000"
// RTL Simulation : 422 / 600 [100.00%] @ "126735000"
// RTL Simulation : 423 / 600 [100.00%] @ "127035000"
// RTL Simulation : 424 / 600 [100.00%] @ "127335000"
// RTL Simulation : 425 / 600 [100.00%] @ "127635000"
// RTL Simulation : 426 / 600 [100.00%] @ "127935000"
// RTL Simulation : 427 / 600 [100.00%] @ "128235000"
// RTL Simulation : 428 / 600 [100.00%] @ "128535000"
// RTL Simulation : 429 / 600 [100.00%] @ "128835000"
// RTL Simulation : 430 / 600 [100.00%] @ "129135000"
// RTL Simulation : 431 / 600 [100.00%] @ "129435000"
// RTL Simulation : 432 / 600 [100.00%] @ "129735000"
// RTL Simulation : 433 / 600 [100.00%] @ "130035000"
// RTL Simulation : 434 / 600 [100.00%] @ "130335000"
// RTL Simulation : 435 / 600 [100.00%] @ "130635000"
// RTL Simulation : 436 / 600 [100.00%] @ "130935000"
// RTL Simulation : 437 / 600 [100.00%] @ "131235000"
// RTL Simulation : 438 / 600 [100.00%] @ "131535000"
// RTL Simulation : 439 / 600 [100.00%] @ "131835000"
// RTL Simulation : 440 / 600 [100.00%] @ "132135000"
// RTL Simulation : 441 / 600 [100.00%] @ "132435000"
// RTL Simulation : 442 / 600 [100.00%] @ "132735000"
// RTL Simulation : 443 / 600 [100.00%] @ "133035000"
// RTL Simulation : 444 / 600 [100.00%] @ "133335000"
// RTL Simulation : 445 / 600 [100.00%] @ "133635000"
// RTL Simulation : 446 / 600 [100.00%] @ "133935000"
// RTL Simulation : 447 / 600 [100.00%] @ "134235000"
// RTL Simulation : 448 / 600 [100.00%] @ "134535000"
// RTL Simulation : 449 / 600 [100.00%] @ "134835000"
// RTL Simulation : 450 / 600 [100.00%] @ "135135000"
// RTL Simulation : 451 / 600 [100.00%] @ "135435000"
// RTL Simulation : 452 / 600 [100.00%] @ "135735000"
// RTL Simulation : 453 / 600 [100.00%] @ "136035000"
// RTL Simulation : 454 / 600 [100.00%] @ "136335000"
// RTL Simulation : 455 / 600 [100.00%] @ "136635000"
// RTL Simulation : 456 / 600 [100.00%] @ "136935000"
// RTL Simulation : 457 / 600 [100.00%] @ "137235000"
// RTL Simulation : 458 / 600 [100.00%] @ "137535000"
// RTL Simulation : 459 / 600 [100.00%] @ "137835000"
// RTL Simulation : 460 / 600 [100.00%] @ "138135000"
// RTL Simulation : 461 / 600 [100.00%] @ "138435000"
// RTL Simulation : 462 / 600 [100.00%] @ "138735000"
// RTL Simulation : 463 / 600 [100.00%] @ "139035000"
// RTL Simulation : 464 / 600 [100.00%] @ "139335000"
// RTL Simulation : 465 / 600 [100.00%] @ "139635000"
// RTL Simulation : 466 / 600 [100.00%] @ "139935000"
// RTL Simulation : 467 / 600 [100.00%] @ "140235000"
// RTL Simulation : 468 / 600 [100.00%] @ "140535000"
// RTL Simulation : 469 / 600 [100.00%] @ "140835000"
// RTL Simulation : 470 / 600 [100.00%] @ "141135000"
// RTL Simulation : 471 / 600 [100.00%] @ "141435000"
// RTL Simulation : 472 / 600 [100.00%] @ "141735000"
// RTL Simulation : 473 / 600 [100.00%] @ "142035000"
// RTL Simulation : 474 / 600 [100.00%] @ "142335000"
// RTL Simulation : 475 / 600 [100.00%] @ "142635000"
// RTL Simulation : 476 / 600 [100.00%] @ "142935000"
// RTL Simulation : 477 / 600 [100.00%] @ "143235000"
// RTL Simulation : 478 / 600 [100.00%] @ "143535000"
// RTL Simulation : 479 / 600 [100.00%] @ "143835000"
// RTL Simulation : 480 / 600 [100.00%] @ "144135000"
// RTL Simulation : 481 / 600 [100.00%] @ "144435000"
// RTL Simulation : 482 / 600 [100.00%] @ "144735000"
// RTL Simulation : 483 / 600 [100.00%] @ "145035000"
// RTL Simulation : 484 / 600 [100.00%] @ "145335000"
// RTL Simulation : 485 / 600 [100.00%] @ "145635000"
// RTL Simulation : 486 / 600 [100.00%] @ "145935000"
// RTL Simulation : 487 / 600 [100.00%] @ "146235000"
// RTL Simulation : 488 / 600 [100.00%] @ "146535000"
// RTL Simulation : 489 / 600 [100.00%] @ "146835000"
// RTL Simulation : 490 / 600 [100.00%] @ "147135000"
// RTL Simulation : 491 / 600 [100.00%] @ "147435000"
// RTL Simulation : 492 / 600 [100.00%] @ "147735000"
// RTL Simulation : 493 / 600 [100.00%] @ "148035000"
// RTL Simulation : 494 / 600 [100.00%] @ "148335000"
// RTL Simulation : 495 / 600 [100.00%] @ "148635000"
// RTL Simulation : 496 / 600 [100.00%] @ "148935000"
// RTL Simulation : 497 / 600 [100.00%] @ "149235000"
// RTL Simulation : 498 / 600 [100.00%] @ "149535000"
// RTL Simulation : 499 / 600 [100.00%] @ "149835000"
// RTL Simulation : 500 / 600 [100.00%] @ "150135000"
// RTL Simulation : 501 / 600 [100.00%] @ "150435000"
// RTL Simulation : 502 / 600 [100.00%] @ "150735000"
// RTL Simulation : 503 / 600 [100.00%] @ "151035000"
// RTL Simulation : 504 / 600 [100.00%] @ "151335000"
// RTL Simulation : 505 / 600 [100.00%] @ "151635000"
// RTL Simulation : 506 / 600 [100.00%] @ "151935000"
// RTL Simulation : 507 / 600 [100.00%] @ "152235000"
// RTL Simulation : 508 / 600 [100.00%] @ "152535000"
// RTL Simulation : 509 / 600 [100.00%] @ "152835000"
// RTL Simulation : 510 / 600 [100.00%] @ "153135000"
// RTL Simulation : 511 / 600 [100.00%] @ "153435000"
// RTL Simulation : 512 / 600 [100.00%] @ "153735000"
// RTL Simulation : 513 / 600 [100.00%] @ "154035000"
// RTL Simulation : 514 / 600 [100.00%] @ "154335000"
// RTL Simulation : 515 / 600 [100.00%] @ "154635000"
// RTL Simulation : 516 / 600 [100.00%] @ "154935000"
// RTL Simulation : 517 / 600 [100.00%] @ "155235000"
// RTL Simulation : 518 / 600 [100.00%] @ "155535000"
// RTL Simulation : 519 / 600 [100.00%] @ "155835000"
// RTL Simulation : 520 / 600 [100.00%] @ "156135000"
// RTL Simulation : 521 / 600 [100.00%] @ "156435000"
// RTL Simulation : 522 / 600 [100.00%] @ "156735000"
// RTL Simulation : 523 / 600 [100.00%] @ "157035000"
// RTL Simulation : 524 / 600 [100.00%] @ "157335000"
// RTL Simulation : 525 / 600 [100.00%] @ "157635000"
// RTL Simulation : 526 / 600 [100.00%] @ "157935000"
// RTL Simulation : 527 / 600 [100.00%] @ "158235000"
// RTL Simulation : 528 / 600 [100.00%] @ "158535000"
// RTL Simulation : 529 / 600 [100.00%] @ "158835000"
// RTL Simulation : 530 / 600 [100.00%] @ "159135000"
// RTL Simulation : 531 / 600 [100.00%] @ "159435000"
// RTL Simulation : 532 / 600 [100.00%] @ "159735000"
// RTL Simulation : 533 / 600 [100.00%] @ "160035000"
// RTL Simulation : 534 / 600 [100.00%] @ "160335000"
// RTL Simulation : 535 / 600 [100.00%] @ "160635000"
// RTL Simulation : 536 / 600 [100.00%] @ "160935000"
// RTL Simulation : 537 / 600 [100.00%] @ "161235000"
// RTL Simulation : 538 / 600 [100.00%] @ "161535000"
// RTL Simulation : 539 / 600 [100.00%] @ "161835000"
// RTL Simulation : 540 / 600 [100.00%] @ "162135000"
// RTL Simulation : 541 / 600 [100.00%] @ "162435000"
// RTL Simulation : 542 / 600 [100.00%] @ "162735000"
// RTL Simulation : 543 / 600 [100.00%] @ "163035000"
// RTL Simulation : 544 / 600 [100.00%] @ "163335000"
// RTL Simulation : 545 / 600 [100.00%] @ "163635000"
// RTL Simulation : 546 / 600 [100.00%] @ "163935000"
// RTL Simulation : 547 / 600 [100.00%] @ "164235000"
// RTL Simulation : 548 / 600 [100.00%] @ "164535000"
// RTL Simulation : 549 / 600 [100.00%] @ "164835000"
// RTL Simulation : 550 / 600 [100.00%] @ "165135000"
// RTL Simulation : 551 / 600 [100.00%] @ "165435000"
// RTL Simulation : 552 / 600 [100.00%] @ "165735000"
// RTL Simulation : 553 / 600 [100.00%] @ "166035000"
// RTL Simulation : 554 / 600 [100.00%] @ "166335000"
// RTL Simulation : 555 / 600 [100.00%] @ "166635000"
// RTL Simulation : 556 / 600 [100.00%] @ "166935000"
// RTL Simulation : 557 / 600 [100.00%] @ "167235000"
// RTL Simulation : 558 / 600 [100.00%] @ "167535000"
// RTL Simulation : 559 / 600 [100.00%] @ "167835000"
// RTL Simulation : 560 / 600 [100.00%] @ "168135000"
// RTL Simulation : 561 / 600 [100.00%] @ "168435000"
// RTL Simulation : 562 / 600 [100.00%] @ "168735000"
// RTL Simulation : 563 / 600 [100.00%] @ "169035000"
// RTL Simulation : 564 / 600 [100.00%] @ "169335000"
// RTL Simulation : 565 / 600 [100.00%] @ "169635000"
// RTL Simulation : 566 / 600 [100.00%] @ "169935000"
// RTL Simulation : 567 / 600 [100.00%] @ "170235000"
// RTL Simulation : 568 / 600 [100.00%] @ "170535000"
// RTL Simulation : 569 / 600 [100.00%] @ "170835000"
// RTL Simulation : 570 / 600 [100.00%] @ "171135000"
// RTL Simulation : 571 / 600 [100.00%] @ "171435000"
// RTL Simulation : 572 / 600 [100.00%] @ "171735000"
// RTL Simulation : 573 / 600 [100.00%] @ "172035000"
// RTL Simulation : 574 / 600 [100.00%] @ "172335000"
// RTL Simulation : 575 / 600 [100.00%] @ "172635000"
// RTL Simulation : 576 / 600 [100.00%] @ "172935000"
// RTL Simulation : 577 / 600 [100.00%] @ "173235000"
// RTL Simulation : 578 / 600 [100.00%] @ "173535000"
// RTL Simulation : 579 / 600 [100.00%] @ "173835000"
// RTL Simulation : 580 / 600 [100.00%] @ "174135000"
// RTL Simulation : 581 / 600 [100.00%] @ "174435000"
// RTL Simulation : 582 / 600 [100.00%] @ "174735000"
// RTL Simulation : 583 / 600 [100.00%] @ "175035000"
// RTL Simulation : 584 / 600 [100.00%] @ "175335000"
// RTL Simulation : 585 / 600 [100.00%] @ "175635000"
// RTL Simulation : 586 / 600 [100.00%] @ "175935000"
// RTL Simulation : 587 / 600 [100.00%] @ "176235000"
// RTL Simulation : 588 / 600 [100.00%] @ "176535000"
// RTL Simulation : 589 / 600 [100.00%] @ "176835000"
// RTL Simulation : 590 / 600 [100.00%] @ "177135000"
// RTL Simulation : 591 / 600 [100.00%] @ "177435000"
// RTL Simulation : 592 / 600 [100.00%] @ "177735000"
// RTL Simulation : 593 / 600 [100.00%] @ "178035000"
// RTL Simulation : 594 / 600 [100.00%] @ "178335000"
// RTL Simulation : 595 / 600 [100.00%] @ "178635000"
// RTL Simulation : 596 / 600 [100.00%] @ "178935000"
// RTL Simulation : 597 / 600 [100.00%] @ "179235000"
// RTL Simulation : 598 / 600 [100.00%] @ "179535000"
// RTL Simulation : 599 / 600 [100.00%] @ "179835000"
// RTL Simulation : 600 / 600 [100.00%] @ "180135000"
////////////////////////////////////////////////////////////////////////////////////
$finish called at time : 180195 ns : File "D:/code/pp4fpga/project1/fir11/solution1/sim/verilog/fir.autotb.v" Line 283
## quit
INFO: [Common 17-206] Exiting xsim at Mon Jan 22 16:42:57 2024...
0 100 5300
1 -2 -106
2 -100 -14400
3 13 871
4 97 45541
5 -36 46283
6 -86 -14385
7 66 -39783
8 59 7414
9 -93 30548
10 -10 -6056
11 98 -21242
12 -52 8576
13 -61 12863
14 97 -8323
15 -17 -6699
16 -81 6547
17 90 3859
18 -6 -5325
19 -82 -2297
20 92 6132
21 -21 -557
22 -66 -5684
23 100 5029
24 -59 1309
25 -22 -5596
26 86 3818
27 -97 820
28 52 -2885
29 18 2260
30 -77 -480
31 100 -798
32 -81 -721
33 32 1171
34 25 -1082
35 -72 -633
36 97 3238
37 -97 -4552
38 75 3383
39 -40 -1459
40 0 -1349
41 37 3592
42 -66 -4730
43 87 4111
44 -97 -3162
45 100 1455
46 -97 -156
47 90 -19
48 -81 990
49 72 170
50 -63 -684
51 57 1483
52 -52 -2408
53 50 3180
54 -51 -3357
55 54 4299
56 -59 -3751
57 66 4293
58 -75 -4405
59 84 4127
60 -92 -4088
61 98 4081
62 -100 -3985
63 95 3303
64 -81 -2798
65 58 2251
66 -25 -1352
67 -13 296
68 52 275
69 -84 -346
70 100 614
71 -92 902
72 59 -1951
73 -6 3450
74 -51 -4514
75 91 4538
76 -97 -2790
77 61 733
78 6 2305
79 -72 -4342
80 100 3861
81 -70 -2412
82 -6 367
83 79 1515
84 -97 -1293
85 41 -190
86 51 265
87 -100 571
88 59 -3035
89 40 2834
90 -100 1279
91 54 -4644
92 52 4795
93 -99 1015
94 25 -6022
95 82 4050
96 -81 2742
97 -32 -6183
98 100 -501
99 -18 6343
100 -92 -536
101 54 -8479
102 75 2775
103 -75 12752
104 -59 -7752
105 85 -16144
106 51 16358
107 -87 18523
108 -52 -26217
109 82 -19975
110 63 36366
111 -70 23389
112 -81 -44495
113 44 -30573
114 97 49187
115 -3 43515
116 -97 -47167
117 -50 -63088
118 66 30844
119 93 81528
120 0 3204
121 -92 -86142
122 -75 -51798
123 26 58814
124 97 93092
125 69 5995
126 -25 -90774
127 -95 -80585
128 -81 21366
129 -2 100075
130 77 75313
131 98 -22504
132 52 -97731
133 -26 -86058
134 -86 -4126
135 -98 78022
136 -59 100122
137 6 52919
138 66 -26075
139 98 -86188
140 92 -96166
141 57 -56633
142 6 7719
143 -44 65573
144 -81 94426
145 -99 87532
146 -97 52271
147 -79 3291
148 -52 -44278
149 -21 -79176
150 10 -95622
151 37 -93317
152 59 -76231
153 75 -50015
154 86 -19923
155 93 10054
156 97 37003
157 99 59064
158 100 75692
159 100 87395
160 100 95140
161 100 99932
162 100 102662
163 99 103946
164 97 104372
165 93 104440
166 86 104372
167 75 103946
168 59 102662
169 37 99932
170 10 95140
171 -21 87395
172 -52 75692
173 -79 59064
174 -97 37003
175 -99 10054
176 -81 -19923
177 -44 -50015
178 6 -76231
179 57 -93317
180 92 -95622
181 98 -79176
182 66 -44278
183 6 3291
184 -59 52271
185 -98 87532
186 -86 94426
187 -26 65573
188 52 7719
189 98 -56633
190 77 -96166
191 -2 -86188
192 -81 -26075
193 -95 52919
194 -25 100122
195 69 78022
196 97 -4126
197 26 -86058
198 -75 -97731
199 -92 -22504
200 0 75313
201 93 100075
202 66 21366
203 -50 -80585
204 -97 -90774
205 -3 5995
206 97 93092
207 44 58814
208 -81 -51798
209 -70 -86142
210 63 3204
211 82 81528
212 -52 30844
213 -87 -63088
214 51 -47167
215 85 43515
216 -59 49187
217 -75 -30573
218 75 -44495
219 54 23389
220 -92 36366
221 -18 -19975
222 100 -26217
223 -32 18523
224 -81 16358
225 82 -16144
226 25 -7752
227 -99 12752
228 52 2775
229 54 -8479
230 -100 -536
231 40 6343
232 59 -501
233 -100 -6183
234 51 2742
235 41 4050
236 -97 -6022
237 79 1015
238 -6 4795
239 -70 -4644
240 100 1279
241 -72 2834
242 6 -3035
243 61 571
244 -97 265
245 91 -190
246 -51 -1293
247 -6 1515
248 59 367
249 -92 -2412
250 100 3861
251 -84 -4342
252 52 2305
253 -13 733
254 -25 -2790
255 58 4538
256 -81 -4514
257 95 3450
258 -100 -1951
259 98 902
260 -92 614
261 84 -346
262 -75 275
263 66 296
264 -59 -1352
265 54 2251
266 -51 -2798
267 50 3303
268 -52 -3985
269 57 4081
270 -63 -4088
271 72 4127
272 -81 -4405
273 90 4293
274 -97 -3751
275 100 4299
276 -97 -3357
277 87 3180
278 -66 -2408
279 37 1483
280 0 -684
281 -40 170
282 75 990
283 -97 -19
284 97 -156
285 -72 1455
286 25 -3162
287 32 4111
288 -81 -4730
289 100 3592
290 -77 -1349
291 18 -1459
292 52 3383
293 -97 -4552
294 86 3238
295 -22 -633
296 -59 -1082
297 100 1171
298 -66 -721
299 -21 -798
300 92 -480
301 -82 2260
302 -6 -2885
303 90 820
304 -81 3818
305 -17 -5596
306 97 1309
307 -61 5029
308 -52 -5684
309 98 -557
310 -10 6132
311 -93 -2297
312 59 -5325
313 66 3859
314 -86 6547
315 -36 -6699
316 97 -8323
317 13 12863
318 -100 8576
319 -2 -21242
320 100 -6056
321 2 30654
322 -100 2114
323 -13 -40654
324 97 -144
325 36 50000
326 -86 1856
327 -66 -59346
328 59 -10886
329 93 66346
330 -10 29944
331 -98 -64758
332 -52 -57424
333 61 46137
334 97 84677
335 17 -3301
336 -81 -91453
337 -90 -55859
338 -6 55675
339 82 99297
340 92 23132
341 21 -80443
342 -66 -95684
343 -100 -11029
344 -59 83309
345 22 97596
346 86 24818
347 97 -66820
348 52 -102885
349 -18 -61260
350 -77 21520
351 -100 86798
352 -81 96279
353 -32 50829
354 25 -19082
355 72 -76367
356 97 -96762
357 97 -76448
358 75 -28617
359 40 26459
360 0 70651
361 -37 93408
362 -66 92270
363 -87 70889
364 -97 36838
365 -100 -1455
366 -97 -37156
367 -90 -65981
368 -81 -86010
369 -72 -97170
370 -63 -100684
371 -57 -98483
372 -52 -92408
373 -50 -84180
374 -51 -75357
375 -54 -67299
376 -59 -60751
377 -66 -56293
378 -75 -54405
379 -84 -55127
380 -92 -58088
381 -98 -63081
382 -100 -69985
383 -95 -78303
384 -81 -86798
385 -58 -94251
386 -25 -99352
387 13 -100296
388 52 -94725
389 84 -80654
390 100 -57386
391 92 -25902
392 59 11049
393 6 48550
394 -51 79486
395 -91 95462
396 -97 89210
397 -61 58267
398 6 8305
399 72 -46658
400 100 -87139
401 70 -94588
402 -6 -60633
403 -79 4485
404 -97 70707
405 -41 100190
406 51 70265
407 100 -6571
408 59 -82035
409 -40 -99834
410 -100 -39721
411 -54 55644
412 52 104795
413 99 57985
414 25 -46022
415 -82 -104050
416 -81 -51258
417 32 58183
418 100 98499
419 18 18657
420 -92 -82536
421 -54 -72521
422 75 34775
423 75 87248
424 -59 10248
425 -85 -75856
426 51 -37642
427 87 56477
428 -52 48783
429 -82 -39025
430 63 -48634
431 70 27611
432 -81 42505
433 -44 -21427
434 97 -32813
435 3 19485
436 -97 22833
437 50 -17912
438 66 -13156
439 -93 15472
440 0 6204
441 92 -10858
442 -75 -1798
443 -26 7186
444 97 92
445 -69 -5995
446 -25 1226
447 95 5585
448 -81 -4634
449 2 -3075
450 77 6313
451 -98 -2496
452 52 -2731
453 26 5058
454 -86 -2126
455 98 -1022
456 -59 2122
457 -6 -919
458 66 -75
459 -98 188
460 92 1834
461 -57 -2367
462 6 1719
463 44 427
464 -81 -3574
465 99 4468
466 -97 -4729
467 79 2709
468 -52 -278
469 21 -1824
470 10 3378
471 -37 -3683
472 59 2769
473 -75 -1985
474 86 1077
475 -93 -54
476 97 3
477 -99 -64
478 100 692
479 -100 -1395
480 100 2140
481 -100 -2932
482 100 3662
483 -99 -3946
484 97 4372
485 -93 -4440
486 86 4372
487 -75 -3946
488 59 3662
489 -37 -2932
490 10 2140
491 21 -1395
492 -52 692
493 79 -64
494 -97 3
495 99 -54
496 -81 1077
497 44 -1985
498 6 2769
499 -57 -3683
500 92 3378
501 -98 -1824
502 66 -278
503 -6 2709
504 -59 -4729
505 98 4468
506 -86 -3574
507 26 427
508 52 1719
509 -98 -2367
510 77 1834
511 2 188
512 -81 -75
513 95 -919
514 -25 2122
515 -69 -1022
516 97 -2126
517 -26 5058
518 -75 -2731
519 92 -2496
520 0 6313
521 -93 -3075
522 66 -4634
523 50 5585
524 -97 1226
525 3 -5995
526 97 92
527 -44 7186
528 -81 -1798
529 70 -10858
530 63 6204
531 -82 15472
532 -52 -13156
533 87 -17912
534 51 22833
535 -85 19485
536 -59 -32813
537 75 -21427
538 75 42505
539 -54 27611
540 -92 -48634
541 18 -39025
542 100 48783
543 32 56477
544 -81 -37642
545 -82 -75856
546 25 10248
547 99 87248
548 52 34775
549 -54 -72521
550 -100 -82536
551 -40 18657
552 59 98499
553 100 58183
554 51 -51258
555 -41 -104050
556 -97 -46022
557 -79 57985
558 -6 104795
559 70 55644
560 100 -39721
561 72 -99834
562 6 -82035
563 -61 -6571
564 -97 70265
565 -91 100190
566 -51 70707
567 6 4485
568 59 -60633
569 92 -94588
570 100 -87139
571 84 -46658
572 52 8305
573 13 58267
574 -25 89210
575 -58 95462
576 -81 79486
577 -95 48550
578 -100 11049
579 -98 -25902
580 -92 -57386
581 -84 -80654
582 -75 -94725
583 -66 -100296
584 -59 -99352
585 -54 -94251
586 -51 -86798
587 -50 -78303
588 -52 -69985
589 -57 -63081
590 -63 -58088
591 -72 -55127
592 -81 -54405
593 -90 -56293
594 -97 -60751
595 -100 -67299
596 -97 -75357
597 -87 -84180
598 -66 -92408
599 -37 -98483
Comparing against output data 
*******************************************
PASS: The output matches the golden output!
*******************************************
INFO: [COSIM-1000] *** C/RTL co-simulation finished: PASS ***
