                             latency        interval
transaction       0:              29              30
transaction       1:              29              30
transaction       2:              29              30
transaction       3:              29              30
transaction       4:              29              30
transaction       5:              29              30
transaction       6:              29              30
transaction       7:              29              30
transaction       8:              29              30
transaction       9:              29              30
transaction      10:              29              30
transaction      11:              29              30
transaction      12:              29              30
transaction      13:              29              30
transaction      14:              29              30
transaction      15:              29              30
transaction      16:              29              30
transaction      17:              29              30
transaction      18:              29              30
transaction      19:              29              30
transaction      20:              29              30
transaction      21:              29              30
transaction      22:              29              30
transaction      23:              29              30
transaction      24:              29              30
transaction      25:              29              30
transaction      26:              29              30
transaction      27:              29              30
transaction      28:              29              30
transaction      29:              29              30
transaction      30:              29              30
transaction      31:              29              30
transaction      32:              29              30
transaction      33:              29              30
transaction      34:              29              30
transaction      35:              29              30
transaction      36:              29              30
transaction      37:              29              30
transaction      38:              29              30
transaction      39:              29              30
transaction      40:              29              30
transaction      41:              29              30
transaction      42:              29              30
transaction      43:              29              30
transaction      44:              29              30
transaction      45:              29              30
transaction      46:              29              30
transaction      47:              29              30
transaction      48:              29              30
transaction      49:              29              30
transaction      50:              29              30
transaction      51:              29              30
transaction      52:              29              30
transaction      53:              29              30
transaction      54:              29              30
transaction      55:              29              30
transaction      56:              29              30
transaction      57:              29              30
transaction      58:              29              30
transaction      59:              29              30
transaction      60:              29              30
transaction      61:              29              30
transaction      62:              29              30
transaction      63:              29              30
transaction      64:              29              30
transaction      65:              29              30
transaction      66:              29              30
transaction      67:              29              30
transaction      68:              29              30
transaction      69:              29              30
transaction      70:              29              30
transaction      71:              29              30
transaction      72:              29              30
transaction      73:              29              30
transaction      74:              29              30
transaction      75:              29              30
transaction      76:              29              30
transaction      77:              29              30
transaction      78:              29              30
transaction      79:              29              30
transaction      80:              29              30
transaction      81:              29              30
transaction      82:              29              30
transaction      83:              29              30
transaction      84:              29              30
transaction      85:              29              30
transaction      86:              29              30
transaction      87:              29              30
transaction      88:              29              30
transaction      89:              29              30
transaction      90:              29              30
transaction      91:              29              30
transaction      92:              29              30
transaction      93:              29              30
transaction      94:              29              30
transaction      95:              29              30
transaction      96:              29              30
transaction      97:              29              30
transaction      98:              29              30
transaction      99:              29              30
transaction     100:              29              30
transaction     101:              29              30
transaction     102:              29              30
transaction     103:              29              30
transaction     104:              29              30
transaction     105:              29              30
transaction     106:              29              30
transaction     107:              29              30
transaction     108:              29              30
transaction     109:              29              30
transaction     110:              29              30
transaction     111:              29              30
transaction     112:              29              30
transaction     113:              29              30
transaction     114:              29              30
transaction     115:              29              30
transaction     116:              29              30
transaction     117:              29              30
transaction     118:              29              30
transaction     119:              29              30
transaction     120:              29              30
transaction     121:              29              30
transaction     122:              29              30
transaction     123:              29              30
transaction     124:              29              30
transaction     125:              29              30
transaction     126:              29              30
transaction     127:              29              30
transaction     128:              29              30
transaction     129:              29              30
transaction     130:              29              30
transaction     131:              29              30
transaction     132:              29              30
transaction     133:              29              30
transaction     134:              29              30
transaction     135:              29              30
transaction     136:              29              30
transaction     137:              29              30
transaction     138:              29              30
transaction     139:              29              30
transaction     140:              29              30
transaction     141:              29              30
transaction     142:              29              30
transaction     143:              29              30
transaction     144:              29              30
transaction     145:              29              30
transaction     146:              29              30
transaction     147:              29              30
transaction     148:              29              30
transaction     149:              29              30
transaction     150:              29              30
transaction     151:              29              30
transaction     152:              29              30
transaction     153:              29              30
transaction     154:              29              30
transaction     155:              29              30
transaction     156:              29              30
transaction     157:              29              30
transaction     158:              29              30
transaction     159:              29              30
transaction     160:              29              30
transaction     161:              29              30
transaction     162:              29              30
transaction     163:              29              30
transaction     164:              29              30
transaction     165:              29              30
transaction     166:              29              30
transaction     167:              29              30
transaction     168:              29              30
transaction     169:              29              30
transaction     170:              29              30
transaction     171:              29              30
transaction     172:              29              30
transaction     173:              29              30
transaction     174:              29              30
transaction     175:              29              30
transaction     176:              29              30
transaction     177:              29              30
transaction     178:              29              30
transaction     179:              29              30
transaction     180:              29              30
transaction     181:              29              30
transaction     182:              29              30
transaction     183:              29              30
transaction     184:              29              30
transaction     185:              29              30
transaction     186:              29              30
transaction     187:              29              30
transaction     188:              29              30
transaction     189:              29              30
transaction     190:              29              30
transaction     191:              29              30
transaction     192:              29              30
transaction     193:              29              30
transaction     194:              29              30
transaction     195:              29              30
transaction     196:              29              30
transaction     197:              29              30
transaction     198:              29              30
transaction     199:              29              30
transaction     200:              29              30
transaction     201:              29              30
transaction     202:              29              30
transaction     203:              29              30
transaction     204:              29              30
transaction     205:              29              30
transaction     206:              29              30
transaction     207:              29              30
transaction     208:              29              30
transaction     209:              29              30
transaction     210:              29              30
transaction     211:              29              30
transaction     212:              29              30
transaction     213:              29              30
transaction     214:              29              30
transaction     215:              29              30
transaction     216:              29              30
transaction     217:              29              30
transaction     218:              29              30
transaction     219:              29              30
transaction     220:              29              30
transaction     221:              29              30
transaction     222:              29              30
transaction     223:              29              30
transaction     224:              29              30
transaction     225:              29              30
transaction     226:              29              30
transaction     227:              29              30
transaction     228:              29              30
transaction     229:              29              30
transaction     230:              29              30
transaction     231:              29              30
transaction     232:              29              30
transaction     233:              29              30
transaction     234:              29              30
transaction     235:              29              30
transaction     236:              29              30
transaction     237:              29              30
transaction     238:              29              30
transaction     239:              29              30
transaction     240:              29              30
transaction     241:              29              30
transaction     242:              29              30
transaction     243:              29              30
transaction     244:              29              30
transaction     245:              29              30
transaction     246:              29              30
transaction     247:              29              30
transaction     248:              29              30
transaction     249:              29              30
transaction     250:              29              30
transaction     251:              29              30
transaction     252:              29              30
transaction     253:              29              30
transaction     254:              29              30
transaction     255:              29              30
transaction     256:              29              30
transaction     257:              29              30
transaction     258:              29              30
transaction     259:              29              30
transaction     260:              29              30
transaction     261:              29              30
transaction     262:              29              30
transaction     263:              29              30
transaction     264:              29              30
transaction     265:              29              30
transaction     266:              29              30
transaction     267:              29              30
transaction     268:              29              30
transaction     269:              29              30
transaction     270:              29              30
transaction     271:              29              30
transaction     272:              29              30
transaction     273:              29              30
transaction     274:              29              30
transaction     275:              29              30
transaction     276:              29              30
transaction     277:              29              30
transaction     278:              29              30
transaction     279:              29              30
transaction     280:              29              30
transaction     281:              29              30
transaction     282:              29              30
transaction     283:              29              30
transaction     284:              29              30
transaction     285:              29              30
transaction     286:              29              30
transaction     287:              29              30
transaction     288:              29              30
transaction     289:              29              30
transaction     290:              29              30
transaction     291:              29              30
transaction     292:              29              30
transaction     293:              29              30
transaction     294:              29              30
transaction     295:              29              30
transaction     296:              29              30
transaction     297:              29              30
transaction     298:              29              30
transaction     299:              29              30
transaction     300:              29              30
transaction     301:              29              30
transaction     302:              29              30
transaction     303:              29              30
transaction     304:              29              30
transaction     305:              29              30
transaction     306:              29              30
transaction     307:              29              30
transaction     308:              29              30
transaction     309:              29              30
transaction     310:              29              30
transaction     311:              29              30
transaction     312:              29              30
transaction     313:              29              30
transaction     314:              29              30
transaction     315:              29              30
transaction     316:              29              30
transaction     317:              29              30
transaction     318:              29              30
transaction     319:              29              30
transaction     320:              29              30
transaction     321:              29              30
transaction     322:              29              30
transaction     323:              29              30
transaction     324:              29              30
transaction     325:              29              30
transaction     326:              29              30
transaction     327:              29              30
transaction     328:              29              30
transaction     329:              29              30
transaction     330:              29              30
transaction     331:              29              30
transaction     332:              29              30
transaction     333:              29              30
transaction     334:              29              30
transaction     335:              29              30
transaction     336:              29              30
transaction     337:              29              30
transaction     338:              29              30
transaction     339:              29              30
transaction     340:              29              30
transaction     341:              29              30
transaction     342:              29              30
transaction     343:              29              30
transaction     344:              29              30
transaction     345:              29              30
transaction     346:              29              30
transaction     347:              29              30
transaction     348:              29              30
transaction     349:              29              30
transaction     350:              29              30
transaction     351:              29              30
transaction     352:              29              30
transaction     353:              29              30
transaction     354:              29              30
transaction     355:              29              30
transaction     356:              29              30
transaction     357:              29              30
transaction     358:              29              30
transaction     359:              29              30
transaction     360:              29              30
transaction     361:              29              30
transaction     362:              29              30
transaction     363:              29              30
transaction     364:              29              30
transaction     365:              29              30
transaction     366:              29              30
transaction     367:              29              30
transaction     368:              29              30
transaction     369:              29              30
transaction     370:              29              30
transaction     371:              29              30
transaction     372:              29              30
transaction     373:              29              30
transaction     374:              29              30
transaction     375:              29              30
transaction     376:              29              30
transaction     377:              29              30
transaction     378:              29              30
transaction     379:              29              30
transaction     380:              29              30
transaction     381:              29              30
transaction     382:              29              30
transaction     383:              29              30
transaction     384:              29              30
transaction     385:              29              30
transaction     386:              29              30
transaction     387:              29              30
transaction     388:              29              30
transaction     389:              29              30
transaction     390:              29              30
transaction     391:              29              30
transaction     392:              29              30
transaction     393:              29              30
transaction     394:              29              30
transaction     395:              29              30
transaction     396:              29              30
transaction     397:              29              30
transaction     398:              29              30
transaction     399:              29              30
transaction     400:              29              30
transaction     401:              29              30
transaction     402:              29              30
transaction     403:              29              30
transaction     404:              29              30
transaction     405:              29              30
transaction     406:              29              30
transaction     407:              29              30
transaction     408:              29              30
transaction     409:              29              30
transaction     410:              29              30
transaction     411:              29              30
transaction     412:              29              30
transaction     413:              29              30
transaction     414:              29              30
transaction     415:              29              30
transaction     416:              29              30
transaction     417:              29              30
transaction     418:              29              30
transaction     419:              29              30
transaction     420:              29              30
transaction     421:              29              30
transaction     422:              29              30
transaction     423:              29              30
transaction     424:              29              30
transaction     425:              29              30
transaction     426:              29              30
transaction     427:              29              30
transaction     428:              29              30
transaction     429:              29              30
transaction     430:              29              30
transaction     431:              29              30
transaction     432:              29              30
transaction     433:              29              30
transaction     434:              29              30
transaction     435:              29              30
transaction     436:              29              30
transaction     437:              29              30
transaction     438:              29              30
transaction     439:              29              30
transaction     440:              29              30
transaction     441:              29              30
transaction     442:              29              30
transaction     443:              29              30
transaction     444:              29              30
transaction     445:              29              30
transaction     446:              29              30
transaction     447:              29              30
transaction     448:              29              30
transaction     449:              29              30
transaction     450:              29              30
transaction     451:              29              30
transaction     452:              29              30
transaction     453:              29              30
transaction     454:              29              30
transaction     455:              29              30
transaction     456:              29              30
transaction     457:              29              30
transaction     458:              29              30
transaction     459:              29              30
transaction     460:              29              30
transaction     461:              29              30
transaction     462:              29              30
transaction     463:              29              30
transaction     464:              29              30
transaction     465:              29              30
transaction     466:              29              30
transaction     467:              29              30
transaction     468:              29              30
transaction     469:              29              30
transaction     470:              29              30
transaction     471:              29              30
transaction     472:              29              30
transaction     473:              29              30
transaction     474:              29              30
transaction     475:              29              30
transaction     476:              29              30
transaction     477:              29              30
transaction     478:              29              30
transaction     479:              29              30
transaction     480:              29              30
transaction     481:              29              30
transaction     482:              29              30
transaction     483:              29              30
transaction     484:              29              30
transaction     485:              29              30
transaction     486:              29              30
transaction     487:              29              30
transaction     488:              29              30
transaction     489:              29              30
transaction     490:              29              30
transaction     491:              29              30
transaction     492:              29              30
transaction     493:              29              30
transaction     494:              29              30
transaction     495:              29              30
transaction     496:              29              30
transaction     497:              29              30
transaction     498:              29              30
transaction     499:              29              30
transaction     500:              29              30
transaction     501:              29              30
transaction     502:              29              30
transaction     503:              29              30
transaction     504:              29              30
transaction     505:              29              30
transaction     506:              29              30
transaction     507:              29              30
transaction     508:              29              30
transaction     509:              29              30
transaction     510:              29              30
transaction     511:              29              30
transaction     512:              29              30
transaction     513:              29              30
transaction     514:              29              30
transaction     515:              29              30
transaction     516:              29              30
transaction     517:              29              30
transaction     518:              29              30
transaction     519:              29              30
transaction     520:              29              30
transaction     521:              29              30
transaction     522:              29              30
transaction     523:              29              30
transaction     524:              29              30
transaction     525:              29              30
transaction     526:              29              30
transaction     527:              29              30
transaction     528:              29              30
transaction     529:              29              30
transaction     530:              29              30
transaction     531:              29              30
transaction     532:              29              30
transaction     533:              29              30
transaction     534:              29              30
transaction     535:              29              30
transaction     536:              29              30
transaction     537:              29              30
transaction     538:              29              30
transaction     539:              29              30
transaction     540:              29              30
transaction     541:              29              30
transaction     542:              29              30
transaction     543:              29              30
transaction     544:              29              30
transaction     545:              29              30
transaction     546:              29              30
transaction     547:              29              30
transaction     548:              29              30
transaction     549:              29              30
transaction     550:              29              30
transaction     551:              29              30
transaction     552:              29              30
transaction     553:              29              30
transaction     554:              29              30
transaction     555:              29              30
transaction     556:              29              30
transaction     557:              29              30
transaction     558:              29              30
transaction     559:              29              30
transaction     560:              29              30
transaction     561:              29              30
transaction     562:              29              30
transaction     563:              29              30
transaction     564:              29              30
transaction     565:              29              30
transaction     566:              29              30
transaction     567:              29              30
transaction     568:              29              30
transaction     569:              29              30
transaction     570:              29              30
transaction     571:              29              30
transaction     572:              29              30
transaction     573:              29              30
transaction     574:              29              30
transaction     575:              29              30
transaction     576:              29              30
transaction     577:              29              30
transaction     578:              29              30
transaction     579:              29              30
transaction     580:              29              30
transaction     581:              29              30
transaction     582:              29              30
transaction     583:              29              30
transaction     584:              29              30
transaction     585:              29              30
transaction     586:              29              30
transaction     587:              29              30
transaction     588:              29              30
transaction     589:              29              30
transaction     590:              29              30
transaction     591:              29              30
transaction     592:              29              30
transaction     593:              29              30
transaction     594:              29              30
transaction     595:              29              30
transaction     596:              29              30
transaction     597:              29              30
transaction     598:              29              30
transaction     599:              29               x
