INFO-FLOW: Workspace D:/code/pp4fpga/project1/fir128/solution1 opened at Thu Jan 25 20:13:49 +0800 2024
Execute     ap_set_clock -name default -period 10 -default=false 
INFO: [SYN 201-201] Setting up clock 'default' with a period of 10ns.
Execute     set_part xc7z020-clg400-1 
Execute       create_platform xc7z020-clg400-1 -board  
DBG:HLSDevice: Trying to load device library: D:/Xilinx/Vitis_HLS/2023.2\lib\win64.o\xv_hlsvwrap.dll
DBG:HLSDevice: first parts/arch.xml in RDI_DATADIR: D:/Xilinx/Vivado/2023.2/data/parts/arch.xml
DBG:HLSDevice: init success
INFO: [HLS 200-1611] Setting target device to 'xc7z020-clg400-1'
Command       create_platform done; 0.496 sec.
Execute       source D:/Xilinx/Vitis_HLS/2023.2/common/technology/xilinx/common/xilinx.gen 
Execute         source D:/Xilinx/Vitis_HLS/2023.2/common/technology/xilinx/interface/plb46.gen 
Execute         source D:/Xilinx/Vitis_HLS/2023.2/common/technology/xilinx/interface/axi4.gen 
Execute         source D:/Xilinx/Vitis_HLS/2023.2/common/technology/xilinx/interface/nativeAXI4.gen 
Execute           source D:/Xilinx/Vitis_HLS/2023.2/common/technology/xilinx/interface/saxilite.gen 
Execute         source D:/Xilinx/Vitis_HLS/2023.2/common/technology/xilinx/scripts/xilinxcoregen.gen 
Execute         source D:/Xilinx/Vitis_HLS/2023.2/common/technology/xilinx/interface/XilEDKCoreGen.gen 
Execute         source D:/Xilinx/Vitis_HLS/2023.2/common/technology/xilinx/ip/dds_compiler.gen 
Execute         source D:/Xilinx/Vitis_HLS/2023.2/common/technology/xilinx/ip/util.gen 
Execute         source D:/Xilinx/Vitis_HLS/2023.2/common/technology/xilinx/ip/xfft.gen 
Execute         source D:/Xilinx/Vitis_HLS/2023.2/common/technology/xilinx/ip/xfir.gen 
Execute         source D:/Xilinx/Vitis_HLS/2023.2/common/technology/xilinx/DSP48/dsp48.gen 
Execute       ap_part_info -name xc7z020-clg400-1 -data info 
Execute       config_compile -quiet -complex-mul-dsp=0 
Command     set_part done; 0.601 sec.
Execute     send_msg_by_id INFO @200-1505@%s%s  vivado 
INFO: [HLS 200-1505] Using flow_target 'vivado'
Command   open_solution done; 0.723 sec.
Execute   set_part xc7z020-clg400-1 
INFO: [HLS 200-1510] Running: set_part xc7z020-clg400-1 
Execute     create_platform xc7z020-clg400-1 -board  
Execute     source D:/Xilinx/Vitis_HLS/2023.2/common/technology/xilinx/common/xilinx.gen 
Execute       source D:/Xilinx/Vitis_HLS/2023.2/common/technology/xilinx/interface/plb46.gen 
Execute       source D:/Xilinx/Vitis_HLS/2023.2/common/technology/xilinx/interface/axi4.gen 
Execute       source D:/Xilinx/Vitis_HLS/2023.2/common/technology/xilinx/interface/nativeAXI4.gen 
Execute         source D:/Xilinx/Vitis_HLS/2023.2/common/technology/xilinx/interface/saxilite.gen 
Execute       source D:/Xilinx/Vitis_HLS/2023.2/common/technology/xilinx/scripts/xilinxcoregen.gen 
Execute       source D:/Xilinx/Vitis_HLS/2023.2/common/technology/xilinx/interface/XilEDKCoreGen.gen 
Execute       source D:/Xilinx/Vitis_HLS/2023.2/common/technology/xilinx/ip/dds_compiler.gen 
Execute       source D:/Xilinx/Vitis_HLS/2023.2/common/technology/xilinx/ip/util.gen 
Execute       source D:/Xilinx/Vitis_HLS/2023.2/common/technology/xilinx/ip/xfft.gen 
Execute       source D:/Xilinx/Vitis_HLS/2023.2/common/technology/xilinx/ip/xfir.gen 
Execute       source D:/Xilinx/Vitis_HLS/2023.2/common/technology/xilinx/DSP48/dsp48.gen 
Execute     ap_part_info -name xc7z020-clg400-1 -data info 
Execute     config_compile -quiet -complex-mul-dsp=0 
Command   set_part done; 0.167 sec.
Execute   create_clock -period 10 -name default 
INFO: [HLS 200-1510] Running: create_clock -period 10 -name default 
Execute   source ./fir128/solution1/directives.tcl 
INFO: [HLS 200-1510] Running: source ./fir128/solution1/directives.tcl
Execute     set_directive_top -name fir fir 
INFO: [HLS 200-1510] Running: set_directive_top -name fir fir 
Execute   csynth_design 
INFO: [HLS 200-1510] Running: csynth_design 
INFO-FLOW: Running SLX 'csynth' proc: ::SLX::run_csynth
Execute     elaborate -effort=medium -skip_syncheck=0 -keep_printf=0 -skip_cdt=0 -skip_transform=0 -ng=0 -g=0 -opt_fp=0 -from_csynth_design=1 
INFO: [HLS 200-111] Finished File checks and directory preparation: CPU user time: 0 seconds. CPU system time: 0 seconds. Elapsed time: 0.11 seconds; current allocated memory: 114.340 MB.
Execute       set_directive_top fir -name=fir 
Execute       source D:/Xilinx/Vitis_HLS/2023.2/tps/tcl/tcllib1.11.1/yaml/huddle.tcl 
Execute       source D:/Xilinx/Vitis_HLS/2023.2/tps/tcl/tcllib1.11.1/yaml/json2huddle.tcl 
Execute         source D:/Xilinx/Vitis_HLS/2023.2/tps/tcl/tcllib1.11.1/try/try.tcl 
INFO: [HLS 200-10] Analyzing design file 'fir128/fir.cpp' ... 
INFO-FLOW: Compiling one TU...
INFO-FLOW: Handling fir128/fir.cpp as C++
Execute       ap_part_info -name xc7z020-clg400-1 -data info 
INFO-FLOW: Running: GCC PP 39
INFO-FLOW: Source preprocessing
INFO-FLOW: run_clang exec: D:/Xilinx/Vitis_HLS/2023.2/win64/tools/clang-3.9-csynth/bin/clang fir128/fir.cpp -foptimization-record-file=D:/code/pp4fpga/project1/fir128/solution1/.autopilot/db/fir.cpp.clang.diag.yml -mllvm -pass-remarks-missed=reflow|pasta|unroll -mllvm -pass-remarks=reflow|pasta|unroll|inline -fno-limit-debug-info --sysroot D:/Xilinx/Vitis_HLS/2023.2/tps/mingw/8.3.0/win64.o/nt -fhls -fno-exceptions -insert-hls-directive=D:/code/pp4fpga/project1/fir128/solution1/.autopilot/db/all.directive.json -E -fno-math-errno -c -emit-llvm -mllvm -disable-llvm-optzns -Werror=implicit-function-declaration -Werror=implicit-hls-streams -Werror=return-type -Wpragmas -Wunused-parameter -Wdump-hls-pragmas -Wno-error=dump-hls-pragmas -hls-clock-period=10 -fno-threadsafe-statics -fno-use-cxa-atexit -std=gnu++14 -target fpga64-xilinx-mingw32 -fno-threadsafe-statics -fno-use-cxa-atexit -D__VITIS_HLS__ -DAESL_SYN -D__SYNTHESIS__ -D__HLS_SYN__ -I D:/Xilinx/Vitis_HLS/2023.2/common/technology/autopilot -I D:/Xilinx/Vitis_HLS/2023.2/common/technology/autopilot/ap_sysc -include etc/autopilot_ssdm_op.h -D__DSP48E1__ -I /usr/include/x86_64-linux-gnu -o D:/code/pp4fpga/project1/fir128/solution1/.autopilot/db/fir.pp.0.cpp {-hls-platform-db-name=D:/Xilinx/Vitis_HLS/2023.2\common/technology\xilinx/common/platform.db} -hls-platform-name=zynq_slow -device-resource-info=BRAM_280.000000_DSP_220.000000_FF_106400.000000_LUT_53200.000000_SLICE_13300.000000_URAM_0.000000 -device-name-info=xc7z020clg400-1 > D:/code/pp4fpga/project1/fir128/solution1/.autopilot/db/fir.cpp.clang.out.log 2> D:/code/pp4fpga/project1/fir128/solution1/.autopilot/db/fir.cpp.clang.err.log
INFO-FLOW: Done: GCC PP 39 time: 0.2 seconds per iteration
INFO-FLOW: Source syntax check for synthesis
INFO-FLOW: run_clang exec: D:/Xilinx/Vitis_HLS/2023.2/win64/tools/clang-3.9-csynth/bin/clang -foptimization-record-file=D:/code/pp4fpga/project1/fir128/solution1/.autopilot/db/clang.diag.yml -mllvm -pass-remarks-missed=reflow|pasta|unroll -mllvm -pass-remarks=reflow|pasta|unroll|inline -fsyntax-only -fhls -target fpga64-xilinx-linux-gnu D:/code/pp4fpga/project1/fir128/solution1/.autopilot/db/fir.pp.0.cpp {-hls-platform-db-name=D:/Xilinx/Vitis_HLS/2023.2\common/technology\xilinx/common/platform.db} -hls-platform-name=zynq_slow -device-resource-info=BRAM_280.000000_DSP_220.000000_FF_106400.000000_LUT_53200.000000_SLICE_13300.000000_URAM_0.000000 -device-name-info=xc7z020clg400-1 > D:/code/pp4fpga/project1/fir128/solution1/.autopilot/db/clang.out.log 2> D:/code/pp4fpga/project1/fir128/solution1/.autopilot/db/clang.err.log
Execute       clang_tidy xilinx-systemc-detector -desc systemc-detector D:/code/pp4fpga/project1/fir128/solution1/.autopilot/db/fir.pp.0.cpp std=gnu++14 -target fpga  -directive=D:/code/pp4fpga/project1/fir128/solution1/.autopilot/db/.systemc_flag 
INFO-FLOW: exec D:/Xilinx/Vitis_HLS/2023.2/win64/tools/clang-3.9-csynth/bin/clang-tidy -header-filter=.* --checks=-*,xilinx-systemc-detector -import-directive=D:/code/pp4fpga/project1/fir128/solution1/.autopilot/db/.systemc_flag -fix-errors D:/code/pp4fpga/project1/fir128/solution1/.autopilot/db/fir.pp.0.cpp -- -std=gnu++14 -target fpga -fhls -ferror-limit=0
Command       clang_tidy done; 0.442 sec.
INFO-FLOW: Running: clang-tidy CDT preprocess 39
Execute       clang_tidy xilinx-directive2pragma -desc directive2pragma D:/code/pp4fpga/project1/fir128/solution1/.autopilot/db/fir.pp.0.cpp std=gnu++14 -target fpga  -directive=D:/code/pp4fpga/project1/fir128/solution1/.autopilot/db/all.directive.json 
INFO-FLOW: exec D:/Xilinx/Vitis_HLS/2023.2/win64/tools/clang-3.9-csynth/bin/clang-tidy -header-filter=.* --checks=-*,xilinx-directive2pragma -import-directive=D:/code/pp4fpga/project1/fir128/solution1/.autopilot/db/all.directive.json -fix-errors D:/code/pp4fpga/project1/fir128/solution1/.autopilot/db/fir.pp.0.cpp -- -std=gnu++14 -target fpga -fhls -ferror-limit=0
Command       clang_tidy done; 0.692 sec.
INFO-FLOW: Done: clang-tidy CDT preprocess 39 time: 0.7 seconds per iteration
INFO-FLOW: Calling xilinx-label-all-loops ... 
INFO-FLOW: Calling xilinx-aggregate-on-hls-vector ... 
Execute       clang_tidy -errorcheck -desc loop-label xilinx-label-all-loops,xilinx-aggregate-on-hls-vector,,xilinx-warn-mayneed-no-ctor-attribute D:/code/pp4fpga/project1/fir128/solution1/.autopilot/db/fir.pp.0.cpp std=gnu++14 -target fpga  
INFO-FLOW: run_clang exec: D:/Xilinx/Vitis_HLS/2023.2/win64/tools/clang-3.9-csynth/bin/clang-tidy -export-fixes=D:/code/pp4fpga/project1/fir128/solution1/.autopilot/db/fir.pp.0.cpp.clang-tidy.loop-label.diag.yml -header-filter=.* --checks=-*,xilinx-label-all-loops,xilinx-aggregate-on-hls-vector,,xilinx-warn-mayneed-no-ctor-attribute -fix-errors D:/code/pp4fpga/project1/fir128/solution1/.autopilot/db/fir.pp.0.cpp -- -std=gnu++14 -target fpga -fhls -ferror-limit=0 > D:/code/pp4fpga/project1/fir128/solution1/.autopilot/db/fir.pp.0.cpp.clang-tidy.loop-label.out.log 2> D:/code/pp4fpga/project1/fir128/solution1/.autopilot/db/fir.pp.0.cpp.clang-tidy.loop-label.err.log
Execute         source D:/Xilinx/Vitis_HLS/2023.2/tps/tcl/tcllib1.11.1/yaml/yaml.tcl 
Command       clang_tidy done; 0.825 sec.
INFO-FLOW: run_clang exec: D:/Xilinx/Vitis_HLS/2023.2/win64/tools/clang-3.9-csynth/bin/xilinx-dataflow-lawyer -export-fixes=D:/code/pp4fpga/project1/fir128/solution1/.autopilot/db/fir.pp.0.cpp.xilinx-dataflow-lawyer.diag.yml D:/code/pp4fpga/project1/fir128/solution1/.autopilot/db/fir.pp.0.cpp -- -std=gnu++14 -target fpga -fhls -ferror-limit=0 -fstrict-dataflow > D:/code/pp4fpga/project1/fir128/solution1/.autopilot/db/fir.pp.0.cpp.xilinx-dataflow-lawyer.out.log 2> D:/code/pp4fpga/project1/fir128/solution1/.autopilot/db/fir.pp.0.cpp.xilinx-dataflow-lawyer.err.log
Execute       ap_part_info -name xc7z020-clg400-1 -data info 
INFO-FLOW: compiling source code to llvm bc
INFO-FLOW: run_clang exec: D:/Xilinx/Vitis_HLS/2023.2/win64/tools/clang-3.9-csynth/bin/clang -foptimization-record-file=D:/code/pp4fpga/project1/fir128/solution1/.autopilot/db/fir.pp.0.cpp.clang.diag.yml -mllvm -pass-remarks-missed=reflow|pasta|unroll -mllvm -pass-remarks=reflow|pasta|unroll|inline -fno-limit-debug-info -fhls -flto -fno-exceptions -Wno-error=c++11-narrowing -hls-emit-hint-scope D:/code/pp4fpga/project1/fir128/solution1/.autopilot/db/fir.pp.0.cpp -fno-math-errno -c -emit-llvm -mllvm -disable-llvm-optzns -Werror=implicit-function-declaration -Werror=implicit-hls-streams -Werror=return-type -Wpragmas -Wunused-parameter -Wdump-hls-pragmas -Wno-error=dump-hls-pragmas -hls-clock-period=10 -fno-threadsafe-statics -fno-use-cxa-atexit -std=gnu++14 -target fpga64-xilinx-linux-gnu -D__VITIS_HLS__ -DAESL_SYN -D__SYNTHESIS__ -D__HLS_SYN__ -I D:/Xilinx/Vitis_HLS/2023.2/common/technology/autopilot -I D:/Xilinx/Vitis_HLS/2023.2/common/technology/autopilot/ap_sysc -include etc/autopilot_ssdm_op.h -D__DSP48E1__ -g -o D:/code/pp4fpga/project1/fir128/solution1/.autopilot/db/fir.bc {-hls-platform-db-name=D:/Xilinx/Vitis_HLS/2023.2\common/technology\xilinx/common/platform.db} -hls-platform-name=zynq_slow -device-resource-info=BRAM_280.000000_DSP_220.000000_FF_106400.000000_LUT_53200.000000_SLICE_13300.000000_URAM_0.000000 -device-name-info=xc7z020clg400-1 > D:/code/pp4fpga/project1/fir128/solution1/.autopilot/db/fir.pp.0.cpp.clang.out.log 2> D:/code/pp4fpga/project1/fir128/solution1/.autopilot/db/fir.pp.0.cpp.clang.err.log
INFO: [HLS 200-111] Finished Source Code Analysis and Preprocessing: CPU user time: 0 seconds. CPU system time: 0 seconds. Elapsed time: 3.804 seconds; current allocated memory: 116.613 MB.
INFO-FLOW: Linking Debug ...
INFO-FLOW: Linking dut bc code.
Execute       run_link_or_opt -out D:/code/pp4fpga/project1/fir128/solution1/.autopilot/db/a.g.ld.0.bc -args  "D:/code/pp4fpga/project1/fir128/solution1/.autopilot/db/fir.g.bc"  
INFO-FLOW: run_clang exec: D:/Xilinx/Vitis_HLS/2023.2/win64/tools/clang-3.9-csynth/bin/llvm-link D:/code/pp4fpga/project1/fir128/solution1/.autopilot/db/fir.g.bc -o D:/code/pp4fpga/project1/fir128/solution1/.autopilot/db/a.g.ld.0.bc > D:/code/pp4fpga/project1/fir128/solution1/.autopilot/db/a.g.ld.0.bc.llvm-link.out.log 2> D:/code/pp4fpga/project1/fir128/solution1/.autopilot/db/a.g.ld.0.bc.llvm-link.err.log
INFO-FLOW: 
Execute       run_link_or_opt -opt -out D:/code/pp4fpga/project1/fir128/solution1/.autopilot/db/a.g.ld.1.lower.bc -args D:/code/pp4fpga/project1/fir128/solution1/.autopilot/db/a.g.ld.0.bc -reflow-lower-math-intrinsics 
INFO-FLOW: run_clang exec: D:/Xilinx/Vitis_HLS/2023.2/win64/tools/clang-3.9-csynth/bin/opt -pass-remarks-missed=reflow|pasta|unroll -pass-remarks=reflow|pasta|unroll|inline -pass-remarks-output=D:/code/pp4fpga/project1/fir128/solution1/.autopilot/db/a.g.ld.1.lower.bc.opt.diag.yml D:/code/pp4fpga/project1/fir128/solution1/.autopilot/db/a.g.ld.0.bc -reflow-lower-math-intrinsics -o D:/code/pp4fpga/project1/fir128/solution1/.autopilot/db/a.g.ld.1.lower.bc > D:/code/pp4fpga/project1/fir128/solution1/.autopilot/db/a.g.ld.1.lower.bc.opt.out.log 2> D:/code/pp4fpga/project1/fir128/solution1/.autopilot/db/a.g.ld.1.lower.bc.opt.err.log
INFO-FLOW: 
INFO-FLOW: Running: gen_design_size_report post-opt
INFO-FLOW: Done: gen_design_size_report post-opt time: 0 seconds per iteration
INFO-FLOW: Linking math bc lib
Execute       run_link_or_opt -out D:/code/pp4fpga/project1/fir128/solution1/.autopilot/db/a.g.ld.2.m1.bc -args D:/code/pp4fpga/project1/fir128/solution1/.autopilot/db/a.g.ld.1.lower.bc -only-needed D:/Xilinx/Vitis_HLS/2023.2/win64/lib/libhlsm_39.bc D:/Xilinx/Vitis_HLS/2023.2/win64/lib/libhlsmc++_39.bc 
INFO-FLOW: run_clang exec: D:/Xilinx/Vitis_HLS/2023.2/win64/tools/clang-3.9-csynth/bin/llvm-link D:/code/pp4fpga/project1/fir128/solution1/.autopilot/db/a.g.ld.1.lower.bc -only-needed D:/Xilinx/Vitis_HLS/2023.2/win64/lib/libhlsm_39.bc D:/Xilinx/Vitis_HLS/2023.2/win64/lib/libhlsmc++_39.bc -o D:/code/pp4fpga/project1/fir128/solution1/.autopilot/db/a.g.ld.2.m1.bc > D:/code/pp4fpga/project1/fir128/solution1/.autopilot/db/a.g.ld.2.m1.bc.llvm-link.out.log 2> D:/code/pp4fpga/project1/fir128/solution1/.autopilot/db/a.g.ld.2.m1.bc.llvm-link.err.log
INFO-FLOW: 
Command       run_link_or_opt done; 1.532 sec.
Execute       run_link_or_opt -opt -out D:/code/pp4fpga/project1/fir128/solution1/.autopilot/db/a.g.ld.3.fpc.bc -args D:/code/pp4fpga/project1/fir128/solution1/.autopilot/db/a.g.ld.2.m1.bc -reflow-globaldce -hls-top-function-name=fir -reflow-float-conversion 
INFO-FLOW: run_clang exec: D:/Xilinx/Vitis_HLS/2023.2/win64/tools/clang-3.9-csynth/bin/opt -pass-remarks-missed=reflow|pasta|unroll -pass-remarks=reflow|pasta|unroll|inline -pass-remarks-output=D:/code/pp4fpga/project1/fir128/solution1/.autopilot/db/a.g.ld.3.fpc.bc.opt.diag.yml D:/code/pp4fpga/project1/fir128/solution1/.autopilot/db/a.g.ld.2.m1.bc -reflow-globaldce -hls-top-function-name=fir -reflow-float-conversion -o D:/code/pp4fpga/project1/fir128/solution1/.autopilot/db/a.g.ld.3.fpc.bc > D:/code/pp4fpga/project1/fir128/solution1/.autopilot/db/a.g.ld.3.fpc.bc.opt.out.log 2> D:/code/pp4fpga/project1/fir128/solution1/.autopilot/db/a.g.ld.3.fpc.bc.opt.err.log
INFO-FLOW: 
INFO-FLOW: Running: gen_design_size_report post-opt
INFO-FLOW: Done: gen_design_size_report post-opt time: 0 seconds per iteration
Command       run_link_or_opt done; 0.692 sec.
Execute       run_link_or_opt -out D:/code/pp4fpga/project1/fir128/solution1/.autopilot/db/a.g.ld.4.m2.bc -args D:/code/pp4fpga/project1/fir128/solution1/.autopilot/db/a.g.ld.3.fpc.bc -only-needed D:/Xilinx/Vitis_HLS/2023.2/win64/lib/libfloatconversion_39.bc 
INFO-FLOW: run_clang exec: D:/Xilinx/Vitis_HLS/2023.2/win64/tools/clang-3.9-csynth/bin/llvm-link D:/code/pp4fpga/project1/fir128/solution1/.autopilot/db/a.g.ld.3.fpc.bc -only-needed D:/Xilinx/Vitis_HLS/2023.2/win64/lib/libfloatconversion_39.bc -o D:/code/pp4fpga/project1/fir128/solution1/.autopilot/db/a.g.ld.4.m2.bc > D:/code/pp4fpga/project1/fir128/solution1/.autopilot/db/a.g.ld.4.m2.bc.llvm-link.out.log 2> D:/code/pp4fpga/project1/fir128/solution1/.autopilot/db/a.g.ld.4.m2.bc.llvm-link.err.log
INFO-FLOW: 
Execute       run_link_or_opt -opt -out D:/code/pp4fpga/project1/fir128/solution1/.autopilot/db/a.g.ld.5.gdce.bc -args D:/code/pp4fpga/project1/fir128/solution1/.autopilot/db/a.g.ld.4.m2.bc -reflow-globaldce -hls-top-function-name=fir 
INFO-FLOW: run_clang exec: D:/Xilinx/Vitis_HLS/2023.2/win64/tools/clang-3.9-csynth/bin/opt -pass-remarks-missed=reflow|pasta|unroll -pass-remarks=reflow|pasta|unroll|inline -pass-remarks-output=D:/code/pp4fpga/project1/fir128/solution1/.autopilot/db/a.g.ld.5.gdce.bc.opt.diag.yml D:/code/pp4fpga/project1/fir128/solution1/.autopilot/db/a.g.ld.4.m2.bc -reflow-globaldce -hls-top-function-name=fir -o D:/code/pp4fpga/project1/fir128/solution1/.autopilot/db/a.g.ld.5.gdce.bc > D:/code/pp4fpga/project1/fir128/solution1/.autopilot/db/a.g.ld.5.gdce.bc.opt.out.log 2> D:/code/pp4fpga/project1/fir128/solution1/.autopilot/db/a.g.ld.5.gdce.bc.opt.err.log
INFO-FLOW: 
INFO-FLOW: Running: gen_design_size_report post-opt
INFO-FLOW: Done: gen_design_size_report post-opt time: 0 seconds per iteration
Execute       send_msg_by_id INFO @200-777@%s Vivado 
INFO: [HLS 200-777] Using interface defaults for 'Vivado' flow target.
Execute       is_m_axi_addr64 
INFO-FLOW: Doing LTO.
INFO-FLOW: run_clang (background poll_ms 5000) exec: D:/Xilinx/Vitis_HLS/2023.2/win64/tools/clang-3.9-csynth/bin/clang -foptimization-record-file=D:/code/pp4fpga/project1/fir128/solution1/.autopilot/db/a.g.ld.0.bc.clang.reflow.diag.yml -mllvm -pass-remarks-missed=reflow|pasta|unroll -mllvm -pass-remarks=reflow|pasta|unroll|inline -fhls -mllvm -hls-top-function-name=fir -mllvm -hls-db-dir -mllvm D:/code/pp4fpga/project1/fir128/solution1/.autopilot/db -emit-llvm -c -target fpga64-xilinx-none -mllvm -xcl-xmlinfo=D:/code/pp4fpga/project1/fir128/solution1/.autopilot/db/kernel.internal.xml -mllvm -top-io-mapping-info=D:/code/pp4fpga/project1/fir128/solution1/.autopilot/db/top-io-fe.xml -mllvm -hls-bitcode-version=3.1 -mllvm -reflow-enable-slave-interface-default-setting=true -mllvm -gen-kernel-xml=false -mllvm -default-maxi-offset=slave -mllvm -maxi-latency=0 -mllvm -hls-maxi-data-size-in-bits=8 -mllvm -hls-maxi-max-data-size-in-bits=1024 -mllvm -hls-max-widen-size-in-bits=0 -mllvm -xcl-kernel-max-mem-ports=0 -mllvm -maxi-read-trans=16 -mllvm -maxi-write-trans=16 -mllvm -maxi-read-burst-len=16 -mllvm -maxi-write-burst-len=16 -mllvm -reflow-enable-saxi-64bits=0 -mllvm -reflow-basic-block-instr-threshold=200000 -mllvm -reflow-auto-pipeline-threshold=64 -mllvm -reflow-enable-maxi-auto-id-channel=0 -mllvm -enable-fp-thr=0 -mllvm -reflow-bdd-simplify-threshold=1048576 -mllvm -reflow-fanout-threshold=16 -mllvm -assume-maxi-align=1 -mllvm -reflow-pipeline-style-llvm-setting=2 -mllvm -reflow-enable-dataflow-strict-mode-checking=1 -ftime-report -mllvm -time-passes -mllvm -reflow-auto-array-partition-mode=default -mllvm -reflow-enable-auto-array-partition=true -mllvm -reflow-enable-auto-parallel-performance-driven=true -mllvm -reflow-enable-partition-for-automation=true -mllvm -reflow-aggregate-bitwidth-threshold=4096 -mllvm -reflow-reserved-saxilite-registers=0 -mllvm -enable-reflow-auto-loop-pipeline -mllvm -reflow-max-unroll-threshold=409600 -mllvm -reflow-assume-no-address-wrap=true -mllvm -reflow-enable-occurrence-inference=true -mllvm -reflow-emit-hint-scope=true -mllvm -hls -mllvm -disable-inlined-alloca-merging=true -mllvm -default-clock-period=10 -x ir D:/code/pp4fpga/project1/fir128/solution1/.autopilot/db/a.g.ld.5.gdce.bc -o D:/code/pp4fpga/project1/fir128/solution1/.autopilot/db/a.g.lto.bc {-hls-platform-db-name=D:/Xilinx/Vitis_HLS/2023.2\common/technology\xilinx/common/platform.db} -hls-platform-name=zynq_slow -device-resource-info=BRAM_280.000000_DSP_220.000000_FF_106400.000000_LUT_53200.000000_SLICE_13300.000000_URAM_0.000000 -device-name-info=xc7z020clg400-1 2> D:/code/pp4fpga/project1/fir128/solution1/.autopilot/db/a.g.ld.0.bc.clang.reflow.err.log bg_poll_cmd: ::AP::poll_clang_39_closed_source
Execute       send_msg_by_id INFO @200-1995@%s%s%s 2,675 Compile/Link D:/code/pp4fpga/project1/fir128/solution1/syn/report/csynth_design_size.rpt 
INFO: [HLS 200-1995] There were 2,675 instructions in the design after the 'Compile/Link' phase of compilation. See the Design Size Report for more details: D:/code/pp4fpga/project1/fir128/solution1/syn/report/csynth_design_size.rpt
Execute       send_msg_by_id INFO @200-1995@%s%s%s 1,289 Unroll/Inline (step 1) D:/code/pp4fpga/project1/fir128/solution1/syn/report/csynth_design_size.rpt 
INFO: [HLS 200-1995] There were 1,289 instructions in the design after the 'Unroll/Inline (step 1)' phase of compilation. See the Design Size Report for more details: D:/code/pp4fpga/project1/fir128/solution1/syn/report/csynth_design_size.rpt
Execute       send_msg_by_id INFO @200-1995@%s%s%s 1,184 Unroll/Inline (step 2) D:/code/pp4fpga/project1/fir128/solution1/syn/report/csynth_design_size.rpt 
INFO: [HLS 200-1995] There were 1,184 instructions in the design after the 'Unroll/Inline (step 2)' phase of compilation. See the Design Size Report for more details: D:/code/pp4fpga/project1/fir128/solution1/syn/report/csynth_design_size.rpt
Execute       send_msg_by_id INFO @200-1995@%s%s%s 1,172 Unroll/Inline (step 3) D:/code/pp4fpga/project1/fir128/solution1/syn/report/csynth_design_size.rpt 
INFO: [HLS 200-1995] There were 1,172 instructions in the design after the 'Unroll/Inline (step 3)' phase of compilation. See the Design Size Report for more details: D:/code/pp4fpga/project1/fir128/solution1/syn/report/csynth_design_size.rpt
Execute       send_msg_by_id INFO @200-1995@%s%s%s 1,172 Unroll/Inline (step 4) D:/code/pp4fpga/project1/fir128/solution1/syn/report/csynth_design_size.rpt 
INFO: [HLS 200-1995] There were 1,172 instructions in the design after the 'Unroll/Inline (step 4)' phase of compilation. See the Design Size Report for more details: D:/code/pp4fpga/project1/fir128/solution1/syn/report/csynth_design_size.rpt
Execute       send_msg_by_id INFO @200-1995@%s%s%s 1,170 Array/Struct (step 1) D:/code/pp4fpga/project1/fir128/solution1/syn/report/csynth_design_size.rpt 
INFO: [HLS 200-1995] There were 1,170 instructions in the design after the 'Array/Struct (step 1)' phase of compilation. See the Design Size Report for more details: D:/code/pp4fpga/project1/fir128/solution1/syn/report/csynth_design_size.rpt
Execute       send_msg_by_id INFO @200-1995@%s%s%s 1,170 Array/Struct (step 2) D:/code/pp4fpga/project1/fir128/solution1/syn/report/csynth_design_size.rpt 
INFO: [HLS 200-1995] There were 1,170 instructions in the design after the 'Array/Struct (step 2)' phase of compilation. See the Design Size Report for more details: D:/code/pp4fpga/project1/fir128/solution1/syn/report/csynth_design_size.rpt
Execute       send_msg_by_id INFO @200-1995@%s%s%s 1,170 Array/Struct (step 3) D:/code/pp4fpga/project1/fir128/solution1/syn/report/csynth_design_size.rpt 
INFO: [HLS 200-1995] There were 1,170 instructions in the design after the 'Array/Struct (step 3)' phase of compilation. See the Design Size Report for more details: D:/code/pp4fpga/project1/fir128/solution1/syn/report/csynth_design_size.rpt
Execute       send_msg_by_id INFO @200-1995@%s%s%s 1,170 Array/Struct (step 4) D:/code/pp4fpga/project1/fir128/solution1/syn/report/csynth_design_size.rpt 
INFO: [HLS 200-1995] There were 1,170 instructions in the design after the 'Array/Struct (step 4)' phase of compilation. See the Design Size Report for more details: D:/code/pp4fpga/project1/fir128/solution1/syn/report/csynth_design_size.rpt
Execute       send_msg_by_id INFO @200-1995@%s%s%s 1,170 Array/Struct (step 5) D:/code/pp4fpga/project1/fir128/solution1/syn/report/csynth_design_size.rpt 
INFO: [HLS 200-1995] There were 1,170 instructions in the design after the 'Array/Struct (step 5)' phase of compilation. See the Design Size Report for more details: D:/code/pp4fpga/project1/fir128/solution1/syn/report/csynth_design_size.rpt
Execute       send_msg_by_id INFO @200-1995@%s%s%s 1,170 Performance (step 1) D:/code/pp4fpga/project1/fir128/solution1/syn/report/csynth_design_size.rpt 
INFO: [HLS 200-1995] There were 1,170 instructions in the design after the 'Performance (step 1)' phase of compilation. See the Design Size Report for more details: D:/code/pp4fpga/project1/fir128/solution1/syn/report/csynth_design_size.rpt
Execute       send_msg_by_id INFO @200-1995@%s%s%s 1,170 Performance (step 2) D:/code/pp4fpga/project1/fir128/solution1/syn/report/csynth_design_size.rpt 
INFO: [HLS 200-1995] There were 1,170 instructions in the design after the 'Performance (step 2)' phase of compilation. See the Design Size Report for more details: D:/code/pp4fpga/project1/fir128/solution1/syn/report/csynth_design_size.rpt
Execute       send_msg_by_id INFO @200-1995@%s%s%s 1,170 Performance (step 3) D:/code/pp4fpga/project1/fir128/solution1/syn/report/csynth_design_size.rpt 
INFO: [HLS 200-1995] There were 1,170 instructions in the design after the 'Performance (step 3)' phase of compilation. See the Design Size Report for more details: D:/code/pp4fpga/project1/fir128/solution1/syn/report/csynth_design_size.rpt
Execute       send_msg_by_id INFO @200-1995@%s%s%s 1,170 Performance (step 4) D:/code/pp4fpga/project1/fir128/solution1/syn/report/csynth_design_size.rpt 
INFO: [HLS 200-1995] There were 1,170 instructions in the design after the 'Performance (step 4)' phase of compilation. See the Design Size Report for more details: D:/code/pp4fpga/project1/fir128/solution1/syn/report/csynth_design_size.rpt
Execute       send_msg_by_id INFO @200-1995@%s%s%s 1,173 HW Transforms (step 1) D:/code/pp4fpga/project1/fir128/solution1/syn/report/csynth_design_size.rpt 
INFO: [HLS 200-1995] There were 1,173 instructions in the design after the 'HW Transforms (step 1)' phase of compilation. See the Design Size Report for more details: D:/code/pp4fpga/project1/fir128/solution1/syn/report/csynth_design_size.rpt
Execute       send_msg_by_id INFO @200-1995@%s%s%s 1,174 HW Transforms (step 2) D:/code/pp4fpga/project1/fir128/solution1/syn/report/csynth_design_size.rpt 
INFO: [HLS 200-1995] There were 1,174 instructions in the design after the 'HW Transforms (step 2)' phase of compilation. See the Design Size Report for more details: D:/code/pp4fpga/project1/fir128/solution1/syn/report/csynth_design_size.rpt
INFO: [HLS 214-186] Unrolling loop 'MAC' (fir128/fir.cpp:37:2) in function 'fir' completely with a factor of 128 (fir128/fir.cpp:19:0)
INFO: [HLS 214-186] Unrolling loop 'TDL' (fir128/fir.cpp:31:2) in function 'fir' completely with a factor of 127 (fir128/fir.cpp:19:0)
INFO: [HLS 214-248] Applying array_partition to '_ZZ3firP6ap_intILi17EES0_E9shift_reg': Complete partitioning on dimension 1. (fir128/fir.cpp:24:0)
INFO-FLOW: DBG:PUTS: copy_raw_kernel_xml ap_link_39: kernel.xml not generated: D:/code/pp4fpga/project1/fir128/solution1/.autopilot/db/kernel.internal.xml
INFO: [HLS 200-111] Finished Compiling Optimization and Transform: CPU user time: 0 seconds. CPU system time: 0 seconds. Elapsed time: 7.551 seconds; current allocated memory: 118.633 MB.
INFO: [HLS 200-111] Finished Checking Pragmas: CPU user time: 0 seconds. CPU system time: 0 seconds. Elapsed time: 0.002 seconds; current allocated memory: 118.633 MB.
Execute       opt_and_import_c a -opt_level=2 -skip_syncheck=0 -ng=0 -keep_printf=0 
Execute         cleanup_all_models 
INFO: [HLS 200-10] Starting code transformations ...
INFO-FLOW: Running Standard Transforms...
Execute         transform -hls -share-std-xform -demangle-name -inline-byval-memcpy -always-inline -promote-dbg-pointer -interface-preproc -mem2reg -scalarrepl -mem2reg -keep-read-access -instcombine -dce -promote-dbg-pointer -bitop-raise -loop-simplify -indvarspre -indvars -loop-simplify -xunroll -constprop -instcombine -simplifycfg -indvars -simplifycfg -dce -globaldce -basicaa -simplifycfg -mem2reg -globalopt -global-constprop -deadargelim -instcombine -simplifycfg -scalarrepl -instcombine -reassociate -licm -simplifycfg -loop-simplify -indvars -instcombine -simplifycfg -mem2reg -loop-simplify -indvars -instcombine -gvn -gvn -instcombine -adce -break-crit-edges -simplifycfg -loop-delete -global-array-opt -dce -dse -adce -find-syn-modules -top fir -deadargelim -mem2reg -instcombine -dce -presyn-prepare -interface-preproc -syn-check -check-rec-only -find-region -simplifycfg -func-extr -function-inline -globaldce -mem2reg -instcombine -dce -gvn -globaldce -adce -adse -constprop -instcombine -bit-constprop -instcombine -dce -simplifycfg -bitop-raise -simplifycfg -dce -loop-delete -reassociate -globalopt -global-privatize -mem2reg -dce -global-constprop -pointer-simplify -constprop -dce -auto-shift-reg-idiom -promote-dbg-pointer -norm-name D:/code/pp4fpga/project1/fir128/solution1/.autopilot/db/a.g.0.bc -o D:/code/pp4fpga/project1/fir128/solution1/.autopilot/db/a.g.1.bc -f -phase std-opt 
INFO: [HLS 200-111] Finished Standard Transforms: CPU user time: 0 seconds. CPU system time: 0 seconds. Elapsed time: 0.046 seconds; current allocated memory: 123.816 MB.
INFO: [HLS 200-10] Checking synthesizability ...
INFO-FLOW: Checking Synthesizability 1/2..
Execute         transform -hls -syn-check -check-rec-only -scalarrepl -norm-name -dce -mem2reg -instcombine -directive-preproc -mem2reg -dse -dce -dce -pag -array-normalize -instcombine -dce -array-seg-normalize -instcombine -dce -data-pack -instcombine -dce -inst-simplify -array-flatten -instcombine -dce -array-burst -dce -deadargelim -promote-global-argument -simplifycfg -mem2reg -globaldce -dce -deadargelim -dce -instcombine -function-inline -globaldce -dce -doublePtrSimplify -doublePtrElim -dce -doublePtrSimplify -promote-dbg-pointer -dce -scalarrepl -dse -adse -instcombine -ptrLegalization -simplifycfg -dce -instcombine -pointer-simplify -ptrArgReplace -dce -instcombine -resolve-double-ptr -scalarrepl -norm-name -dce -mem2reg -instcombine -ptrLegalization -simplifycfg -deadargelim -instcombine -dce -inst-simplify -directive-preproc -mem2reg -dse -dce -globaldce D:/code/pp4fpga/project1/fir128/solution1/.autopilot/db/a.g.1.bc -o D:/code/pp4fpga/project1/fir128/solution1/.autopilot/db/a.g.2.prechk.bc -f 
INFO-FLOW: Checking Synthesizability 2/2..
Execute         transform -syn-check D:/code/pp4fpga/project1/fir128/solution1/.autopilot/db/a.g.2.prechk.bc -o D:/code/pp4fpga/project1/fir128/solution1/.autopilot/db/a.g.2.bc -f -phase syn-check 
INFO: [HLS 200-111] Finished Checking Synthesizability: CPU user time: 0 seconds. CPU system time: 0 seconds. Elapsed time: 0.031 seconds; current allocated memory: 125.066 MB.
INFO-FLOW: Compiler optimizing ...
INFO-FLOW: Share syncheck's 1.bc for syn flow: copy D:/code/pp4fpga/project1/fir128/solution1/.autopilot/db/a.g.1.bc to D:/code/pp4fpga/project1/fir128/solution1/.autopilot/db/a.o.1.bc
INFO-FLOW: Presyn 1...
Execute         transform -hls -tmp D:/code/pp4fpga/project1/fir128/solution1/.autopilot/db -interface-port-rename -directive-preproc -mem2reg -dse -dce -scalarrepl -norm-name -deadargelim -mem2reg -instcombine -dce -simplifycfg -dce -resource-proc -clib-intrinsic-prepare -dce -func-buffer -dce -pag -array-normalize -func-legal -instcombine -gvn -constprop -dce -simplifycfg -mem2reg -globaldce -resolve-double-ptr -dce -deadargelim -dce -instcombine -ptrArgReplace -mem2reg -dce -array-seg-normalize -deadargelim -instcombine -dce -directive-preproc -mem2reg -dse -dce -pointer-simplify -dce -port-alignment -dce -interface-preproc -data-pack -instcombine -dce -basicaa -aggr-aa -aggrmodref-aa -aggr-aa -gvn -gvn -basicaa -aggr-aa -aggrmodref-aa -aggr-aa -dse -adse -adce -loop-simplify -indvars -instcombine -gvn -loop-simplify -mem2reg -dce -find-region -instcombine -inst-simplify -interface-preproc -cfgopt -instcombine -indvars -auto-loop-unroll -loop-simplify -loop-bound -xunroll -constprop -instcombine -simplifycfg -indvars -simplifycfg -dce -globaldce -clean-region -attach-range -gvn -inst-simplify -constprop -simplifycfg -dce -pointer-simplify -dce -globalopt -constprop -dce -array-promote -scalar-auto-dep-elim -constprop -dce -ptrArgReplace -mem2reg -simplifycfg -dce -instcombine -dce -array-transform-check -array-reshape -instcombine -simplifycfg -dce -ptrArgReplace -deadargelim -mem2reg -instcombine -simplifycfg -dce -indvars -loop-simplify -loop-bound -xunroll -constprop -instcombine -simplifycfg -indvars -simplifycfg -dce -globaldce -basicaa -aggr-aa -aggrmodref-aa -aggr-aa -dse -duplicate-dataflow-processes -globaldce -instcombine -array-partition -prepare-dynamic-array-partition -instcombine -simplifycfg -dce -ptrArgReplace -global-constprop -deadargelim -mem2reg -func-legal -dce -global-constprop -deadargelim -mem2reg -simplifycfg -dce -merge-param -deadargelim -globalopt -constprop -dce -array-promote -scalar-auto-dep-elim -constprop -dce -ptrArgReplace -mem2reg -simplifycfg -dce -mem-intrinsic-preproc -dce -global-internalize -global-privatize -mem2reg -globaldce -promote-global-argument -ptrArgReplace -mem2reg -dce -globalopt -mergereturn -simplify-global-access -mem2reg -dce -pointer-simplify -dce -functionattrs -basicaa -aggr-aa -aggrmodref-aa -aggr-aa -gvn -gvn -basicaa -aggr-aa -aggrmodref-aa -aggr-aa -dse -adse -adce -dce -norm-name -basicaa -aggr-aa -aggrmodref-aa -aggr-aa -accesses-merge -function-inline -complex-op-raise -inst-simplify -globaldce -func-legal -dce -loop-bound -arraycheck -bitwidthmin2 -bitwidthmin2 -on-by-dataflow -loop-delete -instcombine -simplifycfg -globaldce -dce -gvn -deadargelim -dce -loop-simplify -clean-region -simplifycfg -propagate-stable-arguments -loop-stream -instcombine -simplifycfg -dce -globaldce -duplicate-dataflow-processes -stream-intrinsic-preproc -dce -check-ap-stream -loop-simplify -eliminate-keepreads -extract-dataflow-in-loop -loop-simplify -dce -gvn -deadargelim -dse -duplicate-dataflow-processes -check-dataflow-syntax -legalize-stream-variable -globaldce -legalize-global -extract-subproc -dce -dead-channel-elimination -canonicalize-gep -globaldce -dce -gvn -hls-dead-arg-elim -deadargelim -directive-preproc -canonicalize-dataflow -dce -globaldce -scalar-preprocessing -scalar-propagation2 -scalar-stream -deadargelim -globaldce -mem2reg -check-dataflow-channels -function-stream -dce -globaldce -prop-fifo-spec -internal-stream-gen -canonicalize-gep -globaldce -dce -gvn -deadargelim -mergereturn -indvars -loop-simplify -instcombine -array-stream -array-seg-normalize -array-partition -clean-array-spec -func-legal -instcombine -simplifycfg -dce -bundle-memfifo-ops -deadargelim -directive-preproc -mem2reg -dse -dce -group-axi-access -licm -simplifycfg -dce -loop-delete -hls-display -norm-name D:/code/pp4fpga/project1/fir128/solution1/.autopilot/db/a.o.1.bc -o D:/code/pp4fpga/project1/fir128/solution1/.autopilot/db/a.o.1.tmp.bc -f 
INFO-FLOW: Presyn 2...
Execute         transform -hls -keep-callgraph -scalarrepl -mem2reg -port-alignment -attach-range -dce -pipe-mux-gen -indvars -loop-bound -inst-simplify -instcombine -dce -merge-array-access -mem2reg -dce -clean-region -mergereturn -if-conv -instcombine -dce -constprop -basicaa -aggr-aa -aggrmodref-aa -aggr-aa -gvn -gvn -basicaa -aggr-aa -aggrmodref-aa -aggr-aa -dse -adse -adce -scalarrepl -mem2reg -global-constprop -deadargelim -deadargelim -instcombine -dce -simplifycfg -ptrArgReplace -mem2reg -function-inline -globaldce -mem2reg -instcombine -dce -expr-balance -instcombine -dce -bitwidthmin2 -bitwidthmin2 -interface-preproc -directive-preproc -inst-rectify -instcombine -dce -functionattrs -constprop -instcombine -bit-constprop -simplify-global-access -globalopt -globaldce -inst-simplify -instcombine -elimdeaddata -dce -loop-delete -simplifycfg -loop-simplify -barrier -norm-name D:/code/pp4fpga/project1/fir128/solution1/.autopilot/db/a.o.1.tmp.bc -o D:/code/pp4fpga/project1/fir128/solution1/.autopilot/db/a.o.2.bc -f -phase presyn 
INFO: [XFORM 203-11] Balancing expressions in function 'fir' (fir128/fir.cpp:15:1)...51 expression(s) balanced.
INFO: [HLS 200-111] Finished Loop, function and other optimizations: CPU user time: 0 seconds. CPU system time: 0 seconds. Elapsed time: 0.093 seconds; current allocated memory: 147.453 MB.
INFO-FLOW: Building ssdm...
Execute         transform -hls -auto-function-inline -globaldce -ptrArgReplace -mem2reg -dce -reset-lda -loop-simplify -indvars -aggr-aa -licm -loop-dep -loop-bound -licm -loop-simplify -loop-sink-hoist -flattenloopnest -array-flatten -gvn -instcombine -dce -array-map -dce -func-legal -gvn -adce -instcombine -cfgopt -simplifycfg-lite -loop-simplify -array-burst -promote-global-argument -dce -array-seg-normalize -basicaa -aggrmodref-aa -globalsmodref-aa -aggr-aa -gvn -gvn -basicaa -aggrmodref-aa -globalsmodref-aa -aggr-aa -dse -adse -adce -licm -inst-simplify -dce -globaldce -instcombine -array-stream -eliminate-keepreads -instcombine -dce -deadargelim -doublePtrSimplify -doublePtrElim -dce -doublePtrSimplify -promote-dbg-pointer -dce -scalarrepl -mem2reg -norm-name -mem2reg -instcombine -dse -adse -adce -ptrLegalization -dce -array-flatten -dce -instcombine -check-doubleptr -loop-rot -constprop -cfgopt -simplifycfg-lite -loop-simplify -indvars -pointer-simplify -dce -loop-bound -loop-simplify -loop-preproc -constprop -global-constprop -gvn -mem2reg -instcombine -dce -loop-bound -loop-merge -dce -deadargelim -dce -canonicalize-dataflow -dce -deadargelim -globaldce -mem2reg -bram-byte-enable -inst-simplify -inst-rectify -instcombine -adce -deadargelim -load-elim -read-loop-dep -loop-simplify -loop-extract-inner -directive-preproc -bitwidthmin2 -bitwidthmin2 -read-loop-dep -interface-preproc -directive-preproc -interface-gen -bram-byte-enable-spec-prop -deadargelim -inst-simplify -dce -mem2reg -instcombine -gvn -dce -adse -loop-bound -instcombine -cfgopt -simplifycfg-lite -loop-simplify -clean-region -io-protocol -find-region -mem2reg -bitop-raise -complex-op-raise -inst-simplify -inst-rectify -instcombine -adce -deadargelim -float-op-raise -loop-simplify -phi-opt -bitop-raise -cfgopt -simplifycfg-lite -strip-dead-prototypes -interface-lower -bitop-lower -intrinsic-lower -auto-function-inline -basicaa -aggrmodref-aa -globalsmodref-aa -aggr-aa -inst-simplify -simplifycfg-lite -loop-simplify -mergereturn -inst-simplify -inst-rectify -globaldce -dce -load-elim -bitop-lower -float-op-raise -fma-raise -loop-rewind -pointer-simplify -dce -cfgopt -dce -loop-bound -loop-dep -read-loop-dep -dce -dyn-mem-reuse -dce -recurrence-min -dce -share-scalar-alloca -deadargelim -dce -check-stream -norm-name -legalize -validate-dataflow -inst-clarity -bitwidth -dce -dump-loop-dep-to-ir -check-all-ssdm -dump-complexity-metric -cdfg-build D:/code/pp4fpga/project1/fir128/solution1/.autopilot/db/a.o.2.bc -o D:/code/pp4fpga/project1/fir128/solution1/.autopilot/db/a.o.3.bc -f -phase build-ssdm 
Execute           auto_get_db
Command         transform done; 0.107 sec.
INFO: [HLS 200-111] Finished Architecture Synthesis: CPU user time: 0 seconds. CPU system time: 0 seconds. Elapsed time: 0.108 seconds; current allocated memory: 147.461 MB.
INFO-FLOW: Finish building internal data model.
Command       opt_and_import_c done; 0.282 sec.
Command     elaborate done; 11.669 sec.
Execute     ap_eval exec zip -j D:/code/pp4fpga/project1/fir128/solution1/.autopilot/db/dut.hcp $dbDir/a.o.3.bc $dbDir/${topname}.rtl_wrap.cfg.tcl $dbDir/apatb_${topname}.cpp $dbDir/apatb_${topname}_util.cpp $dbDir/apatb_${topname}_ir.ll $dbDir/mapper_${topname}.cpp $dbDir/top-io-fe.xml $dbDir/kernel.internal.xml $workdir/../hls.app 
Execute     autosyn -from_csynth_design=1 
INFO: [HLS 200-10] Starting hardware synthesis ...
INFO-FLOW: Synthesizing C/C++ design ...
INFO: [HLS 200-10] Synthesizing 'fir' ...
Execute       ap_set_top_model fir 
Execute       get_model_list fir -filter all-wo-channel -topdown 
Execute       preproc_iomode -model fir 
Execute       get_model_list fir -filter all-wo-channel 
INFO-FLOW: Model list for configure: fir
INFO-FLOW: Configuring Module : fir ...
Execute       set_default_model fir 
Execute       apply_spec_resource_limit fir 
INFO-FLOW: Model list for preprocess: fir
INFO-FLOW: Preprocessing Module: fir ...
Execute       set_default_model fir 
Execute       cdfg_preprocess -model fir 
Execute       rtl_gen_preprocess fir 
INFO-FLOW: Model list for synthesis: fir
INFO: [HLS 200-10] ----------------------------------------------------------------
INFO: [HLS 200-42] -- Implementing module 'fir' 
INFO: [HLS 200-10] ----------------------------------------------------------------
Execute       set_default_model fir 
Execute       schedule -model fir 
INFO: [SCHED 204-11] Starting scheduling ...
INFO: [HLS 200-486] Changing DSP latency (root=add_ln39_1) to 3 in order to utilize available DSP registers.
INFO: [SCHED 204-11] Finished scheduling.
Command       schedule done; 0.152 sec.
INFO: [HLS 200-111] Finished Scheduling: CPU user time: 0 seconds. CPU system time: 0 seconds. Elapsed time: 0.266 seconds; current allocated memory: 149.117 MB.
Execute       syn_report -verbosereport -o D:/code/pp4fpga/project1/fir128/solution1/.autopilot/db/fir.verbose.sched.rpt 
Execute         list_part -family xc7z020-clg400-1 
Execute           ap_family_info -name xc7z020-clg400-1 -data names 
Execute           ap_part_info -quiet -name xc7z020-clg400-1 -data family 
Execute       db_write -o D:/code/pp4fpga/project1/fir128/solution1/.autopilot/db/fir.sched.adb -f 
INFO-FLOW: Finish scheduling fir.
Execute       set_default_model fir 
Execute       bind -model fir 
INFO: [BIND 205-100] Starting micro-architecture generation ...
INFO: [BIND 205-101] Performing variable lifetime analysis.
INFO: [BIND 205-101] Exploring resource sharing.
INFO: [BIND 205-101] Binding ...
INFO: [BIND 205-100] Finished micro-architecture generation.
INFO: [HLS 200-111] Finished Binding: CPU user time: 0 seconds. CPU system time: 0 seconds. Elapsed time: 0.113 seconds; current allocated memory: 150.445 MB.
Execute       syn_report -verbosereport -o D:/code/pp4fpga/project1/fir128/solution1/.autopilot/db/fir.verbose.bind.rpt 
Execute         list_part -family xc7z020-clg400-1 
Execute           ap_family_info -name xc7z020-clg400-1 -data names 
Execute           ap_part_info -quiet -name xc7z020-clg400-1 -data family 
Execute       db_write -o D:/code/pp4fpga/project1/fir128/solution1/.autopilot/db/fir.bind.adb -f 
INFO-FLOW: Finish binding fir.
Execute       get_model_list fir -filter all-wo-channel 
INFO-FLOW: Preprocessing for RTLGen ...
Execute       rtl_gen_preprocess fir 
INFO-FLOW: Model list for RTL generation: fir
INFO: [HLS 200-10] ----------------------------------------------------------------
INFO: [HLS 200-10] -- Generating RTL for module 'fir' 
INFO: [HLS 200-10] ----------------------------------------------------------------
Execute       create_rtl_model fir -top_prefix  -sub_prefix fir_ -mg_file D:/code/pp4fpga/project1/fir128/solution1/.autopilot/db/fir.compgen.tcl 
INFO: [RTGEN 206-500] Setting interface mode on port 'fir/y' to 'ap_vld'.
INFO: [RTGEN 206-500] Setting interface mode on port 'fir/x' to 'ap_none'.
INFO: [RTGEN 206-500] Setting interface mode on function 'fir' to 'ap_ctrl_hs'.
WARNING: [RTGEN 206-101] Register 'p_ZZ3firP6ap_intILi17EES0_E9shift_reg_126' is power-on initialization.
WARNING: [RTGEN 206-101] Register 'p_ZZ3firP6ap_intILi17EES0_E9shift_reg_125' is power-on initialization.
WARNING: [RTGEN 206-101] Register 'p_ZZ3firP6ap_intILi17EES0_E9shift_reg_124' is power-on initialization.
WARNING: [RTGEN 206-101] Register 'p_ZZ3firP6ap_intILi17EES0_E9shift_reg_123' is power-on initialization.
WARNING: [RTGEN 206-101] Register 'p_ZZ3firP6ap_intILi17EES0_E9shift_reg_122' is power-on initialization.
WARNING: [RTGEN 206-101] Register 'p_ZZ3firP6ap_intILi17EES0_E9shift_reg_121' is power-on initialization.
WARNING: [RTGEN 206-101] Register 'p_ZZ3firP6ap_intILi17EES0_E9shift_reg_120' is power-on initialization.
WARNING: [RTGEN 206-101] Register 'p_ZZ3firP6ap_intILi17EES0_E9shift_reg_119' is power-on initialization.
WARNING: [RTGEN 206-101] Register 'p_ZZ3firP6ap_intILi17EES0_E9shift_reg_118' is power-on initialization.
WARNING: [RTGEN 206-101] Register 'p_ZZ3firP6ap_intILi17EES0_E9shift_reg_117' is power-on initialization.
WARNING: [RTGEN 206-101] Register 'p_ZZ3firP6ap_intILi17EES0_E9shift_reg_116' is power-on initialization.
WARNING: [RTGEN 206-101] Register 'p_ZZ3firP6ap_intILi17EES0_E9shift_reg_115' is power-on initialization.
WARNING: [RTGEN 206-101] Register 'p_ZZ3firP6ap_intILi17EES0_E9shift_reg_114' is power-on initialization.
WARNING: [RTGEN 206-101] Register 'p_ZZ3firP6ap_intILi17EES0_E9shift_reg_113' is power-on initialization.
WARNING: [RTGEN 206-101] Register 'p_ZZ3firP6ap_intILi17EES0_E9shift_reg_112' is power-on initialization.
WARNING: [RTGEN 206-101] Register 'p_ZZ3firP6ap_intILi17EES0_E9shift_reg_111' is power-on initialization.
WARNING: [RTGEN 206-101] Register 'p_ZZ3firP6ap_intILi17EES0_E9shift_reg_110' is power-on initialization.
WARNING: [RTGEN 206-101] Register 'p_ZZ3firP6ap_intILi17EES0_E9shift_reg_109' is power-on initialization.
WARNING: [RTGEN 206-101] Register 'p_ZZ3firP6ap_intILi17EES0_E9shift_reg_108' is power-on initialization.
WARNING: [RTGEN 206-101] Register 'p_ZZ3firP6ap_intILi17EES0_E9shift_reg_107' is power-on initialization.
WARNING: [RTGEN 206-101] Register 'p_ZZ3firP6ap_intILi17EES0_E9shift_reg_106' is power-on initialization.
WARNING: [RTGEN 206-101] Register 'p_ZZ3firP6ap_intILi17EES0_E9shift_reg_105' is power-on initialization.
WARNING: [RTGEN 206-101] Register 'p_ZZ3firP6ap_intILi17EES0_E9shift_reg_104' is power-on initialization.
WARNING: [RTGEN 206-101] Register 'p_ZZ3firP6ap_intILi17EES0_E9shift_reg_103' is power-on initialization.
WARNING: [RTGEN 206-101] Register 'p_ZZ3firP6ap_intILi17EES0_E9shift_reg_102' is power-on initialization.
WARNING: [RTGEN 206-101] Register 'p_ZZ3firP6ap_intILi17EES0_E9shift_reg_101' is power-on initialization.
WARNING: [RTGEN 206-101] Register 'p_ZZ3firP6ap_intILi17EES0_E9shift_reg_100' is power-on initialization.
WARNING: [RTGEN 206-101] Register 'p_ZZ3firP6ap_intILi17EES0_E9shift_reg_99' is power-on initialization.
WARNING: [RTGEN 206-101] Register 'p_ZZ3firP6ap_intILi17EES0_E9shift_reg_98' is power-on initialization.
WARNING: [RTGEN 206-101] Register 'p_ZZ3firP6ap_intILi17EES0_E9shift_reg_97' is power-on initialization.
WARNING: [RTGEN 206-101] Register 'p_ZZ3firP6ap_intILi17EES0_E9shift_reg_96' is power-on initialization.
WARNING: [RTGEN 206-101] Register 'p_ZZ3firP6ap_intILi17EES0_E9shift_reg_95' is power-on initialization.
WARNING: [RTGEN 206-101] Register 'p_ZZ3firP6ap_intILi17EES0_E9shift_reg_94' is power-on initialization.
WARNING: [RTGEN 206-101] Register 'p_ZZ3firP6ap_intILi17EES0_E9shift_reg_93' is power-on initialization.
WARNING: [RTGEN 206-101] Register 'p_ZZ3firP6ap_intILi17EES0_E9shift_reg_92' is power-on initialization.
WARNING: [RTGEN 206-101] Register 'p_ZZ3firP6ap_intILi17EES0_E9shift_reg_91' is power-on initialization.
WARNING: [RTGEN 206-101] Register 'p_ZZ3firP6ap_intILi17EES0_E9shift_reg_90' is power-on initialization.
WARNING: [RTGEN 206-101] Register 'p_ZZ3firP6ap_intILi17EES0_E9shift_reg_89' is power-on initialization.
WARNING: [RTGEN 206-101] Register 'p_ZZ3firP6ap_intILi17EES0_E9shift_reg_88' is power-on initialization.
WARNING: [RTGEN 206-101] Register 'p_ZZ3firP6ap_intILi17EES0_E9shift_reg_87' is power-on initialization.
WARNING: [RTGEN 206-101] Register 'p_ZZ3firP6ap_intILi17EES0_E9shift_reg_86' is power-on initialization.
WARNING: [RTGEN 206-101] Register 'p_ZZ3firP6ap_intILi17EES0_E9shift_reg_85' is power-on initialization.
WARNING: [RTGEN 206-101] Register 'p_ZZ3firP6ap_intILi17EES0_E9shift_reg_84' is power-on initialization.
WARNING: [RTGEN 206-101] Register 'p_ZZ3firP6ap_intILi17EES0_E9shift_reg_83' is power-on initialization.
WARNING: [RTGEN 206-101] Register 'p_ZZ3firP6ap_intILi17EES0_E9shift_reg_82' is power-on initialization.
WARNING: [RTGEN 206-101] Register 'p_ZZ3firP6ap_intILi17EES0_E9shift_reg_81' is power-on initialization.
WARNING: [RTGEN 206-101] Register 'p_ZZ3firP6ap_intILi17EES0_E9shift_reg_80' is power-on initialization.
WARNING: [RTGEN 206-101] Register 'p_ZZ3firP6ap_intILi17EES0_E9shift_reg_79' is power-on initialization.
WARNING: [RTGEN 206-101] Register 'p_ZZ3firP6ap_intILi17EES0_E9shift_reg_78' is power-on initialization.
WARNING: [RTGEN 206-101] Register 'p_ZZ3firP6ap_intILi17EES0_E9shift_reg_77' is power-on initialization.
WARNING: [RTGEN 206-101] Register 'p_ZZ3firP6ap_intILi17EES0_E9shift_reg_76' is power-on initialization.
WARNING: [RTGEN 206-101] Register 'p_ZZ3firP6ap_intILi17EES0_E9shift_reg_75' is power-on initialization.
WARNING: [RTGEN 206-101] Register 'p_ZZ3firP6ap_intILi17EES0_E9shift_reg_74' is power-on initialization.
WARNING: [RTGEN 206-101] Register 'p_ZZ3firP6ap_intILi17EES0_E9shift_reg_73' is power-on initialization.
WARNING: [RTGEN 206-101] Register 'p_ZZ3firP6ap_intILi17EES0_E9shift_reg_72' is power-on initialization.
WARNING: [RTGEN 206-101] Register 'p_ZZ3firP6ap_intILi17EES0_E9shift_reg_71' is power-on initialization.
WARNING: [RTGEN 206-101] Register 'p_ZZ3firP6ap_intILi17EES0_E9shift_reg_70' is power-on initialization.
WARNING: [RTGEN 206-101] Register 'p_ZZ3firP6ap_intILi17EES0_E9shift_reg_69' is power-on initialization.
WARNING: [RTGEN 206-101] Register 'p_ZZ3firP6ap_intILi17EES0_E9shift_reg_68' is power-on initialization.
WARNING: [RTGEN 206-101] Register 'p_ZZ3firP6ap_intILi17EES0_E9shift_reg_67' is power-on initialization.
WARNING: [RTGEN 206-101] Register 'p_ZZ3firP6ap_intILi17EES0_E9shift_reg_66' is power-on initialization.
WARNING: [RTGEN 206-101] Register 'p_ZZ3firP6ap_intILi17EES0_E9shift_reg_65' is power-on initialization.
WARNING: [RTGEN 206-101] Register 'p_ZZ3firP6ap_intILi17EES0_E9shift_reg_64' is power-on initialization.
WARNING: [RTGEN 206-101] Register 'p_ZZ3firP6ap_intILi17EES0_E9shift_reg_63' is power-on initialization.
WARNING: [RTGEN 206-101] Register 'p_ZZ3firP6ap_intILi17EES0_E9shift_reg_62' is power-on initialization.
WARNING: [RTGEN 206-101] Register 'p_ZZ3firP6ap_intILi17EES0_E9shift_reg_61' is power-on initialization.
WARNING: [RTGEN 206-101] Register 'p_ZZ3firP6ap_intILi17EES0_E9shift_reg_60' is power-on initialization.
WARNING: [RTGEN 206-101] Register 'p_ZZ3firP6ap_intILi17EES0_E9shift_reg_59' is power-on initialization.
WARNING: [RTGEN 206-101] Register 'p_ZZ3firP6ap_intILi17EES0_E9shift_reg_58' is power-on initialization.
WARNING: [RTGEN 206-101] Register 'p_ZZ3firP6ap_intILi17EES0_E9shift_reg_57' is power-on initialization.
WARNING: [RTGEN 206-101] Register 'p_ZZ3firP6ap_intILi17EES0_E9shift_reg_56' is power-on initialization.
WARNING: [RTGEN 206-101] Register 'p_ZZ3firP6ap_intILi17EES0_E9shift_reg_55' is power-on initialization.
WARNING: [RTGEN 206-101] Register 'p_ZZ3firP6ap_intILi17EES0_E9shift_reg_54' is power-on initialization.
WARNING: [RTGEN 206-101] Register 'p_ZZ3firP6ap_intILi17EES0_E9shift_reg_53' is power-on initialization.
WARNING: [RTGEN 206-101] Register 'p_ZZ3firP6ap_intILi17EES0_E9shift_reg_52' is power-on initialization.
WARNING: [RTGEN 206-101] Register 'p_ZZ3firP6ap_intILi17EES0_E9shift_reg_51' is power-on initialization.
WARNING: [RTGEN 206-101] Register 'p_ZZ3firP6ap_intILi17EES0_E9shift_reg_50' is power-on initialization.
WARNING: [RTGEN 206-101] Register 'p_ZZ3firP6ap_intILi17EES0_E9shift_reg_49' is power-on initialization.
WARNING: [RTGEN 206-101] Register 'p_ZZ3firP6ap_intILi17EES0_E9shift_reg_48' is power-on initialization.
WARNING: [RTGEN 206-101] Register 'p_ZZ3firP6ap_intILi17EES0_E9shift_reg_47' is power-on initialization.
WARNING: [RTGEN 206-101] Register 'p_ZZ3firP6ap_intILi17EES0_E9shift_reg_46' is power-on initialization.
WARNING: [RTGEN 206-101] Register 'p_ZZ3firP6ap_intILi17EES0_E9shift_reg_45' is power-on initialization.
WARNING: [RTGEN 206-101] Register 'p_ZZ3firP6ap_intILi17EES0_E9shift_reg_44' is power-on initialization.
WARNING: [RTGEN 206-101] Register 'p_ZZ3firP6ap_intILi17EES0_E9shift_reg_43' is power-on initialization.
WARNING: [RTGEN 206-101] Register 'p_ZZ3firP6ap_intILi17EES0_E9shift_reg_42' is power-on initialization.
WARNING: [RTGEN 206-101] Register 'p_ZZ3firP6ap_intILi17EES0_E9shift_reg_41' is power-on initialization.
WARNING: [RTGEN 206-101] Register 'p_ZZ3firP6ap_intILi17EES0_E9shift_reg_40' is power-on initialization.
WARNING: [RTGEN 206-101] Register 'p_ZZ3firP6ap_intILi17EES0_E9shift_reg_39' is power-on initialization.
WARNING: [RTGEN 206-101] Register 'p_ZZ3firP6ap_intILi17EES0_E9shift_reg_38' is power-on initialization.
WARNING: [RTGEN 206-101] Register 'p_ZZ3firP6ap_intILi17EES0_E9shift_reg_37' is power-on initialization.
WARNING: [RTGEN 206-101] Register 'p_ZZ3firP6ap_intILi17EES0_E9shift_reg_36' is power-on initialization.
WARNING: [RTGEN 206-101] Register 'p_ZZ3firP6ap_intILi17EES0_E9shift_reg_35' is power-on initialization.
WARNING: [RTGEN 206-101] Register 'p_ZZ3firP6ap_intILi17EES0_E9shift_reg_34' is power-on initialization.
WARNING: [RTGEN 206-101] Register 'p_ZZ3firP6ap_intILi17EES0_E9shift_reg_33' is power-on initialization.
WARNING: [RTGEN 206-101] Register 'p_ZZ3firP6ap_intILi17EES0_E9shift_reg_32' is power-on initialization.
WARNING: [RTGEN 206-101] Register 'p_ZZ3firP6ap_intILi17EES0_E9shift_reg_31' is power-on initialization.
WARNING: [RTGEN 206-101] Register 'p_ZZ3firP6ap_intILi17EES0_E9shift_reg_30' is power-on initialization.
WARNING: [RTGEN 206-101] Register 'p_ZZ3firP6ap_intILi17EES0_E9shift_reg_29' is power-on initialization.
WARNING: [RTGEN 206-101] Register 'p_ZZ3firP6ap_intILi17EES0_E9shift_reg_28' is power-on initialization.
WARNING: [RTGEN 206-101] Register 'p_ZZ3firP6ap_intILi17EES0_E9shift_reg_27' is power-on initialization.
WARNING: [RTGEN 206-101] Register 'p_ZZ3firP6ap_intILi17EES0_E9shift_reg_26' is power-on initialization.
WARNING: [RTGEN 206-101] Register 'p_ZZ3firP6ap_intILi17EES0_E9shift_reg_25' is power-on initialization.
WARNING: [RTGEN 206-101] Register 'p_ZZ3firP6ap_intILi17EES0_E9shift_reg_24' is power-on initialization.
WARNING: [RTGEN 206-101] Register 'p_ZZ3firP6ap_intILi17EES0_E9shift_reg_23' is power-on initialization.
WARNING: [RTGEN 206-101] Register 'p_ZZ3firP6ap_intILi17EES0_E9shift_reg_22' is power-on initialization.
WARNING: [RTGEN 206-101] Register 'p_ZZ3firP6ap_intILi17EES0_E9shift_reg_21' is power-on initialization.
WARNING: [RTGEN 206-101] Register 'p_ZZ3firP6ap_intILi17EES0_E9shift_reg_20' is power-on initialization.
WARNING: [RTGEN 206-101] Register 'p_ZZ3firP6ap_intILi17EES0_E9shift_reg_19' is power-on initialization.
WARNING: [RTGEN 206-101] Register 'p_ZZ3firP6ap_intILi17EES0_E9shift_reg_18' is power-on initialization.
WARNING: [RTGEN 206-101] Register 'p_ZZ3firP6ap_intILi17EES0_E9shift_reg_17' is power-on initialization.
WARNING: [RTGEN 206-101] Register 'p_ZZ3firP6ap_intILi17EES0_E9shift_reg_16' is power-on initialization.
WARNING: [RTGEN 206-101] Register 'p_ZZ3firP6ap_intILi17EES0_E9shift_reg_15' is power-on initialization.
WARNING: [RTGEN 206-101] Register 'p_ZZ3firP6ap_intILi17EES0_E9shift_reg_14' is power-on initialization.
WARNING: [RTGEN 206-101] Register 'p_ZZ3firP6ap_intILi17EES0_E9shift_reg_13' is power-on initialization.
WARNING: [RTGEN 206-101] Register 'p_ZZ3firP6ap_intILi17EES0_E9shift_reg_12' is power-on initialization.
WARNING: [RTGEN 206-101] Register 'p_ZZ3firP6ap_intILi17EES0_E9shift_reg_11' is power-on initialization.
WARNING: [RTGEN 206-101] Register 'p_ZZ3firP6ap_intILi17EES0_E9shift_reg_10' is power-on initialization.
WARNING: [RTGEN 206-101] Register 'fir_ap_int_17_ap_int_17_shift_reg_9' is power-on initialization.
WARNING: [RTGEN 206-101] Register 'fir_ap_int_17_ap_int_17_shift_reg_8' is power-on initialization.
WARNING: [RTGEN 206-101] Register 'fir_ap_int_17_ap_int_17_shift_reg_7' is power-on initialization.
WARNING: [RTGEN 206-101] Register 'fir_ap_int_17_ap_int_17_shift_reg_6' is power-on initialization.
WARNING: [RTGEN 206-101] Register 'fir_ap_int_17_ap_int_17_shift_reg_5' is power-on initialization.
WARNING: [RTGEN 206-101] Register 'fir_ap_int_17_ap_int_17_shift_reg_4' is power-on initialization.
WARNING: [RTGEN 206-101] Register 'fir_ap_int_17_ap_int_17_shift_reg_3' is power-on initialization.
WARNING: [RTGEN 206-101] Register 'fir_ap_int_17_ap_int_17_shift_reg_2' is power-on initialization.
WARNING: [RTGEN 206-101] Register 'fir_ap_int_17_ap_int_17_shift_reg_1' is power-on initialization.
WARNING: [RTGEN 206-101] Register 'fir_ap_int_17_ap_int_17_shift_reg' is power-on initialization.
INFO: [RTGEN 206-100] Generating core module 'ama_addmuladd_16ns_16ns_4ns_16ns_16_4_1': 1 instance(s).
INFO: [RTGEN 206-100] Finished creating RTL model for 'fir'.
Command       create_rtl_model done; 1.382 sec.
INFO: [HLS 200-111] Finished Creating RTL model: CPU user time: 0 seconds. CPU system time: 1 seconds. Elapsed time: 1.493 seconds; current allocated memory: 154.906 MB.
Execute       source D:/code/pp4fpga/project1/fir128/solution1/.autopilot/db/fir.rtl_wrap.cfg.tcl 
Execute       gen_rtl fir -istop -style xilinx -f -lang vhdl -o D:/code/pp4fpga/project1/fir128/solution1/syn/vhdl/fir 
Execute       gen_rtl fir -istop -style xilinx -f -lang vlog -o D:/code/pp4fpga/project1/fir128/solution1/syn/verilog/fir 
Execute       syn_report -csynth -model fir -o D:/code/pp4fpga/project1/fir128/solution1/syn/report/fir_csynth.rpt 
Execute         list_part -family xc7z020-clg400-1 
Execute           ap_family_info -name xc7z020-clg400-1 -data names 
Execute           ap_part_info -quiet -name xc7z020-clg400-1 -data family 
Execute       syn_report -rtlxml -model fir -o D:/code/pp4fpga/project1/fir128/solution1/syn/report/fir_csynth.xml 
Execute         list_part -family xc7z020-clg400-1 
Execute           ap_family_info -name xc7z020-clg400-1 -data names 
Execute           ap_part_info -quiet -name xc7z020-clg400-1 -data family 
Execute       syn_report -verbosereport -model fir -o D:/code/pp4fpga/project1/fir128/solution1/.autopilot/db/fir.verbose.rpt 
Execute         list_part -family xc7z020-clg400-1 
Execute           ap_family_info -name xc7z020-clg400-1 -data names 
Execute           ap_part_info -quiet -name xc7z020-clg400-1 -data family 
Execute       db_write -model fir -f -o D:/code/pp4fpga/project1/fir128/solution1/.autopilot/db/fir.adb 
Execute       db_write -model fir -bindview -o D:/code/pp4fpga/project1/fir128/solution1/.autopilot/db/design.bindinfo.xml 
Execute       gen_tb_info fir -p D:/code/pp4fpga/project1/fir128/solution1/.autopilot/db -o D:/code/pp4fpga/project1/fir128/solution1/.autopilot/db/fir 
Execute       export_constraint_db -f -tool general -o D:/code/pp4fpga/project1/fir128/solution1/.autopilot/db/fir.constraint.tcl 
Execute       syn_report -designview -model fir -o D:/code/pp4fpga/project1/fir128/solution1/.autopilot/db/fir.design.xml 
Execute       syn_report -csynthDesign -model fir -o D:/code/pp4fpga/project1/fir128/solution1/syn/report/csynth.rpt -MHOut D:/code/pp4fpga/project1/fir128/solution1/.autopilot/db/kernel_module_hierarchy.tcl 
Execute         list_part -family xc7z020-clg400-1 
Execute           ap_family_info -name xc7z020-clg400-1 -data names 
Execute           ap_part_info -quiet -name xc7z020-clg400-1 -data family 
Execute       syn_report -wcfg -model fir -o D:/code/pp4fpga/project1/fir128/solution1/.autopilot/db/fir_dataflow_ana.wcfg 
Execute       syn_report -protoinst -model fir -o D:/code/pp4fpga/project1/fir128/solution1/.autopilot/db/fir.protoinst 
Execute       sc_get_clocks fir 
Execute       sc_get_portdomain fir 
INFO-FLOW: Model list for RTL component generation: fir
INFO-FLOW: Handling components in module [fir] ... 
Execute       source D:/code/pp4fpga/project1/fir128/solution1/.autopilot/db/fir.compgen.tcl 
INFO-FLOW: Found component fir_ama_addmuladd_16ns_16ns_4ns_16ns_16_4_1.
INFO-FLOW: Append model fir_ama_addmuladd_16ns_16ns_4ns_16ns_16_4_1
INFO-FLOW: Append model fir
INFO-FLOW: Generating RTL model list ...
INFO-FLOW: All models in this session: fir_ama_addmuladd_16ns_16ns_4ns_16ns_16_4_1 fir
INFO-FLOW: Generating D:/code/pp4fpga/project1/fir128/solution1/.autopilot/db/autopilot.rtl.models.txt file...
INFO-FLOW: To file: write model fir_ama_addmuladd_16ns_16ns_4ns_16ns_16_4_1
INFO-FLOW: To file: write model fir
INFO-FLOW: Generating D:/code/pp4fpga/project1/fir128/solution1/.autopilot/db/autopilot.rtl.models.tcl file...
INFO-FLOW: Finished generating RTL model list.


INFO-FLOW: RTL Generation done.
INFO-FLOW: CAS Generation done.
INFO-FLOW: CBC Generation done.
INFO-FLOW: DBG:PROC: ::AESL_AUTOMG::auto_generate_csynth_design
INFO-FLOW: DBG:PUTS: read_platform_lib D:/code/pp4fpga/project1/fir128/solution1/.autopilot/db/global.setting.tcl
Execute       source D:/Xilinx/Vitis_HLS/2023.2/common/technology/generic/autopilot/common.gen 
Execute         source D:/Xilinx/Vitis_HLS/2023.2/common/technology/generic/autopilot/APCoreGen.gen 
Execute       source D:/Xilinx/Vitis_HLS/2023.2/common/technology/generic/autopilot/op.gen 
Execute       source D:/Xilinx/Vitis_HLS/2023.2/common/technology/generic/autopilot/op_simcore.gen 
Execute       source D:/Xilinx/Vitis_HLS/2023.2/common/technology/generic/autopilot/interface.gen 
Execute       source D:/code/pp4fpga/project1/fir128/solution1/.autopilot/db/global.setting.tcl 
Execute       source D:/Xilinx/Vitis_HLS/2023.2/common/technology/xilinx/common/xilinx.gen 
Execute         source D:/Xilinx/Vitis_HLS/2023.2/common/technology/xilinx/interface/plb46.gen 
Execute         source D:/Xilinx/Vitis_HLS/2023.2/common/technology/xilinx/interface/axi4.gen 
Execute         source D:/Xilinx/Vitis_HLS/2023.2/common/technology/xilinx/interface/nativeAXI4.gen 
Execute           source D:/Xilinx/Vitis_HLS/2023.2/common/technology/xilinx/interface/saxilite.gen 
Execute         source D:/Xilinx/Vitis_HLS/2023.2/common/technology/xilinx/scripts/xilinxcoregen.gen 
Execute         source D:/Xilinx/Vitis_HLS/2023.2/common/technology/xilinx/interface/XilEDKCoreGen.gen 
Execute         source D:/Xilinx/Vitis_HLS/2023.2/common/technology/xilinx/ip/dds_compiler.gen 
Execute         source D:/Xilinx/Vitis_HLS/2023.2/common/technology/xilinx/ip/util.gen 
Execute         source D:/Xilinx/Vitis_HLS/2023.2/common/technology/xilinx/ip/xfft.gen 
Execute         source D:/Xilinx/Vitis_HLS/2023.2/common/technology/xilinx/ip/xfir.gen 
Execute         source D:/Xilinx/Vitis_HLS/2023.2/common/technology/xilinx/DSP48/dsp48.gen 
INFO-FLOW: DBG:PUTS:   using AESL_AUTOCG::g_clock_period=10.000 (was NA)
INFO-FLOW: DBG:PROC: ::AESL_AUTOMG::generate_ip_cores gen_sim_model='1' gen_fp_models='0' gen_for_export='0' dstSCDir='' dstVhdlDir='D:/code/pp4fpga/project1/fir128/solution1/.autopilot/db/vhdl' dstVlogDir='D:/code/pp4fpga/project1/fir128/solution1/.autopilot/db/vlog' tclDir='D:/code/pp4fpga/project1/fir128/solution1/.autopilot/db' modelList='fir_ama_addmuladd_16ns_16ns_4ns_16ns_16_4_1
fir
' expOnly='0'
Execute       source D:/code/pp4fpga/project1/fir128/solution1/.autopilot/db/global.setting.tcl 
Execute       ap_part_info -name xc7z020-clg400-1 -data names -quiet 
Execute       ap_part_info -name xc7z020-clg400-1 -data info -quiet 
Execute       source D:/code/pp4fpga/project1/fir128/solution1/.autopilot/db/global.setting.tcl 
Execute       source D:/code/pp4fpga/project1/fir128/solution1/.autopilot/db/global.setting.tcl 
Execute       source D:/code/pp4fpga/project1/fir128/solution1/.autopilot/db/fir.compgen.tcl 
Execute         ap_part_info -name xc7z020-clg400-1 -data names -quiet 
Execute         ap_part_info -name xc7z020-clg400-1 -data info -quiet 
Execute         ap_part_info -name xc7z020-clg400-1 -data info 
INFO: [HLS 200-111] Finished Generating all RTL models: CPU user time: 1 seconds. CPU system time: 0 seconds. Elapsed time: 0.838 seconds; current allocated memory: 165.367 MB.
INFO-FLOW: DBG:PROC: ::HLSREPORTS::create_csynth_xml bind_info_var='bind_info' RtlSubPrefix='fir_' outfile=''
INFO-FLOW: Running: create_csynth_xml read xml data
INFO-FLOW: Done: create_csynth_xml read xml data time: 0 seconds per iteration
INFO-FLOW: Running: create_csynth_xml bind info
INFO-FLOW: Done: create_csynth_xml bind info time: 0 seconds per iteration
INFO-FLOW: Running: create_csynth_xml config info
INFO-FLOW: Done: create_csynth_xml config info time: 0.3 seconds per iteration
INFO-FLOW: Running: create_csynth_xml write xml
INFO-FLOW: Done: create_csynth_xml write xml time: 0 seconds per iteration
INFO-FLOW: DBG:PUTS:      create_csynth_xml wrote csynth_xml=D:/code/pp4fpga/project1/fir128/solution1/syn/report/csynth.xml
INFO-FLOW: DBG:PROC: ::AP::DESIGN_DATA::generate_json generate_bd_files='0' generate_xo_files='0' modelList='fir_ama_addmuladd_16ns_16ns_4ns_16ns_16_4_1
fir
' rtl_lang='both' bootstrap_tcl='false' outdir='' outfilename=''
Execute       source D:/code/pp4fpga/project1/fir128/solution1/.autopilot/db/global.setting.tcl 
Execute       source D:/code/pp4fpga/project1/fir128/solution1/.autopilot/db/global.setting.tcl 
Execute       source D:/code/pp4fpga/project1/fir128/solution1/.autopilot/db/top-io-be.tcl 
Execute       source D:/code/pp4fpga/project1/fir128/solution1/.autopilot/db/fir.tbgen.tcl 
Execute       source D:/code/pp4fpga/project1/fir128/solution1/.autopilot/db/fir.rtl_wrap.cfg.tcl 
Execute       source D:/code/pp4fpga/project1/fir128/solution1/.autopilot/db/fir.compgen.dataonly.tcl 
Execute       source D:/code/pp4fpga/project1/fir128/solution1/.autopilot/db/fir.tbgen.tcl 
Execute       source D:/code/pp4fpga/project1/fir128/solution1/.autopilot/db/global.setting.tcl 
Execute       ap_part_info -name xc7z020-clg400-1 -data names -quiet 
Execute       ap_part_info -name xc7z020-clg400-1 -data info -quiet 
Execute       source D:/code/pp4fpga/project1/fir128/solution1/.autopilot/db/fir.constraint.tcl 
Execute       sc_get_clocks fir 
Execute       source D:/code/pp4fpga/project1/fir128/solution1/.autopilot/db/global.setting.tcl 
INFO-FLOW: DBG:PROC: ::HLSREPORTS::add_csynth_report_sections bind_info_dict='adapter_nodes {} report_dict {TOPINST fir MODULE2INSTS {fir fir} INST2MODULE {fir fir} INSTDATA {fir {DEPTH 1 CHILDREN {}}} MODULEDATA {fir {BINDINFO {{BINDTYPE op ID {} IMPL fabric LATENCY 0 OPTYPE add PRAGMA {} RTLNAME tmp4_fu_608_p2 SOURCE fir128/fir.cpp:39 VARIABLE tmp4 LOOP {} BUNDLEDNAME {} DSP 0 BRAM 0 URAM 0 STORAGESUBTYPE {} DISPNAME {bind_op add}} {BINDTYPE op ID {} IMPL fabric LATENCY 0 OPTYPE add PRAGMA {} RTLNAME tmp9_fu_624_p2 SOURCE fir128/fir.cpp:39 VARIABLE tmp9 LOOP {} BUNDLEDNAME {} DSP 0 BRAM 0 URAM 0 STORAGESUBTYPE {} DISPNAME {bind_op add}} {BINDTYPE op ID {} IMPL fabric LATENCY 0 OPTYPE add PRAGMA {} RTLNAME tmp20_fu_550_p2 SOURCE fir128/fir.cpp:39 VARIABLE tmp20 LOOP {} BUNDLEDNAME {} DSP 0 BRAM 0 URAM 0 STORAGESUBTYPE {} DISPNAME {bind_op add}} {BINDTYPE op ID {} IMPL fabric LATENCY 0 OPTYPE add PRAGMA {} RTLNAME tmp25_fu_983_p2 SOURCE fir128/fir.cpp:39 VARIABLE tmp25 LOOP {} BUNDLEDNAME {} DSP 0 BRAM 0 URAM 0 STORAGESUBTYPE {} DISPNAME {bind_op add}} {BINDTYPE op ID {} IMPL fabric LATENCY 0 OPTYPE add PRAGMA {} RTLNAME tmp32_fu_1819_p2 SOURCE fir128/fir.cpp:39 VARIABLE tmp32 LOOP {} BUNDLEDNAME {} DSP 0 BRAM 0 URAM 0 STORAGESUBTYPE {} DISPNAME {bind_op add}} {BINDTYPE op ID {} IMPL fabric LATENCY 0 OPTYPE add PRAGMA {} RTLNAME tmp131_fu_1006_p2 SOURCE fir128/fir.cpp:39 VARIABLE tmp131 LOOP {} BUNDLEDNAME {} DSP 0 BRAM 0 URAM 0 STORAGESUBTYPE {} DISPNAME {bind_op add}} {BINDTYPE op ID {} IMPL fabric LATENCY 0 OPTYPE add PRAGMA {} RTLNAME grp_fu_2574_p0 SOURCE fir128/fir.cpp:39 VARIABLE tmp122 LOOP {} BUNDLEDNAME {} DSP 0 BRAM 0 URAM 0 STORAGESUBTYPE {} DISPNAME {bind_op add}} {BINDTYPE op ID {} IMPL dsp_slice LATENCY 3 OPTYPE add PRAGMA {} RTLNAME ama_addmuladd_16ns_16ns_4ns_16ns_16_4_1_U1 SOURCE fir128/fir.cpp:39 VARIABLE tmp153 LOOP {} BUNDLEDNAME {} DSP 1 BRAM 0 URAM 0 STORAGESUBTYPE {} DISPNAME {bind_op add}} {BINDTYPE op ID {} IMPL dsp_slice LATENCY 3 OPTYPE mul PRAGMA {} RTLNAME ama_addmuladd_16ns_16ns_4ns_16ns_16_4_1_U1 SOURCE fir128/fir.cpp:39 VARIABLE tmp154 LOOP {} BUNDLEDNAME {} DSP 1 BRAM 0 URAM 0 STORAGESUBTYPE {} DISPNAME {bind_op mul}} {BINDTYPE op ID {} IMPL fabric LATENCY 0 OPTYPE add PRAGMA {} RTLNAME tmp124_fu_1845_p2 SOURCE fir128/fir.cpp:39 VARIABLE tmp124 LOOP {} BUNDLEDNAME {} DSP 0 BRAM 0 URAM 0 STORAGESUBTYPE {} DISPNAME {bind_op add}} {BINDTYPE op ID {} IMPL fabric LATENCY 0 OPTYPE add PRAGMA {} RTLNAME tmp126_fu_1862_p2 SOURCE fir128/fir.cpp:33 VARIABLE tmp126 LOOP {} BUNDLEDNAME {} DSP 0 BRAM 0 URAM 0 STORAGESUBTYPE {} DISPNAME {bind_op add}} {BINDTYPE op ID {} IMPL dsp_slice LATENCY 3 OPTYPE add PRAGMA {} RTLNAME ama_addmuladd_16ns_16ns_4ns_16ns_16_4_1_U1 SOURCE fir128/fir.cpp:39 VARIABLE add_ln39_1 LOOP {} BUNDLEDNAME {} DSP 1 BRAM 0 URAM 0 STORAGESUBTYPE {} DISPNAME {bind_op add}}} AREA {DSP 1 BRAM 0 URAM 0}}}}'
INFO-FLOW: DBG:PUTS:      update_csynth_reports json2rpt_hw_sw_interfaces
INFO-FLOW: Running: gen_csynth_sec_pragma
INFO-FLOW: Done: gen_csynth_sec_pragma time: 0 seconds per iteration
INFO-FLOW: DBG:PUTS:      update_csynth_reports wrote xml
INFO-FLOW: DBG:PUTS:      update_csynth_reports appended to csynth rpt file
INFO: [HLS 200-111] Finished Updating report files: CPU user time: 0 seconds. CPU system time: 0 seconds. Elapsed time: 0.473 seconds; current allocated memory: 170.309 MB.
INFO: [VHDL 208-304] Generating VHDL RTL for fir.
INFO: [VLOG 209-307] Generating Verilog RTL for fir.
Execute       syn_report -model fir -printsummary 
INFO: [HLS 200-789] **** Estimated Fmax: 151.45 MHz
Command     autosyn done; 3.174 sec.
Command   csynth_design done; 14.986 sec.
INFO: [HLS 200-111] Finished Command csynth_design CPU user time: 1 seconds. CPU system time: 1 seconds. Elapsed time: 14.986 seconds; current allocated memory: 56.441 MB.
Command ap_source done; 15.915 sec.
Execute cleanup_all 
