D:\code\pp4fpga\project1\fir128\solution1\.autopilot\db\fir.pp.0.cpp:1322:7: warning: Added loop label VITIS_LOOP_1207_1:   [xilinx-label-all-loops]
      for (i = 0; i < __N - 1; ++i) {
      ^~~
      VITIS_LOOP_1207_1: 
D:\code\pp4fpga\project1\fir128\solution1\.autopilot\db\fir.pp.0.cpp:1322:7: note: FIX-IT applied suggested code changes
D:\code\pp4fpga\project1\fir128\solution1\.autopilot\db\fir.pp.0.cpp:2296:5: warning: Added loop label VITIS_LOOP_676_1:   [xilinx-label-all-loops]
    for (unsigned i = low; i != high; ++i) {
    ^~~
    VITIS_LOOP_676_1: 
D:\code\pp4fpga\project1\fir128\solution1\.autopilot\db\fir.pp.0.cpp:2296:5: note: FIX-IT applied suggested code changes
D:\code\pp4fpga\project1\fir128\solution1\.autopilot\db\fir.pp.0.cpp:2310:5: warning: Added loop label VITIS_LOOP_690_1:   [xilinx-label-all-loops]
    for (unsigned i = low; i != high; ++i) {
    ^~~
    VITIS_LOOP_690_1: 
D:\code\pp4fpga\project1\fir128\solution1\.autopilot\db\fir.pp.0.cpp:2310:5: note: FIX-IT applied suggested code changes
D:\code\pp4fpga\project1\fir128\solution1\.autopilot\db\fir.pp.0.cpp:2324:5: warning: Added loop label VITIS_LOOP_704_1:   [xilinx-label-all-loops]
    for (unsigned i = low; i != high; ++i) {
    ^~~
    VITIS_LOOP_704_1: 
D:\code\pp4fpga\project1\fir128\solution1\.autopilot\db\fir.pp.0.cpp:2324:5: note: FIX-IT applied suggested code changes
D:\code\pp4fpga\project1\fir128\solution1\.autopilot\db\fir.pp.0.cpp:3953:7: warning: Added loop label VITIS_LOOP_1247_1:   [xilinx-label-all-loops]
      for (i = 0; i < __N - 1; ++i) {
      ^~~
      VITIS_LOOP_1247_1: 
D:\code\pp4fpga\project1\fir128\solution1\.autopilot\db\fir.pp.0.cpp:3953:7: note: FIX-IT applied suggested code changes
