

================================================================
== Vitis HLS Report for 'fir'
================================================================
* Date:           Thu Jan 25 20:14:04 2024

* Version:        2023.2 (Build 4023990 on Oct 11 2023)
* Project:        fir128
* Solution:       solution1 (Vivado IP Flow Target)
* Product family: zynq
* Target device:  xc7z020-clg400-1


================================================================
== Performance Estimates
================================================================
+ Timing: 
    * Summary: 
    +--------+----------+----------+------------+
    |  Clock |  Target  | Estimated| Uncertainty|
    +--------+----------+----------+------------+
    |ap_clk  |  10.00 ns|  6.603 ns|     2.70 ns|
    +--------+----------+----------+------------+

+ Latency: 
    * Summary: 
    +---------+---------+----------+----------+-----+-----+---------+
    |  Latency (cycles) |  Latency (absolute) |  Interval | Pipeline|
    |   min   |   max   |    min   |    max   | min | max |   Type  |
    +---------+---------+----------+----------+-----+-----+---------+
    |       27|       27|  0.270 us|  0.270 us|   28|   28|       no|
    +---------+---------+----------+----------+-----+-----+---------+

    + Detail: 
        * Instance: 
        N/A

        * Loop: 
        N/A



================================================================
== Utilization Estimates
================================================================
* Summary: 
+-----------------+---------+-----+--------+-------+-----+
|       Name      | BRAM_18K| DSP |   FF   |  LUT  | URAM|
+-----------------+---------+-----+--------+-------+-----+
|DSP              |        -|    1|       -|      -|    -|
|Expression       |        -|    -|       0|   1967|    -|
|FIFO             |        -|    -|       -|      -|    -|
|Instance         |        -|    -|       -|      -|    -|
|Memory           |        -|    -|       -|      -|    -|
|Multiplexer      |        -|    -|       -|    130|    -|
|Register         |        -|    -|    3161|      -|    -|
+-----------------+---------+-----+--------+-------+-----+
|Total            |        0|    1|    3161|   2097|    0|
+-----------------+---------+-----+--------+-------+-----+
|Available        |      280|  220|  106400|  53200|    0|
+-----------------+---------+-----+--------+-------+-----+
|Utilization (%)  |        0|   ~0|       2|      3|    0|
+-----------------+---------+-----+--------+-------+-----+

+ Detail: 
    * Instance: 
    N/A

    * DSP: 
    +--------------------------------------------+-----------------------------------------+---------------------+
    |                  Instance                  |                  Module                 |      Expression     |
    +--------------------------------------------+-----------------------------------------+---------------------+
    |ama_addmuladd_16ns_16ns_4ns_16ns_16_4_1_U1  |ama_addmuladd_16ns_16ns_4ns_16ns_16_4_1  |  i0 + (i1 + i2) * i3|
    +--------------------------------------------+-----------------------------------------+---------------------+

    * Memory: 
    N/A

    * FIFO: 
    N/A

    * Expression: 
    +-----------------------+----------+----+---+----+------------+------------+
    |     Variable Name     | Operation| DSP| FF| LUT| Bitwidth P0| Bitwidth P1|
    +-----------------------+----------+----+---+----+------------+------------+
    |acc_fu_2564_p2         |         +|   0|  0|  16|          16|          16|
    |add_ln39_2_fu_2218_p2  |         +|   0|  0|  16|          16|          16|
    |add_ln39_fu_2558_p2    |         +|   0|  0|  16|          16|          16|
    |grp_fu_2574_p0         |         +|   0|  0|  23|          16|          16|
    |tmp10_fu_520_p2        |         +|   0|  0|  15|          15|          15|
    |tmp119_fu_1836_p2      |         +|   0|  0|  16|          16|          16|
    |tmp11_fu_514_p2        |         +|   0|  0|  15|          15|          15|
    |tmp120_fu_1629_p2      |         +|   0|  0|  16|          16|          16|
    |tmp121_fu_1623_p2      |         +|   0|  0|  16|          16|          16|
    |tmp123_fu_1324_p2      |         +|   0|  0|  16|          16|          16|
    |tmp124_fu_1845_p2      |         +|   0|  0|  23|          16|          16|
    |tmp125_fu_1335_p2      |         +|   0|  0|  13|          13|          13|
    |tmp126_fu_1862_p2      |         +|   0|  0|  14|          13|          13|
    |tmp12_fu_644_p2        |         +|   0|  0|  15|          15|          15|
    |tmp131_fu_1006_p2      |         +|   0|  0|  23|          16|          16|
    |tmp139_fu_1319_p2      |         +|   0|  0|  16|          16|          16|
    |tmp13_fu_640_p2        |         +|   0|  0|  15|          15|          15|
    |tmp147_fu_1840_p2      |         +|   0|  0|  16|          16|          16|
    |tmp14_fu_532_p2        |         +|   0|  0|  15|          15|          15|
    |tmp15_fu_526_p2        |         +|   0|  0|  15|          15|          15|
    |tmp164_fu_1330_p2      |         +|   0|  0|  16|          16|          16|
    |tmp168_fu_1851_p2      |         +|   0|  0|  16|          16|          16|
    |tmp16_fu_544_p2        |         +|   0|  0|  15|          15|          15|
    |tmp171_fu_2063_p2      |         +|   0|  0|  16|          16|          16|
    |tmp17_fu_538_p2        |         +|   0|  0|  15|          15|          15|
    |tmp182_fu_1341_p2      |         +|   0|  0|  13|          13|          13|
    |tmp186_fu_1868_p2      |         +|   0|  0|  13|          13|          13|
    |tmp1891_fu_2078_p2     |         +|   0|  0|  13|          13|          13|
    |tmp18_fu_561_p2        |         +|   0|  0|  15|          15|          15|
    |tmp19_fu_555_p2        |         +|   0|  0|  15|          15|          15|
    |tmp1_fu_649_p2         |         +|   0|  0|  15|          15|          15|
    |tmp20_fu_550_p2        |         +|   0|  0|  20|          15|          15|
    |tmp21_fu_343_p2        |         +|   0|  0|  15|          15|          15|
    |tmp22_fu_337_p2        |         +|   0|  0|  15|          15|          15|
    |tmp23_fu_989_p2        |         +|   0|  0|  15|          15|          15|
    |tmp24_fu_978_p2        |         +|   0|  0|  15|          15|          15|
    |tmp25_fu_983_p2        |         +|   0|  0|  20|          15|          15|
    |tmp26_fu_1001_p2       |         +|   0|  0|  15|          15|          15|
    |tmp27_fu_995_p2        |         +|   0|  0|  15|          15|          15|
    |tmp28_fu_860_p2        |         +|   0|  0|  15|          15|          15|
    |tmp29_fu_854_p2        |         +|   0|  0|  15|          15|          15|
    |tmp2_fu_619_p2         |         +|   0|  0|  15|          15|          15|
    |tmp30_fu_1899_p2       |         +|   0|  0|  15|          15|          15|
    |tmp31_fu_1813_p2       |         +|   0|  0|  15|          15|          15|
    |tmp32_fu_1819_p2       |         +|   0|  0|  20|          15|          15|
    |tmp33_fu_1831_p2       |         +|   0|  0|  15|          15|          15|
    |tmp34_fu_1825_p2       |         +|   0|  0|  15|          15|          15|
    |tmp35_fu_1606_p2       |         +|   0|  0|  15|          15|          15|
    |tmp36_fu_1600_p2       |         +|   0|  0|  15|          15|          15|
    |tmp37_fu_1315_p2       |         +|   0|  0|  16|          16|          16|
    |tmp38_fu_1194_p2       |         +|   0|  0|  16|          16|          16|
    |tmp39_fu_1188_p2       |         +|   0|  0|  16|          16|          16|
    |tmp3_fu_613_p2         |         +|   0|  0|  15|          15|          15|
    |tmp4_fu_608_p2         |         +|   0|  0|  20|          15|          15|
    |tmp5_fu_508_p2         |         +|   0|  0|  15|          15|          15|
    |tmp61_fu_653_p2        |         +|   0|  0|  15|          15|          15|
    |tmp6_fu_502_p2         |         +|   0|  0|  15|          15|          15|
    |tmp77_fu_1167_p2       |         +|   0|  0|  15|          15|          15|
    |tmp7_fu_635_p2         |         +|   0|  0|  15|          15|          15|
    |tmp8_fu_629_p2         |         +|   0|  0|  15|          15|          15|
    |tmp93_fu_1903_p2       |         +|   0|  0|  15|          15|          15|
    |tmp9_fu_624_p2         |         +|   0|  0|  20|          15|          15|
    |grp_fu_2574_p1         |         -|   0|  0|  16|          16|          16|
    |tmp100_fu_2197_p2      |         -|   0|  0|  15|          15|          15|
    |tmp101_fu_2202_p2      |         -|   0|  0|  15|          15|          15|
    |tmp102_fu_2251_p2      |         -|   0|  0|  15|          15|          15|
    |tmp103_fu_2256_p2      |         -|   0|  0|  15|          15|          15|
    |tmp104_fu_2290_p2      |         -|   0|  0|  15|          15|          15|
    |tmp105_fu_2295_p2      |         -|   0|  0|  15|          15|          15|
    |tmp106_fu_2329_p2      |         -|   0|  0|  15|          15|          15|
    |tmp107_fu_2334_p2      |         -|   0|  0|  15|          15|          15|
    |tmp108_fu_2368_p2      |         -|   0|  0|  15|          15|          15|
    |tmp109_fu_2373_p2      |         -|   0|  0|  15|          15|          15|
    |tmp110_fu_2407_p2      |         -|   0|  0|  15|          15|          15|
    |tmp111_fu_2412_p2      |         -|   0|  0|  15|          15|          15|
    |tmp112_fu_2446_p2      |         -|   0|  0|  15|          15|          15|
    |tmp113_fu_2451_p2      |         -|   0|  0|  15|          15|          15|
    |tmp114_fu_2485_p2      |         -|   0|  0|  15|          15|          15|
    |tmp115_fu_2490_p2      |         -|   0|  0|  15|          15|          15|
    |tmp116_fu_2529_p2      |         -|   0|  0|  15|          15|          15|
    |tmp117_fu_2534_p2      |         -|   0|  0|  15|          15|          15|
    |tmp132_fu_1012_p2      |         -|   0|  0|  16|          16|          16|
    |tmp133_fu_1018_p2      |         -|   0|  0|  16|          16|          16|
    |tmp134_fu_1177_p2      |         -|   0|  0|  16|          16|          16|
    |tmp135_fu_1182_p2      |         -|   0|  0|  16|          16|          16|
    |tmp140_fu_1394_p2      |         -|   0|  0|  16|          16|          16|
    |tmp141_fu_1399_p2      |         -|   0|  0|  16|          16|          16|
    |tmp142_fu_1612_p2      |         -|   0|  0|  16|          16|          16|
    |tmp143_fu_1617_p2      |         -|   0|  0|  16|          16|          16|
    |tmp148_fu_1908_p2      |         -|   0|  0|  16|          16|          16|
    |tmp149_fu_1913_p2      |         -|   0|  0|  16|          16|          16|
    |tmp150_fu_2041_p2      |         -|   0|  0|  16|          16|          16|
    |tmp161_fu_1199_p2      |         -|   0|  0|  16|          16|          16|
    |tmp162_fu_1205_p2      |         -|   0|  0|  16|          16|          16|
    |tmp165_fu_1635_p2      |         -|   0|  0|  16|          16|          16|
    |tmp166_fu_1640_p2      |         -|   0|  0|  16|          16|          16|
    |tmp169_fu_1856_p2      |         -|   0|  0|  16|          16|          16|
    |tmp170_fu_2058_p2      |         -|   0|  0|  16|          16|          16|
    |tmp172_fu_2213_p2      |         -|   0|  0|  16|          16|          16|
    |tmp179_fu_1211_p2      |         -|   0|  0|  13|          13|          13|
    |tmp180_fu_1217_p2      |         -|   0|  0|  13|          13|          13|
    |tmp183_fu_1646_p2      |         -|   0|  0|  13|          13|          13|
    |tmp184_fu_1651_p2      |         -|   0|  0|  13|          13|          13|
    |tmp187_fu_1873_p2      |         -|   0|  0|  13|          13|          13|
    |tmp188_fu_2069_p2      |         -|   0|  0|  13|          13|          13|
    |tmp62_fu_690_p2        |         -|   0|  0|  15|          15|          15|
    |tmp63_fu_695_p2        |         -|   0|  0|  15|          15|          15|
    |tmp64_fu_729_p2        |         -|   0|  0|  15|          15|          15|
    |tmp65_fu_734_p2        |         -|   0|  0|  15|          15|          15|
    |tmp66_fu_768_p2        |         -|   0|  0|  15|          15|          15|
    |tmp67_fu_773_p2        |         -|   0|  0|  15|          15|          15|
    |tmp68_fu_843_p2        |         -|   0|  0|  15|          15|          15|
    |tmp69_fu_848_p2        |         -|   0|  0|  15|          15|          15|
    |tmp78_fu_1171_p2       |         -|   0|  0|  15|          15|          15|
    |tmp79_fu_1304_p2       |         -|   0|  0|  15|          15|          15|
    |tmp80_fu_1309_p2       |         -|   0|  0|  15|          15|          15|
    |tmp81_fu_1383_p2       |         -|   0|  0|  15|          15|          15|
    |tmp82_fu_1388_p2       |         -|   0|  0|  15|          15|          15|
    |tmp83_fu_1589_p2       |         -|   0|  0|  15|          15|          15|
    |tmp84_fu_1594_p2       |         -|   0|  0|  15|          15|          15|
    |tmp85_fu_1809_p2       |         -|   0|  0|  15|          15|          15|
    |tmp94_fu_2030_p2       |         -|   0|  0|  15|          15|          15|
    |tmp95_fu_2035_p2       |         -|   0|  0|  15|          15|          15|
    |tmp96_fu_2112_p2       |         -|   0|  0|  15|          15|          15|
    |tmp97_fu_2117_p2       |         -|   0|  0|  15|          15|          15|
    |tmp98_fu_2151_p2       |         -|   0|  0|  15|          15|          15|
    |tmp99_fu_2156_p2       |         -|   0|  0|  15|          15|          15|
    +-----------------------+----------+----+---+----+------------+------------+
    |Total                  |          |   0|  0|1967|        1920|        1920|
    +-----------------------+----------+----+---+----+------------+------------+

    * Multiplexer: 
    +-----------+-----+-----------+-----+-----------+
    |    Name   | LUT | Input Size| Bits| Total Bits|
    +-----------+-----+-----------+-----+-----------+
    |ap_NS_fsm  |  130|         29|    1|         29|
    +-----------+-----+-----------+-----+-----------+
    |Total      |  130|         29|    1|         29|
    +-----------+-----+-----------+-----+-----------+

    * Register: 
    +---------------------------------------------------------+----+----+-----+-----------+
    |                           Name                          | FF | LUT| Bits| Const Bits|
    +---------------------------------------------------------+----+----+-----+-----------+
    |add_ln39_2_reg_2919                                      |  16|   0|   16|          0|
    |ap_CS_fsm                                                |  28|   0|   28|          0|
    |empty_58_reg_2964                                        |  13|   0|   13|          0|
    |fir_ap_int_17_ap_int_17_shift_reg                        |  16|   0|   16|          0|
    |fir_ap_int_17_ap_int_17_shift_reg_1                      |  16|   0|   16|          0|
    |fir_ap_int_17_ap_int_17_shift_reg_12_reg_2720            |  16|   0|   16|          0|
    |fir_ap_int_17_ap_int_17_shift_reg_14_reg_2679            |  16|   0|   16|          0|
    |fir_ap_int_17_ap_int_17_shift_reg_18_reg_2777            |  16|   0|   16|          0|
    |fir_ap_int_17_ap_int_17_shift_reg_19_reg_2726            |  16|   0|   16|          0|
    |fir_ap_int_17_ap_int_17_shift_reg_2                      |  16|   0|   16|          0|
    |fir_ap_int_17_ap_int_17_shift_reg_3                      |  16|   0|   16|          0|
    |fir_ap_int_17_ap_int_17_shift_reg_31_reg_2798            |  16|   0|   16|          0|
    |fir_ap_int_17_ap_int_17_shift_reg_4                      |  16|   0|   16|          0|
    |fir_ap_int_17_ap_int_17_shift_reg_5                      |  16|   0|   16|          0|
    |fir_ap_int_17_ap_int_17_shift_reg_6                      |  16|   0|   16|          0|
    |fir_ap_int_17_ap_int_17_shift_reg_7                      |  16|   0|   16|          0|
    |fir_ap_int_17_ap_int_17_shift_reg_7_load_reg_2878        |  16|   0|   16|          0|
    |fir_ap_int_17_ap_int_17_shift_reg_8                      |  16|   0|   16|          0|
    |fir_ap_int_17_ap_int_17_shift_reg_9                      |  16|   0|   16|          0|
    |p_ZZ3firP6ap_intILi17EES0_E9shift_reg_10                 |  16|   0|   16|          0|
    |p_ZZ3firP6ap_intILi17EES0_E9shift_reg_100                |  16|   0|   16|          0|
    |p_ZZ3firP6ap_intILi17EES0_E9shift_reg_101                |  16|   0|   16|          0|
    |p_ZZ3firP6ap_intILi17EES0_E9shift_reg_102                |  16|   0|   16|          0|
    |p_ZZ3firP6ap_intILi17EES0_E9shift_reg_103                |  16|   0|   16|          0|
    |p_ZZ3firP6ap_intILi17EES0_E9shift_reg_104                |  15|   0|   15|          0|
    |p_ZZ3firP6ap_intILi17EES0_E9shift_reg_105                |  15|   0|   15|          0|
    |p_ZZ3firP6ap_intILi17EES0_E9shift_reg_106                |  15|   0|   15|          0|
    |p_ZZ3firP6ap_intILi17EES0_E9shift_reg_107                |  15|   0|   15|          0|
    |p_ZZ3firP6ap_intILi17EES0_E9shift_reg_107_load_reg_2585  |  15|   0|   15|          0|
    |p_ZZ3firP6ap_intILi17EES0_E9shift_reg_108                |  15|   0|   15|          0|
    |p_ZZ3firP6ap_intILi17EES0_E9shift_reg_109                |  15|   0|   15|          0|
    |p_ZZ3firP6ap_intILi17EES0_E9shift_reg_11                 |  16|   0|   16|          0|
    |p_ZZ3firP6ap_intILi17EES0_E9shift_reg_110                |  15|   0|   15|          0|
    |p_ZZ3firP6ap_intILi17EES0_E9shift_reg_111                |  15|   0|   15|          0|
    |p_ZZ3firP6ap_intILi17EES0_E9shift_reg_112                |  15|   0|   15|          0|
    |p_ZZ3firP6ap_intILi17EES0_E9shift_reg_113                |  15|   0|   15|          0|
    |p_ZZ3firP6ap_intILi17EES0_E9shift_reg_114                |  15|   0|   15|          0|
    |p_ZZ3firP6ap_intILi17EES0_E9shift_reg_115                |  15|   0|   15|          0|
    |p_ZZ3firP6ap_intILi17EES0_E9shift_reg_116                |  15|   0|   15|          0|
    |p_ZZ3firP6ap_intILi17EES0_E9shift_reg_117                |  15|   0|   15|          0|
    |p_ZZ3firP6ap_intILi17EES0_E9shift_reg_118                |  15|   0|   15|          0|
    |p_ZZ3firP6ap_intILi17EES0_E9shift_reg_119                |  15|   0|   15|          0|
    |p_ZZ3firP6ap_intILi17EES0_E9shift_reg_119_load_reg_2602  |  15|   0|   15|          0|
    |p_ZZ3firP6ap_intILi17EES0_E9shift_reg_12                 |  16|   0|   16|          0|
    |p_ZZ3firP6ap_intILi17EES0_E9shift_reg_120                |  15|   0|   15|          0|
    |p_ZZ3firP6ap_intILi17EES0_E9shift_reg_121                |  15|   0|   15|          0|
    |p_ZZ3firP6ap_intILi17EES0_E9shift_reg_122                |  15|   0|   15|          0|
    |p_ZZ3firP6ap_intILi17EES0_E9shift_reg_123                |  15|   0|   15|          0|
    |p_ZZ3firP6ap_intILi17EES0_E9shift_reg_124                |  15|   0|   15|          0|
    |p_ZZ3firP6ap_intILi17EES0_E9shift_reg_125                |  15|   0|   15|          0|
    |p_ZZ3firP6ap_intILi17EES0_E9shift_reg_125_load_reg_2596  |  15|   0|   15|          0|
    |p_ZZ3firP6ap_intILi17EES0_E9shift_reg_126                |  15|   0|   15|          0|
    |p_ZZ3firP6ap_intILi17EES0_E9shift_reg_13                 |  16|   0|   16|          0|
    |p_ZZ3firP6ap_intILi17EES0_E9shift_reg_14                 |  16|   0|   16|          0|
    |p_ZZ3firP6ap_intILi17EES0_E9shift_reg_15                 |  16|   0|   16|          0|
    |p_ZZ3firP6ap_intILi17EES0_E9shift_reg_16                 |  16|   0|   16|          0|
    |p_ZZ3firP6ap_intILi17EES0_E9shift_reg_17                 |  16|   0|   16|          0|
    |p_ZZ3firP6ap_intILi17EES0_E9shift_reg_18                 |  16|   0|   16|          0|
    |p_ZZ3firP6ap_intILi17EES0_E9shift_reg_19                 |  16|   0|   16|          0|
    |p_ZZ3firP6ap_intILi17EES0_E9shift_reg_20                 |  16|   0|   16|          0|
    |p_ZZ3firP6ap_intILi17EES0_E9shift_reg_21                 |  16|   0|   16|          0|
    |p_ZZ3firP6ap_intILi17EES0_E9shift_reg_22                 |  16|   0|   16|          0|
    |p_ZZ3firP6ap_intILi17EES0_E9shift_reg_23                 |  16|   0|   16|          0|
    |p_ZZ3firP6ap_intILi17EES0_E9shift_reg_24                 |  16|   0|   16|          0|
    |p_ZZ3firP6ap_intILi17EES0_E9shift_reg_25                 |  16|   0|   16|          0|
    |p_ZZ3firP6ap_intILi17EES0_E9shift_reg_26                 |  16|   0|   16|          0|
    |p_ZZ3firP6ap_intILi17EES0_E9shift_reg_27                 |  16|   0|   16|          0|
    |p_ZZ3firP6ap_intILi17EES0_E9shift_reg_28                 |  16|   0|   16|          0|
    |p_ZZ3firP6ap_intILi17EES0_E9shift_reg_29                 |  16|   0|   16|          0|
    |p_ZZ3firP6ap_intILi17EES0_E9shift_reg_30                 |  16|   0|   16|          0|
    |p_ZZ3firP6ap_intILi17EES0_E9shift_reg_31                 |  16|   0|   16|          0|
    |p_ZZ3firP6ap_intILi17EES0_E9shift_reg_32                 |  16|   0|   16|          0|
    |p_ZZ3firP6ap_intILi17EES0_E9shift_reg_33                 |  16|   0|   16|          0|
    |p_ZZ3firP6ap_intILi17EES0_E9shift_reg_34                 |  16|   0|   16|          0|
    |p_ZZ3firP6ap_intILi17EES0_E9shift_reg_35                 |  16|   0|   16|          0|
    |p_ZZ3firP6ap_intILi17EES0_E9shift_reg_36                 |  16|   0|   16|          0|
    |p_ZZ3firP6ap_intILi17EES0_E9shift_reg_37                 |  16|   0|   16|          0|
    |p_ZZ3firP6ap_intILi17EES0_E9shift_reg_38                 |  16|   0|   16|          0|
    |p_ZZ3firP6ap_intILi17EES0_E9shift_reg_39                 |  16|   0|   16|          0|
    |p_ZZ3firP6ap_intILi17EES0_E9shift_reg_40                 |  16|   0|   16|          0|
    |p_ZZ3firP6ap_intILi17EES0_E9shift_reg_41                 |  16|   0|   16|          0|
    |p_ZZ3firP6ap_intILi17EES0_E9shift_reg_42                 |  16|   0|   16|          0|
    |p_ZZ3firP6ap_intILi17EES0_E9shift_reg_43                 |  16|   0|   16|          0|
    |p_ZZ3firP6ap_intILi17EES0_E9shift_reg_44                 |  16|   0|   16|          0|
    |p_ZZ3firP6ap_intILi17EES0_E9shift_reg_45                 |  16|   0|   16|          0|
    |p_ZZ3firP6ap_intILi17EES0_E9shift_reg_46                 |  16|   0|   16|          0|
    |p_ZZ3firP6ap_intILi17EES0_E9shift_reg_47                 |  16|   0|   16|          0|
    |p_ZZ3firP6ap_intILi17EES0_E9shift_reg_48                 |  16|   0|   16|          0|
    |p_ZZ3firP6ap_intILi17EES0_E9shift_reg_49                 |  16|   0|   16|          0|
    |p_ZZ3firP6ap_intILi17EES0_E9shift_reg_49_load_reg_2792   |  16|   0|   16|          0|
    |p_ZZ3firP6ap_intILi17EES0_E9shift_reg_50                 |  16|   0|   16|          0|
    |p_ZZ3firP6ap_intILi17EES0_E9shift_reg_51                 |  16|   0|   16|          0|
    |p_ZZ3firP6ap_intILi17EES0_E9shift_reg_52                 |  16|   0|   16|          0|
    |p_ZZ3firP6ap_intILi17EES0_E9shift_reg_53                 |  16|   0|   16|          0|
    |p_ZZ3firP6ap_intILi17EES0_E9shift_reg_54                 |  16|   0|   16|          0|
    |p_ZZ3firP6ap_intILi17EES0_E9shift_reg_55                 |  16|   0|   16|          0|
    |p_ZZ3firP6ap_intILi17EES0_E9shift_reg_56                 |  16|   0|   16|          0|
    |p_ZZ3firP6ap_intILi17EES0_E9shift_reg_57                 |  16|   0|   16|          0|
    |p_ZZ3firP6ap_intILi17EES0_E9shift_reg_58                 |  16|   0|   16|          0|
    |p_ZZ3firP6ap_intILi17EES0_E9shift_reg_59                 |  16|   0|   16|          0|
    |p_ZZ3firP6ap_intILi17EES0_E9shift_reg_60                 |  16|   0|   16|          0|
    |p_ZZ3firP6ap_intILi17EES0_E9shift_reg_61                 |  16|   0|   16|          0|
    |p_ZZ3firP6ap_intILi17EES0_E9shift_reg_62                 |  16|   0|   16|          0|
    |p_ZZ3firP6ap_intILi17EES0_E9shift_reg_63                 |  16|   0|   16|          0|
    |p_ZZ3firP6ap_intILi17EES0_E9shift_reg_64                 |  16|   0|   16|          0|
    |p_ZZ3firP6ap_intILi17EES0_E9shift_reg_65                 |  16|   0|   16|          0|
    |p_ZZ3firP6ap_intILi17EES0_E9shift_reg_66                 |  16|   0|   16|          0|
    |p_ZZ3firP6ap_intILi17EES0_E9shift_reg_67                 |  16|   0|   16|          0|
    |p_ZZ3firP6ap_intILi17EES0_E9shift_reg_68                 |  16|   0|   16|          0|
    |p_ZZ3firP6ap_intILi17EES0_E9shift_reg_69                 |  16|   0|   16|          0|
    |p_ZZ3firP6ap_intILi17EES0_E9shift_reg_70                 |  16|   0|   16|          0|
    |p_ZZ3firP6ap_intILi17EES0_E9shift_reg_71                 |  16|   0|   16|          0|
    |p_ZZ3firP6ap_intILi17EES0_E9shift_reg_72                 |  16|   0|   16|          0|
    |p_ZZ3firP6ap_intILi17EES0_E9shift_reg_73                 |  16|   0|   16|          0|
    |p_ZZ3firP6ap_intILi17EES0_E9shift_reg_74                 |  16|   0|   16|          0|
    |p_ZZ3firP6ap_intILi17EES0_E9shift_reg_75                 |  16|   0|   16|          0|
    |p_ZZ3firP6ap_intILi17EES0_E9shift_reg_76                 |  16|   0|   16|          0|
    |p_ZZ3firP6ap_intILi17EES0_E9shift_reg_77                 |  16|   0|   16|          0|
    |p_ZZ3firP6ap_intILi17EES0_E9shift_reg_78                 |  16|   0|   16|          0|
    |p_ZZ3firP6ap_intILi17EES0_E9shift_reg_79                 |  16|   0|   16|          0|
    |p_ZZ3firP6ap_intILi17EES0_E9shift_reg_80                 |  16|   0|   16|          0|
    |p_ZZ3firP6ap_intILi17EES0_E9shift_reg_80_load_reg_2699   |  16|   0|   16|          0|
    |p_ZZ3firP6ap_intILi17EES0_E9shift_reg_81                 |  16|   0|   16|          0|
    |p_ZZ3firP6ap_intILi17EES0_E9shift_reg_82                 |  16|   0|   16|          0|
    |p_ZZ3firP6ap_intILi17EES0_E9shift_reg_83                 |  16|   0|   16|          0|
    |p_ZZ3firP6ap_intILi17EES0_E9shift_reg_84                 |  16|   0|   16|          0|
    |p_ZZ3firP6ap_intILi17EES0_E9shift_reg_85                 |  16|   0|   16|          0|
    |p_ZZ3firP6ap_intILi17EES0_E9shift_reg_86                 |  16|   0|   16|          0|
    |p_ZZ3firP6ap_intILi17EES0_E9shift_reg_87                 |  16|   0|   16|          0|
    |p_ZZ3firP6ap_intILi17EES0_E9shift_reg_88                 |  16|   0|   16|          0|
    |p_ZZ3firP6ap_intILi17EES0_E9shift_reg_89                 |  16|   0|   16|          0|
    |p_ZZ3firP6ap_intILi17EES0_E9shift_reg_90                 |  16|   0|   16|          0|
    |p_ZZ3firP6ap_intILi17EES0_E9shift_reg_91                 |  16|   0|   16|          0|
    |p_ZZ3firP6ap_intILi17EES0_E9shift_reg_92                 |  16|   0|   16|          0|
    |p_ZZ3firP6ap_intILi17EES0_E9shift_reg_93                 |  16|   0|   16|          0|
    |p_ZZ3firP6ap_intILi17EES0_E9shift_reg_94                 |  16|   0|   16|          0|
    |p_ZZ3firP6ap_intILi17EES0_E9shift_reg_95                 |  16|   0|   16|          0|
    |p_ZZ3firP6ap_intILi17EES0_E9shift_reg_96                 |  16|   0|   16|          0|
    |p_ZZ3firP6ap_intILi17EES0_E9shift_reg_96_load_reg_2658   |  16|   0|   16|          0|
    |p_ZZ3firP6ap_intILi17EES0_E9shift_reg_97                 |  16|   0|   16|          0|
    |p_ZZ3firP6ap_intILi17EES0_E9shift_reg_97_load_reg_2694   |  16|   0|   16|          0|
    |p_ZZ3firP6ap_intILi17EES0_E9shift_reg_98                 |  16|   0|   16|          0|
    |p_ZZ3firP6ap_intILi17EES0_E9shift_reg_99                 |  16|   0|   16|          0|
    |tmp101_reg_2914                                          |  15|   0|   15|          0|
    |tmp103_reg_2924                                          |  15|   0|   15|          0|
    |tmp105_reg_2929                                          |  15|   0|   15|          0|
    |tmp107_reg_2934                                          |  15|   0|   15|          0|
    |tmp109_reg_2939                                          |  15|   0|   15|          0|
    |tmp10_reg_2613                                           |  15|   0|   15|          0|
    |tmp111_reg_2944                                          |  15|   0|   15|          0|
    |tmp113_reg_2949                                          |  15|   0|   15|          0|
    |tmp115_reg_2954                                          |  15|   0|   15|          0|
    |tmp117_reg_2959                                          |  15|   0|   15|          0|
    |tmp120_reg_2823                                          |  16|   0|   16|          0|
    |tmp12_reg_2648                                           |  15|   0|   15|          0|
    |tmp133_reg_2715                                          |  16|   0|   16|          0|
    |tmp135_reg_2737                                          |  16|   0|   16|          0|
    |tmp139_reg_2762                                          |  16|   0|   16|          0|
    |tmp141_reg_2787                                          |  16|   0|   16|          0|
    |tmp143_reg_2818                                          |  16|   0|   16|          0|
    |tmp147_reg_2853                                          |  16|   0|   16|          0|
    |tmp149_reg_2873                                          |  16|   0|   16|          0|
    |tmp14_reg_2618                                           |  15|   0|   15|          0|
    |tmp162_reg_2747                                          |  16|   0|   16|          0|
    |tmp164_reg_2767                                          |  16|   0|   16|          0|
    |tmp166_reg_2828                                          |  16|   0|   16|          0|
    |tmp169_reg_2858                                          |  16|   0|   16|          0|
    |tmp16_reg_2623                                           |  15|   0|   15|          0|
    |tmp171_reg_2888                                          |  16|   0|   16|          0|
    |tmp180_reg_2752                                          |  13|   0|   13|          0|
    |tmp182_reg_2772                                          |  13|   0|   13|          0|
    |tmp184_reg_2833                                          |  13|   0|   13|          0|
    |tmp187_reg_2863                                          |  13|   0|   13|          0|
    |tmp1891_reg_2894                                         |  13|   0|   13|          0|
    |tmp18_reg_2628                                           |  15|   0|   15|          0|
    |tmp21_reg_2591                                           |  15|   0|   15|          0|
    |tmp23_reg_2705                                           |  15|   0|   15|          0|
    |tmp26_reg_2710                                           |  15|   0|   15|          0|
    |tmp28_reg_2689                                           |  15|   0|   15|          0|
    |tmp2_reg_2638                                            |  15|   0|   15|          0|
    |tmp31_reg_2838                                           |  15|   0|   15|          0|
    |tmp32_reg_2843                                           |  15|   0|   15|          0|
    |tmp33_reg_2848                                           |  15|   0|   15|          0|
    |tmp35_reg_2813                                           |  15|   0|   15|          0|
    |tmp38_reg_2742                                           |  16|   0|   16|          0|
    |tmp5_reg_2608                                            |  15|   0|   15|          0|
    |tmp61_reg_2653                                           |  15|   0|   15|          0|
    |tmp63_reg_2664                                           |  15|   0|   15|          0|
    |tmp65_reg_2669                                           |  15|   0|   15|          0|
    |tmp67_reg_2674                                           |  15|   0|   15|          0|
    |tmp69_reg_2684                                           |  15|   0|   15|          0|
    |tmp78_reg_2732                                           |  15|   0|   15|          0|
    |tmp7_reg_2643                                            |  15|   0|   15|          0|
    |tmp80_reg_2757                                           |  15|   0|   15|          0|
    |tmp82_reg_2782                                           |  15|   0|   15|          0|
    |tmp84_reg_2808                                           |  15|   0|   15|          0|
    |tmp93_reg_2868                                           |  15|   0|   15|          0|
    |tmp95_reg_2883                                           |  15|   0|   15|          0|
    |tmp97_reg_2899                                           |  15|   0|   15|          0|
    |tmp99_reg_2904                                           |  15|   0|   15|          0|
    |trunc_ln15_reg_2633                                      |  16|   0|   16|          0|
    |trunc_ln39_33_reg_2803                                   |  15|   0|   15|          0|
    +---------------------------------------------------------+----+----+-----+-----------+
    |Total                                                    |3161|   0| 3161|          0|
    +---------------------------------------------------------+----+----+-----+-----------+



================================================================
== Interface
================================================================
* Summary: 
+----------+-----+-----+------------+--------------+--------------+
| RTL Ports| Dir | Bits|  Protocol  | Source Object|    C Type    |
+----------+-----+-----+------------+--------------+--------------+
|ap_clk    |   in|    1|  ap_ctrl_hs|           fir|  return value|
|ap_rst    |   in|    1|  ap_ctrl_hs|           fir|  return value|
|ap_start  |   in|    1|  ap_ctrl_hs|           fir|  return value|
|ap_done   |  out|    1|  ap_ctrl_hs|           fir|  return value|
|ap_idle   |  out|    1|  ap_ctrl_hs|           fir|  return value|
|ap_ready  |  out|    1|  ap_ctrl_hs|           fir|  return value|
|y         |  out|   17|      ap_vld|             y|       pointer|
|y_ap_vld  |  out|    1|      ap_vld|             y|       pointer|
|x         |   in|   17|     ap_none|             x|        scalar|
+----------+-----+-----+------------+--------------+--------------+

