#-----------------------------------------------------------
# xsim v2023.2 (64-bit)
# SW Build 4029153 on Fri Oct 13 20:14:34 MDT 2023
# IP Build 4028589 on Sat Oct 14 00:45:43 MDT 2023
# SharedData Build 4025554 on Tue Oct 10 17:18:54 MDT 2023
# Start of session at: Mon Jan 22 16:42:53 2024
# Process ID: 9776
# Current directory: D:/code/pp4fpga/project1/fir11/solution1/sim/verilog
# Command line: xsim.exe -mode tcl -source {xsim.dir/fir/xsim_script.tcl}
# Log file: D:/code/pp4fpga/project1/fir11/solution1/sim/verilog/xsim.log
# Journal file: D:/code/pp4fpga/project1/fir11/solution1/sim/verilog\xsim.jou
# Running On: laptoppmh, OS: Windows, CPU Frequency: 2592 MHz, CPU Physical cores: 6, Host memory: 16940 MB
#-----------------------------------------------------------
source xsim.dir/fir/xsim_script.tcl
# xsim {fir} -autoloadwcfg -tclbatch {fir.tcl}
Time resolution is 1 ps
source fir.tcl
## run all
////////////////////////////////////////////////////////////////////////////////////
// Inter-Transaction Progress: Completed Transaction / Total Transaction
// Intra-Transaction Progress: Measured Latency / Latency Estimation * 100%
//
// RTL Simulation : "Inter-Transaction Progress" ["Intra-Transaction Progress"] @ "Simulation Time"
////////////////////////////////////////////////////////////////////////////////////
// RTL Simulation : 0 / 600 [0.00%] @ "125000"
// RTL Simulation : 1 / 600 [100.00%] @ "435000"
// RTL Simulation : 2 / 600 [100.00%] @ "735000"
// RTL Simulation : 3 / 600 [100.00%] @ "1035000"
// RTL Simulation : 4 / 600 [100.00%] @ "1335000"
// RTL Simulation : 5 / 600 [100.00%] @ "1635000"
// RTL Simulation : 6 / 600 [100.00%] @ "1935000"
// RTL Simulation : 7 / 600 [100.00%] @ "2235000"
// RTL Simulation : 8 / 600 [100.00%] @ "2535000"
// RTL Simulation : 9 / 600 [100.00%] @ "2835000"
// RTL Simulation : 10 / 600 [100.00%] @ "3135000"
// RTL Simulation : 11 / 600 [100.00%] @ "3435000"
// RTL Simulation : 12 / 600 [100.00%] @ "3735000"
// RTL Simulation : 13 / 600 [100.00%] @ "4035000"
// RTL Simulation : 14 / 600 [100.00%] @ "4335000"
// RTL Simulation : 15 / 600 [100.00%] @ "4635000"
// RTL Simulation : 16 / 600 [100.00%] @ "4935000"
// RTL Simulation : 17 / 600 [100.00%] @ "5235000"
// RTL Simulation : 18 / 600 [100.00%] @ "5535000"
// RTL Simulation : 19 / 600 [100.00%] @ "5835000"
// RTL Simulation : 20 / 600 [100.00%] @ "6135000"
// RTL Simulation : 21 / 600 [100.00%] @ "6435000"
// RTL Simulation : 22 / 600 [100.00%] @ "6735000"
// RTL Simulation : 23 / 600 [100.00%] @ "7035000"
// RTL Simulation : 24 / 600 [100.00%] @ "7335000"
// RTL Simulation : 25 / 600 [100.00%] @ "7635000"
// RTL Simulation : 26 / 600 [100.00%] @ "7935000"
// RTL Simulation : 27 / 600 [100.00%] @ "8235000"
// RTL Simulation : 28 / 600 [100.00%] @ "8535000"
// RTL Simulation : 29 / 600 [100.00%] @ "8835000"
// RTL Simulation : 30 / 600 [100.00%] @ "9135000"
// RTL Simulation : 31 / 600 [100.00%] @ "9435000"
// RTL Simulation : 32 / 600 [100.00%] @ "9735000"
// RTL Simulation : 33 / 600 [100.00%] @ "10035000"
// RTL Simulation : 34 / 600 [100.00%] @ "10335000"
// RTL Simulation : 35 / 600 [100.00%] @ "10635000"
// RTL Simulation : 36 / 600 [100.00%] @ "10935000"
// RTL Simulation : 37 / 600 [100.00%] @ "11235000"
// RTL Simulation : 38 / 600 [100.00%] @ "11535000"
// RTL Simulation : 39 / 600 [100.00%] @ "11835000"
// RTL Simulation : 40 / 600 [100.00%] @ "12135000"
// RTL Simulation : 41 / 600 [100.00%] @ "12435000"
// RTL Simulation : 42 / 600 [100.00%] @ "12735000"
// RTL Simulation : 43 / 600 [100.00%] @ "13035000"
// RTL Simulation : 44 / 600 [100.00%] @ "13335000"
// RTL Simulation : 45 / 600 [100.00%] @ "13635000"
// RTL Simulation : 46 / 600 [100.00%] @ "13935000"
// RTL Simulation : 47 / 600 [100.00%] @ "14235000"
// RTL Simulation : 48 / 600 [100.00%] @ "14535000"
// RTL Simulation : 49 / 600 [100.00%] @ "14835000"
// RTL Simulation : 50 / 600 [100.00%] @ "15135000"
// RTL Simulation : 51 / 600 [100.00%] @ "15435000"
// RTL Simulation : 52 / 600 [100.00%] @ "15735000"
// RTL Simulation : 53 / 600 [100.00%] @ "16035000"
// RTL Simulation : 54 / 600 [100.00%] @ "16335000"
// RTL Simulation : 55 / 600 [100.00%] @ "16635000"
// RTL Simulation : 56 / 600 [100.00%] @ "16935000"
// RTL Simulation : 57 / 600 [100.00%] @ "17235000"
// RTL Simulation : 58 / 600 [100.00%] @ "17535000"
// RTL Simulation : 59 / 600 [100.00%] @ "17835000"
// RTL Simulation : 60 / 600 [100.00%] @ "18135000"
// RTL Simulation : 61 / 600 [100.00%] @ "18435000"
// RTL Simulation : 62 / 600 [100.00%] @ "18735000"
// RTL Simulation : 63 / 600 [100.00%] @ "19035000"
// RTL Simulation : 64 / 600 [100.00%] @ "19335000"
// RTL Simulation : 65 / 600 [100.00%] @ "19635000"
// RTL Simulation : 66 / 600 [100.00%] @ "19935000"
// RTL Simulation : 67 / 600 [100.00%] @ "20235000"
// RTL Simulation : 68 / 600 [100.00%] @ "20535000"
// RTL Simulation : 69 / 600 [100.00%] @ "20835000"
// RTL Simulation : 70 / 600 [100.00%] @ "21135000"
// RTL Simulation : 71 / 600 [100.00%] @ "21435000"
// RTL Simulation : 72 / 600 [100.00%] @ "21735000"
// RTL Simulation : 73 / 600 [100.00%] @ "22035000"
// RTL Simulation : 74 / 600 [100.00%] @ "22335000"
// RTL Simulation : 75 / 600 [100.00%] @ "22635000"
// RTL Simulation : 76 / 600 [100.00%] @ "22935000"
// RTL Simulation : 77 / 600 [100.00%] @ "23235000"
// RTL Simulation : 78 / 600 [100.00%] @ "23535000"
// RTL Simulation : 79 / 600 [100.00%] @ "23835000"
// RTL Simulation : 80 / 600 [100.00%] @ "24135000"
// RTL Simulation : 81 / 600 [100.00%] @ "24435000"
// RTL Simulation : 82 / 600 [100.00%] @ "24735000"
// RTL Simulation : 83 / 600 [100.00%] @ "25035000"
// RTL Simulation : 84 / 600 [100.00%] @ "25335000"
// RTL Simulation : 85 / 600 [100.00%] @ "25635000"
// RTL Simulation : 86 / 600 [100.00%] @ "25935000"
// RTL Simulation : 87 / 600 [100.00%] @ "26235000"
// RTL Simulation : 88 / 600 [100.00%] @ "26535000"
// RTL Simulation : 89 / 600 [100.00%] @ "26835000"
// RTL Simulation : 90 / 600 [100.00%] @ "27135000"
// RTL Simulation : 91 / 600 [100.00%] @ "27435000"
// RTL Simulation : 92 / 600 [100.00%] @ "27735000"
// RTL Simulation : 93 / 600 [100.00%] @ "28035000"
// RTL Simulation : 94 / 600 [100.00%] @ "28335000"
// RTL Simulation : 95 / 600 [100.00%] @ "28635000"
// RTL Simulation : 96 / 600 [100.00%] @ "28935000"
// RTL Simulation : 97 / 600 [100.00%] @ "29235000"
// RTL Simulation : 98 / 600 [100.00%] @ "29535000"
// RTL Simulation : 99 / 600 [100.00%] @ "29835000"
// RTL Simulation : 100 / 600 [100.00%] @ "30135000"
// RTL Simulation : 101 / 600 [100.00%] @ "30435000"
// RTL Simulation : 102 / 600 [100.00%] @ "30735000"
// RTL Simulation : 103 / 600 [100.00%] @ "31035000"
// RTL Simulation : 104 / 600 [100.00%] @ "31335000"
// RTL Simulation : 105 / 600 [100.00%] @ "31635000"
// RTL Simulation : 106 / 600 [100.00%] @ "31935000"
// RTL Simulation : 107 / 600 [100.00%] @ "32235000"
// RTL Simulation : 108 / 600 [100.00%] @ "32535000"
// RTL Simulation : 109 / 600 [100.00%] @ "32835000"
// RTL Simulation : 110 / 600 [100.00%] @ "33135000"
// RTL Simulation : 111 / 600 [100.00%] @ "33435000"
// RTL Simulation : 112 / 600 [100.00%] @ "33735000"
// RTL Simulation : 113 / 600 [100.00%] @ "34035000"
// RTL Simulation : 114 / 600 [100.00%] @ "34335000"
// RTL Simulation : 115 / 600 [100.00%] @ "34635000"
// RTL Simulation : 116 / 600 [100.00%] @ "34935000"
// RTL Simulation : 117 / 600 [100.00%] @ "35235000"
// RTL Simulation : 118 / 600 [100.00%] @ "35535000"
// RTL Simulation : 119 / 600 [100.00%] @ "35835000"
// RTL Simulation : 120 / 600 [100.00%] @ "36135000"
// RTL Simulation : 121 / 600 [100.00%] @ "36435000"
// RTL Simulation : 122 / 600 [100.00%] @ "36735000"
// RTL Simulation : 123 / 600 [100.00%] @ "37035000"
// RTL Simulation : 124 / 600 [100.00%] @ "37335000"
// RTL Simulation : 125 / 600 [100.00%] @ "37635000"
// RTL Simulation : 126 / 600 [100.00%] @ "37935000"
// RTL Simulation : 127 / 600 [100.00%] @ "38235000"
// RTL Simulation : 128 / 600 [100.00%] @ "38535000"
// RTL Simulation : 129 / 600 [100.00%] @ "38835000"
// RTL Simulation : 130 / 600 [100.00%] @ "39135000"
// RTL Simulation : 131 / 600 [100.00%] @ "39435000"
// RTL Simulation : 132 / 600 [100.00%] @ "39735000"
// RTL Simulation : 133 / 600 [100.00%] @ "40035000"
// RTL Simulation : 134 / 600 [100.00%] @ "40335000"
// RTL Simulation : 135 / 600 [100.00%] @ "40635000"
// RTL Simulation : 136 / 600 [100.00%] @ "40935000"
// RTL Simulation : 137 / 600 [100.00%] @ "41235000"
// RTL Simulation : 138 / 600 [100.00%] @ "41535000"
// RTL Simulation : 139 / 600 [100.00%] @ "41835000"
// RTL Simulation : 140 / 600 [100.00%] @ "42135000"
// RTL Simulation : 141 / 600 [100.00%] @ "42435000"
// RTL Simulation : 142 / 600 [100.00%] @ "42735000"
// RTL Simulation : 143 / 600 [100.00%] @ "43035000"
// RTL Simulation : 144 / 600 [100.00%] @ "43335000"
// RTL Simulation : 145 / 600 [100.00%] @ "43635000"
// RTL Simulation : 146 / 600 [100.00%] @ "43935000"
// RTL Simulation : 147 / 600 [100.00%] @ "44235000"
// RTL Simulation : 148 / 600 [100.00%] @ "44535000"
// RTL Simulation : 149 / 600 [100.00%] @ "44835000"
// RTL Simulation : 150 / 600 [100.00%] @ "45135000"
// RTL Simulation : 151 / 600 [100.00%] @ "45435000"
// RTL Simulation : 152 / 600 [100.00%] @ "45735000"
// RTL Simulation : 153 / 600 [100.00%] @ "46035000"
// RTL Simulation : 154 / 600 [100.00%] @ "46335000"
// RTL Simulation : 155 / 600 [100.00%] @ "46635000"
// RTL Simulation : 156 / 600 [100.00%] @ "46935000"
// RTL Simulation : 157 / 600 [100.00%] @ "47235000"
// RTL Simulation : 158 / 600 [100.00%] @ "47535000"
// RTL Simulation : 159 / 600 [100.00%] @ "47835000"
// RTL Simulation : 160 / 600 [100.00%] @ "48135000"
// RTL Simulation : 161 / 600 [100.00%] @ "48435000"
// RTL Simulation : 162 / 600 [100.00%] @ "48735000"
// RTL Simulation : 163 / 600 [100.00%] @ "49035000"
// RTL Simulation : 164 / 600 [100.00%] @ "49335000"
// RTL Simulation : 165 / 600 [100.00%] @ "49635000"
// RTL Simulation : 166 / 600 [100.00%] @ "49935000"
// RTL Simulation : 167 / 600 [100.00%] @ "50235000"
// RTL Simulation : 168 / 600 [100.00%] @ "50535000"
// RTL Simulation : 169 / 600 [100.00%] @ "50835000"
// RTL Simulation : 170 / 600 [100.00%] @ "51135000"
// RTL Simulation : 171 / 600 [100.00%] @ "51435000"
// RTL Simulation : 172 / 600 [100.00%] @ "51735000"
// RTL Simulation : 173 / 600 [100.00%] @ "52035000"
// RTL Simulation : 174 / 600 [100.00%] @ "52335000"
// RTL Simulation : 175 / 600 [100.00%] @ "52635000"
// RTL Simulation : 176 / 600 [100.00%] @ "52935000"
// RTL Simulation : 177 / 600 [100.00%] @ "53235000"
// RTL Simulation : 178 / 600 [100.00%] @ "53535000"
// RTL Simulation : 179 / 600 [100.00%] @ "53835000"
// RTL Simulation : 180 / 600 [100.00%] @ "54135000"
// RTL Simulation : 181 / 600 [100.00%] @ "54435000"
// RTL Simulation : 182 / 600 [100.00%] @ "54735000"
// RTL Simulation : 183 / 600 [100.00%] @ "55035000"
// RTL Simulation : 184 / 600 [100.00%] @ "55335000"
// RTL Simulation : 185 / 600 [100.00%] @ "55635000"
// RTL Simulation : 186 / 600 [100.00%] @ "55935000"
// RTL Simulation : 187 / 600 [100.00%] @ "56235000"
// RTL Simulation : 188 / 600 [100.00%] @ "56535000"
// RTL Simulation : 189 / 600 [100.00%] @ "56835000"
// RTL Simulation : 190 / 600 [100.00%] @ "57135000"
// RTL Simulation : 191 / 600 [100.00%] @ "57435000"
// RTL Simulation : 192 / 600 [100.00%] @ "57735000"
// RTL Simulation : 193 / 600 [100.00%] @ "58035000"
// RTL Simulation : 194 / 600 [100.00%] @ "58335000"
// RTL Simulation : 195 / 600 [100.00%] @ "58635000"
// RTL Simulation : 196 / 600 [100.00%] @ "58935000"
// RTL Simulation : 197 / 600 [100.00%] @ "59235000"
// RTL Simulation : 198 / 600 [100.00%] @ "59535000"
// RTL Simulation : 199 / 600 [100.00%] @ "59835000"
// RTL Simulation : 200 / 600 [100.00%] @ "60135000"
// RTL Simulation : 201 / 600 [100.00%] @ "60435000"
// RTL Simulation : 202 / 600 [100.00%] @ "60735000"
// RTL Simulation : 203 / 600 [100.00%] @ "61035000"
// RTL Simulation : 204 / 600 [100.00%] @ "61335000"
// RTL Simulation : 205 / 600 [100.00%] @ "61635000"
// RTL Simulation : 206 / 600 [100.00%] @ "61935000"
// RTL Simulation : 207 / 600 [100.00%] @ "62235000"
// RTL Simulation : 208 / 600 [100.00%] @ "62535000"
// RTL Simulation : 209 / 600 [100.00%] @ "62835000"
// RTL Simulation : 210 / 600 [100.00%] @ "63135000"
// RTL Simulation : 211 / 600 [100.00%] @ "63435000"
// RTL Simulation : 212 / 600 [100.00%] @ "63735000"
// RTL Simulation : 213 / 600 [100.00%] @ "64035000"
// RTL Simulation : 214 / 600 [100.00%] @ "64335000"
// RTL Simulation : 215 / 600 [100.00%] @ "64635000"
// RTL Simulation : 216 / 600 [100.00%] @ "64935000"
// RTL Simulation : 217 / 600 [100.00%] @ "65235000"
// RTL Simulation : 218 / 600 [100.00%] @ "65535000"
// RTL Simulation : 219 / 600 [100.00%] @ "65835000"
// RTL Simulation : 220 / 600 [100.00%] @ "66135000"
// RTL Simulation : 221 / 600 [100.00%] @ "66435000"
// RTL Simulation : 222 / 600 [100.00%] @ "66735000"
// RTL Simulation : 223 / 600 [100.00%] @ "67035000"
// RTL Simulation : 224 / 600 [100.00%] @ "67335000"
// RTL Simulation : 225 / 600 [100.00%] @ "67635000"
// RTL Simulation : 226 / 600 [100.00%] @ "67935000"
// RTL Simulation : 227 / 600 [100.00%] @ "68235000"
// RTL Simulation : 228 / 600 [100.00%] @ "68535000"
// RTL Simulation : 229 / 600 [100.00%] @ "68835000"
// RTL Simulation : 230 / 600 [100.00%] @ "69135000"
// RTL Simulation : 231 / 600 [100.00%] @ "69435000"
// RTL Simulation : 232 / 600 [100.00%] @ "69735000"
// RTL Simulation : 233 / 600 [100.00%] @ "70035000"
// RTL Simulation : 234 / 600 [100.00%] @ "70335000"
// RTL Simulation : 235 / 600 [100.00%] @ "70635000"
// RTL Simulation : 236 / 600 [100.00%] @ "70935000"
// RTL Simulation : 237 / 600 [100.00%] @ "71235000"
// RTL Simulation : 238 / 600 [100.00%] @ "71535000"
// RTL Simulation : 239 / 600 [100.00%] @ "71835000"
// RTL Simulation : 240 / 600 [100.00%] @ "72135000"
// RTL Simulation : 241 / 600 [100.00%] @ "72435000"
// RTL Simulation : 242 / 600 [100.00%] @ "72735000"
// RTL Simulation : 243 / 600 [100.00%] @ "73035000"
// RTL Simulation : 244 / 600 [100.00%] @ "73335000"
// RTL Simulation : 245 / 600 [100.00%] @ "73635000"
// RTL Simulation : 246 / 600 [100.00%] @ "73935000"
// RTL Simulation : 247 / 600 [100.00%] @ "74235000"
// RTL Simulation : 248 / 600 [100.00%] @ "74535000"
// RTL Simulation : 249 / 600 [100.00%] @ "74835000"
// RTL Simulation : 250 / 600 [100.00%] @ "75135000"
// RTL Simulation : 251 / 600 [100.00%] @ "75435000"
// RTL Simulation : 252 / 600 [100.00%] @ "75735000"
// RTL Simulation : 253 / 600 [100.00%] @ "76035000"
// RTL Simulation : 254 / 600 [100.00%] @ "76335000"
// RTL Simulation : 255 / 600 [100.00%] @ "76635000"
// RTL Simulation : 256 / 600 [100.00%] @ "76935000"
// RTL Simulation : 257 / 600 [100.00%] @ "77235000"
// RTL Simulation : 258 / 600 [100.00%] @ "77535000"
// RTL Simulation : 259 / 600 [100.00%] @ "77835000"
// RTL Simulation : 260 / 600 [100.00%] @ "78135000"
// RTL Simulation : 261 / 600 [100.00%] @ "78435000"
// RTL Simulation : 262 / 600 [100.00%] @ "78735000"
// RTL Simulation : 263 / 600 [100.00%] @ "79035000"
// RTL Simulation : 264 / 600 [100.00%] @ "79335000"
// RTL Simulation : 265 / 600 [100.00%] @ "79635000"
// RTL Simulation : 266 / 600 [100.00%] @ "79935000"
// RTL Simulation : 267 / 600 [100.00%] @ "80235000"
// RTL Simulation : 268 / 600 [100.00%] @ "80535000"
// RTL Simulation : 269 / 600 [100.00%] @ "80835000"
// RTL Simulation : 270 / 600 [100.00%] @ "81135000"
// RTL Simulation : 271 / 600 [100.00%] @ "81435000"
// RTL Simulation : 272 / 600 [100.00%] @ "81735000"
// RTL Simulation : 273 / 600 [100.00%] @ "82035000"
// RTL Simulation : 274 / 600 [100.00%] @ "82335000"
// RTL Simulation : 275 / 600 [100.00%] @ "82635000"
// RTL Simulation : 276 / 600 [100.00%] @ "82935000"
// RTL Simulation : 277 / 600 [100.00%] @ "83235000"
// RTL Simulation : 278 / 600 [100.00%] @ "83535000"
// RTL Simulation : 279 / 600 [100.00%] @ "83835000"
// RTL Simulation : 280 / 600 [100.00%] @ "84135000"
// RTL Simulation : 281 / 600 [100.00%] @ "84435000"
// RTL Simulation : 282 / 600 [100.00%] @ "84735000"
// RTL Simulation : 283 / 600 [100.00%] @ "85035000"
// RTL Simulation : 284 / 600 [100.00%] @ "85335000"
// RTL Simulation : 285 / 600 [100.00%] @ "85635000"
// RTL Simulation : 286 / 600 [100.00%] @ "85935000"
// RTL Simulation : 287 / 600 [100.00%] @ "86235000"
// RTL Simulation : 288 / 600 [100.00%] @ "86535000"
// RTL Simulation : 289 / 600 [100.00%] @ "86835000"
// RTL Simulation : 290 / 600 [100.00%] @ "87135000"
// RTL Simulation : 291 / 600 [100.00%] @ "87435000"
// RTL Simulation : 292 / 600 [100.00%] @ "87735000"
// RTL Simulation : 293 / 600 [100.00%] @ "88035000"
// RTL Simulation : 294 / 600 [100.00%] @ "88335000"
// RTL Simulation : 295 / 600 [100.00%] @ "88635000"
// RTL Simulation : 296 / 600 [100.00%] @ "88935000"
// RTL Simulation : 297 / 600 [100.00%] @ "89235000"
// RTL Simulation : 298 / 600 [100.00%] @ "89535000"
// RTL Simulation : 299 / 600 [100.00%] @ "89835000"
// RTL Simulation : 300 / 600 [100.00%] @ "90135000"
// RTL Simulation : 301 / 600 [100.00%] @ "90435000"
// RTL Simulation : 302 / 600 [100.00%] @ "90735000"
// RTL Simulation : 303 / 600 [100.00%] @ "91035000"
// RTL Simulation : 304 / 600 [100.00%] @ "91335000"
// RTL Simulation : 305 / 600 [100.00%] @ "91635000"
// RTL Simulation : 306 / 600 [100.00%] @ "91935000"
// RTL Simulation : 307 / 600 [100.00%] @ "92235000"
// RTL Simulation : 308 / 600 [100.00%] @ "92535000"
// RTL Simulation : 309 / 600 [100.00%] @ "92835000"
// RTL Simulation : 310 / 600 [100.00%] @ "93135000"
// RTL Simulation : 311 / 600 [100.00%] @ "93435000"
// RTL Simulation : 312 / 600 [100.00%] @ "93735000"
// RTL Simulation : 313 / 600 [100.00%] @ "94035000"
// RTL Simulation : 314 / 600 [100.00%] @ "94335000"
// RTL Simulation : 315 / 600 [100.00%] @ "94635000"
// RTL Simulation : 316 / 600 [100.00%] @ "94935000"
// RTL Simulation : 317 / 600 [100.00%] @ "95235000"
// RTL Simulation : 318 / 600 [100.00%] @ "95535000"
// RTL Simulation : 319 / 600 [100.00%] @ "95835000"
// RTL Simulation : 320 / 600 [100.00%] @ "96135000"
// RTL Simulation : 321 / 600 [100.00%] @ "96435000"
// RTL Simulation : 322 / 600 [100.00%] @ "96735000"
// RTL Simulation : 323 / 600 [100.00%] @ "97035000"
// RTL Simulation : 324 / 600 [100.00%] @ "97335000"
// RTL Simulation : 325 / 600 [100.00%] @ "97635000"
// RTL Simulation : 326 / 600 [100.00%] @ "97935000"
// RTL Simulation : 327 / 600 [100.00%] @ "98235000"
// RTL Simulation : 328 / 600 [100.00%] @ "98535000"
// RTL Simulation : 329 / 600 [100.00%] @ "98835000"
// RTL Simulation : 330 / 600 [100.00%] @ "99135000"
// RTL Simulation : 331 / 600 [100.00%] @ "99435000"
// RTL Simulation : 332 / 600 [100.00%] @ "99735000"
// RTL Simulation : 333 / 600 [100.00%] @ "100035000"
// RTL Simulation : 334 / 600 [100.00%] @ "100335000"
// RTL Simulation : 335 / 600 [100.00%] @ "100635000"
// RTL Simulation : 336 / 600 [100.00%] @ "100935000"
// RTL Simulation : 337 / 600 [100.00%] @ "101235000"
// RTL Simulation : 338 / 600 [100.00%] @ "101535000"
// RTL Simulation : 339 / 600 [100.00%] @ "101835000"
// RTL Simulation : 340 / 600 [100.00%] @ "102135000"
// RTL Simulation : 341 / 600 [100.00%] @ "102435000"
// RTL Simulation : 342 / 600 [100.00%] @ "102735000"
// RTL Simulation : 343 / 600 [100.00%] @ "103035000"
// RTL Simulation : 344 / 600 [100.00%] @ "103335000"
// RTL Simulation : 345 / 600 [100.00%] @ "103635000"
// RTL Simulation : 346 / 600 [100.00%] @ "103935000"
// RTL Simulation : 347 / 600 [100.00%] @ "104235000"
// RTL Simulation : 348 / 600 [100.00%] @ "104535000"
// RTL Simulation : 349 / 600 [100.00%] @ "104835000"
// RTL Simulation : 350 / 600 [100.00%] @ "105135000"
// RTL Simulation : 351 / 600 [100.00%] @ "105435000"
// RTL Simulation : 352 / 600 [100.00%] @ "105735000"
// RTL Simulation : 353 / 600 [100.00%] @ "106035000"
// RTL Simulation : 354 / 600 [100.00%] @ "106335000"
// RTL Simulation : 355 / 600 [100.00%] @ "106635000"
// RTL Simulation : 356 / 600 [100.00%] @ "106935000"
// RTL Simulation : 357 / 600 [100.00%] @ "107235000"
// RTL Simulation : 358 / 600 [100.00%] @ "107535000"
// RTL Simulation : 359 / 600 [100.00%] @ "107835000"
// RTL Simulation : 360 / 600 [100.00%] @ "108135000"
// RTL Simulation : 361 / 600 [100.00%] @ "108435000"
// RTL Simulation : 362 / 600 [100.00%] @ "108735000"
// RTL Simulation : 363 / 600 [100.00%] @ "109035000"
// RTL Simulation : 364 / 600 [100.00%] @ "109335000"
// RTL Simulation : 365 / 600 [100.00%] @ "109635000"
// RTL Simulation : 366 / 600 [100.00%] @ "109935000"
// RTL Simulation : 367 / 600 [100.00%] @ "110235000"
// RTL Simulation : 368 / 600 [100.00%] @ "110535000"
// RTL Simulation : 369 / 600 [100.00%] @ "110835000"
// RTL Simulation : 370 / 600 [100.00%] @ "111135000"
// RTL Simulation : 371 / 600 [100.00%] @ "111435000"
// RTL Simulation : 372 / 600 [100.00%] @ "111735000"
// RTL Simulation : 373 / 600 [100.00%] @ "112035000"
// RTL Simulation : 374 / 600 [100.00%] @ "112335000"
// RTL Simulation : 375 / 600 [100.00%] @ "112635000"
// RTL Simulation : 376 / 600 [100.00%] @ "112935000"
// RTL Simulation : 377 / 600 [100.00%] @ "113235000"
// RTL Simulation : 378 / 600 [100.00%] @ "113535000"
// RTL Simulation : 379 / 600 [100.00%] @ "113835000"
// RTL Simulation : 380 / 600 [100.00%] @ "114135000"
// RTL Simulation : 381 / 600 [100.00%] @ "114435000"
// RTL Simulation : 382 / 600 [100.00%] @ "114735000"
// RTL Simulation : 383 / 600 [100.00%] @ "115035000"
// RTL Simulation : 384 / 600 [100.00%] @ "115335000"
// RTL Simulation : 385 / 600 [100.00%] @ "115635000"
// RTL Simulation : 386 / 600 [100.00%] @ "115935000"
// RTL Simulation : 387 / 600 [100.00%] @ "116235000"
// RTL Simulation : 388 / 600 [100.00%] @ "116535000"
// RTL Simulation : 389 / 600 [100.00%] @ "116835000"
// RTL Simulation : 390 / 600 [100.00%] @ "117135000"
// RTL Simulation : 391 / 600 [100.00%] @ "117435000"
// RTL Simulation : 392 / 600 [100.00%] @ "117735000"
// RTL Simulation : 393 / 600 [100.00%] @ "118035000"
// RTL Simulation : 394 / 600 [100.00%] @ "118335000"
// RTL Simulation : 395 / 600 [100.00%] @ "118635000"
// RTL Simulation : 396 / 600 [100.00%] @ "118935000"
// RTL Simulation : 397 / 600 [100.00%] @ "119235000"
// RTL Simulation : 398 / 600 [100.00%] @ "119535000"
// RTL Simulation : 399 / 600 [100.00%] @ "119835000"
// RTL Simulation : 400 / 600 [100.00%] @ "120135000"
// RTL Simulation : 401 / 600 [100.00%] @ "120435000"
// RTL Simulation : 402 / 600 [100.00%] @ "120735000"
// RTL Simulation : 403 / 600 [100.00%] @ "121035000"
// RTL Simulation : 404 / 600 [100.00%] @ "121335000"
// RTL Simulation : 405 / 600 [100.00%] @ "121635000"
// RTL Simulation : 406 / 600 [100.00%] @ "121935000"
// RTL Simulation : 407 / 600 [100.00%] @ "122235000"
// RTL Simulation : 408 / 600 [100.00%] @ "122535000"
// RTL Simulation : 409 / 600 [100.00%] @ "122835000"
// RTL Simulation : 410 / 600 [100.00%] @ "123135000"
// RTL Simulation : 411 / 600 [100.00%] @ "123435000"
// RTL Simulation : 412 / 600 [100.00%] @ "123735000"
// RTL Simulation : 413 / 600 [100.00%] @ "124035000"
// RTL Simulation : 414 / 600 [100.00%] @ "124335000"
// RTL Simulation : 415 / 600 [100.00%] @ "124635000"
// RTL Simulation : 416 / 600 [100.00%] @ "124935000"
// RTL Simulation : 417 / 600 [100.00%] @ "125235000"
// RTL Simulation : 418 / 600 [100.00%] @ "125535000"
// RTL Simulation : 419 / 600 [100.00%] @ "125835000"
// RTL Simulation : 420 / 600 [100.00%] @ "126135000"
// RTL Simulation : 421 / 600 [100.00%] @ "126435000"
// RTL Simulation : 422 / 600 [100.00%] @ "126735000"
// RTL Simulation : 423 / 600 [100.00%] @ "127035000"
// RTL Simulation : 424 / 600 [100.00%] @ "127335000"
// RTL Simulation : 425 / 600 [100.00%] @ "127635000"
// RTL Simulation : 426 / 600 [100.00%] @ "127935000"
// RTL Simulation : 427 / 600 [100.00%] @ "128235000"
// RTL Simulation : 428 / 600 [100.00%] @ "128535000"
// RTL Simulation : 429 / 600 [100.00%] @ "128835000"
// RTL Simulation : 430 / 600 [100.00%] @ "129135000"
// RTL Simulation : 431 / 600 [100.00%] @ "129435000"
// RTL Simulation : 432 / 600 [100.00%] @ "129735000"
// RTL Simulation : 433 / 600 [100.00%] @ "130035000"
// RTL Simulation : 434 / 600 [100.00%] @ "130335000"
// RTL Simulation : 435 / 600 [100.00%] @ "130635000"
// RTL Simulation : 436 / 600 [100.00%] @ "130935000"
// RTL Simulation : 437 / 600 [100.00%] @ "131235000"
// RTL Simulation : 438 / 600 [100.00%] @ "131535000"
// RTL Simulation : 439 / 600 [100.00%] @ "131835000"
// RTL Simulation : 440 / 600 [100.00%] @ "132135000"
// RTL Simulation : 441 / 600 [100.00%] @ "132435000"
// RTL Simulation : 442 / 600 [100.00%] @ "132735000"
// RTL Simulation : 443 / 600 [100.00%] @ "133035000"
// RTL Simulation : 444 / 600 [100.00%] @ "133335000"
// RTL Simulation : 445 / 600 [100.00%] @ "133635000"
// RTL Simulation : 446 / 600 [100.00%] @ "133935000"
// RTL Simulation : 447 / 600 [100.00%] @ "134235000"
// RTL Simulation : 448 / 600 [100.00%] @ "134535000"
// RTL Simulation : 449 / 600 [100.00%] @ "134835000"
// RTL Simulation : 450 / 600 [100.00%] @ "135135000"
// RTL Simulation : 451 / 600 [100.00%] @ "135435000"
// RTL Simulation : 452 / 600 [100.00%] @ "135735000"
// RTL Simulation : 453 / 600 [100.00%] @ "136035000"
// RTL Simulation : 454 / 600 [100.00%] @ "136335000"
// RTL Simulation : 455 / 600 [100.00%] @ "136635000"
// RTL Simulation : 456 / 600 [100.00%] @ "136935000"
// RTL Simulation : 457 / 600 [100.00%] @ "137235000"
// RTL Simulation : 458 / 600 [100.00%] @ "137535000"
// RTL Simulation : 459 / 600 [100.00%] @ "137835000"
// RTL Simulation : 460 / 600 [100.00%] @ "138135000"
// RTL Simulation : 461 / 600 [100.00%] @ "138435000"
// RTL Simulation : 462 / 600 [100.00%] @ "138735000"
// RTL Simulation : 463 / 600 [100.00%] @ "139035000"
// RTL Simulation : 464 / 600 [100.00%] @ "139335000"
// RTL Simulation : 465 / 600 [100.00%] @ "139635000"
// RTL Simulation : 466 / 600 [100.00%] @ "139935000"
// RTL Simulation : 467 / 600 [100.00%] @ "140235000"
// RTL Simulation : 468 / 600 [100.00%] @ "140535000"
// RTL Simulation : 469 / 600 [100.00%] @ "140835000"
// RTL Simulation : 470 / 600 [100.00%] @ "141135000"
// RTL Simulation : 471 / 600 [100.00%] @ "141435000"
// RTL Simulation : 472 / 600 [100.00%] @ "141735000"
// RTL Simulation : 473 / 600 [100.00%] @ "142035000"
// RTL Simulation : 474 / 600 [100.00%] @ "142335000"
// RTL Simulation : 475 / 600 [100.00%] @ "142635000"
// RTL Simulation : 476 / 600 [100.00%] @ "142935000"
// RTL Simulation : 477 / 600 [100.00%] @ "143235000"
// RTL Simulation : 478 / 600 [100.00%] @ "143535000"
// RTL Simulation : 479 / 600 [100.00%] @ "143835000"
// RTL Simulation : 480 / 600 [100.00%] @ "144135000"
// RTL Simulation : 481 / 600 [100.00%] @ "144435000"
// RTL Simulation : 482 / 600 [100.00%] @ "144735000"
// RTL Simulation : 483 / 600 [100.00%] @ "145035000"
// RTL Simulation : 484 / 600 [100.00%] @ "145335000"
// RTL Simulation : 485 / 600 [100.00%] @ "145635000"
// RTL Simulation : 486 / 600 [100.00%] @ "145935000"
// RTL Simulation : 487 / 600 [100.00%] @ "146235000"
// RTL Simulation : 488 / 600 [100.00%] @ "146535000"
// RTL Simulation : 489 / 600 [100.00%] @ "146835000"
// RTL Simulation : 490 / 600 [100.00%] @ "147135000"
// RTL Simulation : 491 / 600 [100.00%] @ "147435000"
// RTL Simulation : 492 / 600 [100.00%] @ "147735000"
// RTL Simulation : 493 / 600 [100.00%] @ "148035000"
// RTL Simulation : 494 / 600 [100.00%] @ "148335000"
// RTL Simulation : 495 / 600 [100.00%] @ "148635000"
// RTL Simulation : 496 / 600 [100.00%] @ "148935000"
// RTL Simulation : 497 / 600 [100.00%] @ "149235000"
// RTL Simulation : 498 / 600 [100.00%] @ "149535000"
// RTL Simulation : 499 / 600 [100.00%] @ "149835000"
// RTL Simulation : 500 / 600 [100.00%] @ "150135000"
// RTL Simulation : 501 / 600 [100.00%] @ "150435000"
// RTL Simulation : 502 / 600 [100.00%] @ "150735000"
// RTL Simulation : 503 / 600 [100.00%] @ "151035000"
// RTL Simulation : 504 / 600 [100.00%] @ "151335000"
// RTL Simulation : 505 / 600 [100.00%] @ "151635000"
// RTL Simulation : 506 / 600 [100.00%] @ "151935000"
// RTL Simulation : 507 / 600 [100.00%] @ "152235000"
// RTL Simulation : 508 / 600 [100.00%] @ "152535000"
// RTL Simulation : 509 / 600 [100.00%] @ "152835000"
// RTL Simulation : 510 / 600 [100.00%] @ "153135000"
// RTL Simulation : 511 / 600 [100.00%] @ "153435000"
// RTL Simulation : 512 / 600 [100.00%] @ "153735000"
// RTL Simulation : 513 / 600 [100.00%] @ "154035000"
// RTL Simulation : 514 / 600 [100.00%] @ "154335000"
// RTL Simulation : 515 / 600 [100.00%] @ "154635000"
// RTL Simulation : 516 / 600 [100.00%] @ "154935000"
// RTL Simulation : 517 / 600 [100.00%] @ "155235000"
// RTL Simulation : 518 / 600 [100.00%] @ "155535000"
// RTL Simulation : 519 / 600 [100.00%] @ "155835000"
// RTL Simulation : 520 / 600 [100.00%] @ "156135000"
// RTL Simulation : 521 / 600 [100.00%] @ "156435000"
// RTL Simulation : 522 / 600 [100.00%] @ "156735000"
// RTL Simulation : 523 / 600 [100.00%] @ "157035000"
// RTL Simulation : 524 / 600 [100.00%] @ "157335000"
// RTL Simulation : 525 / 600 [100.00%] @ "157635000"
// RTL Simulation : 526 / 600 [100.00%] @ "157935000"
// RTL Simulation : 527 / 600 [100.00%] @ "158235000"
// RTL Simulation : 528 / 600 [100.00%] @ "158535000"
// RTL Simulation : 529 / 600 [100.00%] @ "158835000"
// RTL Simulation : 530 / 600 [100.00%] @ "159135000"
// RTL Simulation : 531 / 600 [100.00%] @ "159435000"
// RTL Simulation : 532 / 600 [100.00%] @ "159735000"
// RTL Simulation : 533 / 600 [100.00%] @ "160035000"
// RTL Simulation : 534 / 600 [100.00%] @ "160335000"
// RTL Simulation : 535 / 600 [100.00%] @ "160635000"
// RTL Simulation : 536 / 600 [100.00%] @ "160935000"
// RTL Simulation : 537 / 600 [100.00%] @ "161235000"
// RTL Simulation : 538 / 600 [100.00%] @ "161535000"
// RTL Simulation : 539 / 600 [100.00%] @ "161835000"
// RTL Simulation : 540 / 600 [100.00%] @ "162135000"
// RTL Simulation : 541 / 600 [100.00%] @ "162435000"
// RTL Simulation : 542 / 600 [100.00%] @ "162735000"
// RTL Simulation : 543 / 600 [100.00%] @ "163035000"
// RTL Simulation : 544 / 600 [100.00%] @ "163335000"
// RTL Simulation : 545 / 600 [100.00%] @ "163635000"
// RTL Simulation : 546 / 600 [100.00%] @ "163935000"
// RTL Simulation : 547 / 600 [100.00%] @ "164235000"
// RTL Simulation : 548 / 600 [100.00%] @ "164535000"
// RTL Simulation : 549 / 600 [100.00%] @ "164835000"
// RTL Simulation : 550 / 600 [100.00%] @ "165135000"
// RTL Simulation : 551 / 600 [100.00%] @ "165435000"
// RTL Simulation : 552 / 600 [100.00%] @ "165735000"
// RTL Simulation : 553 / 600 [100.00%] @ "166035000"
// RTL Simulation : 554 / 600 [100.00%] @ "166335000"
// RTL Simulation : 555 / 600 [100.00%] @ "166635000"
// RTL Simulation : 556 / 600 [100.00%] @ "166935000"
// RTL Simulation : 557 / 600 [100.00%] @ "167235000"
// RTL Simulation : 558 / 600 [100.00%] @ "167535000"
// RTL Simulation : 559 / 600 [100.00%] @ "167835000"
// RTL Simulation : 560 / 600 [100.00%] @ "168135000"
// RTL Simulation : 561 / 600 [100.00%] @ "168435000"
// RTL Simulation : 562 / 600 [100.00%] @ "168735000"
// RTL Simulation : 563 / 600 [100.00%] @ "169035000"
// RTL Simulation : 564 / 600 [100.00%] @ "169335000"
// RTL Simulation : 565 / 600 [100.00%] @ "169635000"
// RTL Simulation : 566 / 600 [100.00%] @ "169935000"
// RTL Simulation : 567 / 600 [100.00%] @ "170235000"
// RTL Simulation : 568 / 600 [100.00%] @ "170535000"
// RTL Simulation : 569 / 600 [100.00%] @ "170835000"
// RTL Simulation : 570 / 600 [100.00%] @ "171135000"
// RTL Simulation : 571 / 600 [100.00%] @ "171435000"
// RTL Simulation : 572 / 600 [100.00%] @ "171735000"
// RTL Simulation : 573 / 600 [100.00%] @ "172035000"
// RTL Simulation : 574 / 600 [100.00%] @ "172335000"
// RTL Simulation : 575 / 600 [100.00%] @ "172635000"
// RTL Simulation : 576 / 600 [100.00%] @ "172935000"
// RTL Simulation : 577 / 600 [100.00%] @ "173235000"
// RTL Simulation : 578 / 600 [100.00%] @ "173535000"
// RTL Simulation : 579 / 600 [100.00%] @ "173835000"
// RTL Simulation : 580 / 600 [100.00%] @ "174135000"
// RTL Simulation : 581 / 600 [100.00%] @ "174435000"
// RTL Simulation : 582 / 600 [100.00%] @ "174735000"
// RTL Simulation : 583 / 600 [100.00%] @ "175035000"
// RTL Simulation : 584 / 600 [100.00%] @ "175335000"
// RTL Simulation : 585 / 600 [100.00%] @ "175635000"
// RTL Simulation : 586 / 600 [100.00%] @ "175935000"
// RTL Simulation : 587 / 600 [100.00%] @ "176235000"
// RTL Simulation : 588 / 600 [100.00%] @ "176535000"
// RTL Simulation : 589 / 600 [100.00%] @ "176835000"
// RTL Simulation : 590 / 600 [100.00%] @ "177135000"
// RTL Simulation : 591 / 600 [100.00%] @ "177435000"
// RTL Simulation : 592 / 600 [100.00%] @ "177735000"
// RTL Simulation : 593 / 600 [100.00%] @ "178035000"
// RTL Simulation : 594 / 600 [100.00%] @ "178335000"
// RTL Simulation : 595 / 600 [100.00%] @ "178635000"
// RTL Simulation : 596 / 600 [100.00%] @ "178935000"
// RTL Simulation : 597 / 600 [100.00%] @ "179235000"
// RTL Simulation : 598 / 600 [100.00%] @ "179535000"
// RTL Simulation : 599 / 600 [100.00%] @ "179835000"
// RTL Simulation : 600 / 600 [100.00%] @ "180135000"
////////////////////////////////////////////////////////////////////////////////////
$finish called at time : 180195 ns : File "D:/code/pp4fpga/project1/fir11/solution1/sim/verilog/fir.autotb.v" Line 283
## quit
INFO: [Common 17-206] Exiting xsim at Mon Jan 22 16:42:57 2024...
